<?xml version="1.0" encoding="utf-8"?><testsuites name="pytest tests"><testsuite name="pytest" errors="0" failures="0" skipped="0" tests="6" time="0.576" timestamp="2026-06-25T03:40:45.750942+00:00" hostname="agent-env-94b750b6-548d-418b-b856-3b578efad766"><testcase classname="tests.test_attendance_push_targets" name="test_attendance_push_routing" time="0.010" /><testcase classname="tests.test_attendance_push_migration" name="test_send_attendance_notification_does_not_use_push_tokens_collection" time="0.004" /><testcase classname="tests.test_attendance_push_migration" name="test_qr_scan_teacher_branches_use_send_attendance_push" time="0.001" /><testcase classname="tests.test_attendance_push_migration" name="test_save_endpoints_schedule_push_in_background" time="0.001" /><testcase classname="tests.test_attendance_push_migration" name="test_send_fcm_to_devices_supports_data_only_kwarg" time="0.000" /><testcase classname="tests.test_attendance_push_migration" name="test_async_db_scenarios" time="0.068" /></testsuite></testsuites>