<?xml version="1.0" encoding="utf-8"?><testsuites name="pytest tests"><testsuite name="pytest" errors="0" failures="0" skipped="0" tests="7" time="3.701" timestamp="2026-05-19T04:41:59.210861+00:00" hostname="agent-env-58e565a4-ac67-4e21-9481-887407554a89"><testcase classname="backend.tests.test_exam_to_register_dynamic" name="test_01_ensure_custom_plantilla_active" time="0.652" /><testcase classname="backend.tests.test_exam_to_register_dynamic" name="test_02_register_availability_lists_dynamic_cols" time="0.055" /><testcase classname="backend.tests.test_exam_to_register_dynamic" name="test_03_create_exam_linked_to_dynamic" time="0.060" /><testcase classname="backend.tests.test_exam_to_register_dynamic" name="test_04_add_question_and_publish" time="0.106" /><testcase classname="backend.tests.test_exam_to_register_dynamic" name="test_05_student_submits" time="0.609" /><testcase classname="backend.tests.test_exam_to_register_dynamic" name="test_06_grade_in_grades_dynamic" time="2.113" /><testcase classname="backend.tests.test_exam_to_register_dynamic" name="test_07_cleanup_revert_to_system" time="0.054" /></testsuite></testsuites>