<?xml version="1.0" encoding="utf-8"?><testsuites name="pytest tests"><testsuite name="pytest" errors="0" failures="0" skipped="0" tests="5" time="3.454" timestamp="2026-05-19T04:28:53.168560+00:00" hostname="agent-env-58e565a4-ac67-4e21-9481-887407554a89"><testcase classname="backend.tests.test_exam_to_register_e2e" name="test_01_create_exam_linked_to_register" time="0.904" /><testcase classname="backend.tests.test_exam_to_register_e2e" name="test_02_add_questions" time="0.053" /><testcase classname="backend.tests.test_exam_to_register_e2e" name="test_03_publish_exam" time="0.052" /><testcase classname="backend.tests.test_exam_to_register_e2e" name="test_04_student_takes_exam" time="0.271" /><testcase classname="backend.tests.test_exam_to_register_e2e" name="test_05_grade_synced_to_register" time="2.112" /></testsuite></testsuites>