<?xml version="1.0" encoding="utf-8"?><testsuites name="pytest tests"><testsuite name="pytest" errors="0" failures="0" skipped="0" tests="4" time="2.209" timestamp="2026-06-12T20:50:41.596496+00:00" hostname="agent-env-8f1ea020-3dcd-4e64-bc53-e2fd03b75b9d"><testcase classname="backend.tests.test_exam_block" name="test_block_annuls_and_prevents_start" time="1.553" /><testcase classname="backend.tests.test_exam_block" name="test_student_list_shows_blocked" time="0.118" /><testcase classname="backend.tests.test_exam_block" name="test_eligible_students_marks_blocked" time="0.164" /><testcase classname="backend.tests.test_exam_block" name="test_unblock_removes_block" time="0.319" /></testsuite></testsuites>