<?xml version="1.0" encoding="utf-8"?><testsuites name="pytest tests"><testsuite name="pytest" errors="0" failures="0" skipped="0" tests="10" time="1.296" timestamp="2026-06-25T00:03:23.067256+00:00" hostname="agent-env-94b750b6-548d-418b-b856-3b578efad766"><testcase classname="tests.test_fcm_auth_config.TestFcmConfig" name="test_service_account_file_present" time="0.000" /><testcase classname="tests.test_fcm_auth_config.TestFcmConfig" name="test_load_sa_info_returns_dict" time="0.000" /><testcase classname="tests.test_fcm_auth_config.TestFcmConfig" name="test_resolve_project_id_is_edunet" time="0.000" /><testcase classname="tests.test_fcm_auth_config.TestFcmConfig" name="test_is_configured_true" time="0.000" /><testcase classname="tests.test_fcm_auth_config.TestFcmConfig" name="test_fcm_endpoint_url" time="0.000" /><testcase classname="tests.test_fcm_auth_config.TestFcmOAuthToken" name="test_get_credentials_returns_object" time="0.050" /><testcase classname="tests.test_fcm_auth_config.TestFcmOAuthToken" name="test_get_access_token_non_empty" time="0.152" /><testcase classname="tests.test_fcm_auth_config.TestFirebaseAdminDryRun" name="test_firebase_admin_app_initializes" time="0.049" /><testcase classname="tests.test_fcm_auth_config.TestFirebaseAdminDryRun" name="test_dry_run_send_auth_ok" time="0.242" /><testcase classname="tests.test_fcm_auth_config.TestSupportTestPushEndpoint" name="test_endpoint_reachable" time="0.397" /></testsuite></testsuites>