<?xml version="1.0" encoding="utf-8"?><testsuites name="pytest tests"><testsuite name="pytest" errors="0" failures="0" skipped="0" tests="4" time="1.650" timestamp="2026-05-22T17:55:47.276895+00:00" hostname="agent-env-b51fbed7-b10f-4920-b176-aec5ccedb747"><testcase classname="backend.tests.test_grades_participacion_kp_tg_p_persist" name="test_register_endpoint_returns_legacy_field_map" time="0.345" /><testcase classname="backend.tests.test_grades_participacion_kp_tg_p_persist" name="test_kp_tg_p_persist_in_part_exp_tg_p" time="0.301" /><testcase classname="backend.tests.test_grades_participacion_kp_tg_p_persist" name="test_regression_p1_p2_p3_still_persist" time="0.495" /><testcase classname="backend.tests.test_grades_participacion_kp_tg_p_persist" name="test_all_six_participations_persist_and_final_grade_computed" time="0.325" /></testsuite></testsuites>