<?xml version="1.0" encoding="utf-8"?><testsuites name="pytest tests"><testsuite name="pytest" errors="0" failures="0" skipped="0" tests="8" time="1.604" timestamp="2026-06-19T14:33:08.520971+00:00" hostname="agent-env-94b750b6-548d-418b-b856-3b578efad766"><testcase classname="tests.test_daily_teacher_attendance" name="test_hhmm_to_minutes" time="0.000" /><testcase classname="tests.test_daily_teacher_attendance" name="test_initials" time="0.000" /><testcase classname="tests.test_daily_teacher_attendance" name="test_tolerancia_constante" time="0.000" /><testcase classname="tests.test_daily_teacher_attendance" name="test_endpoint_structure_and_states" time="0.337" /><testcase classname="tests.test_daily_teacher_attendance" name="test_admin_daily_endpoint_structure" time="0.277" /><testcase classname="tests.test_daily_teacher_attendance" name="test_student_daily_endpoint_structure" time="0.277" /><testcase classname="tests.test_daily_teacher_attendance" name="test_student_daily_requires_section" time="0.274" /><testcase classname="tests.test_daily_teacher_attendance" name="test_status_based_estado_helper" time="0.000" /></testsuite></testsuites>