<?xml version="1.0" encoding="utf-8"?><testsuites name="pytest tests"><testsuite name="pytest" errors="0" failures="0" skipped="0" tests="6" time="1.649" timestamp="2026-06-24T20:51:18.718688+00:00" hostname="agent-env-94b750b6-548d-418b-b856-3b578efad766"><testcase classname="backend.tests.test_libreta_column_toggle.TestReportCardsSettings" name="test_get_settings_includes_flag_default_true" time="0.472" /><testcase classname="backend.tests.test_libreta_column_toggle.TestReportCardsSettings" name="test_put_settings_blocked_by_suspended_subscription" time="0.103" /><testcase classname="backend.tests.test_libreta_column_toggle.TestMisTutoriasBulk" name="test_bulk_returns_show_libreta_column_default_true" time="0.395" /><testcase classname="backend.tests.test_libreta_column_toggle.TestMisTutoriasBulk" name="test_bulk_reflects_false_when_db_flag_false" time="0.233" /><testcase classname="backend.tests.test_libreta_column_toggle.TestMisTutoriasBulk" name="test_settings_reflects_db_flag_false" time="0.120" /><testcase classname="backend.tests.test_libreta_column_toggle.TestMisTutoriasBulk" name="test_unset_restores_default_true" time="0.121" /></testsuite></testsuites>