<?xml version="1.0" encoding="utf-8"?><testsuites name="pytest tests"><testsuite name="pytest" errors="0" failures="11" skipped="0" tests="12" time="2.915" timestamp="2026-05-19T03:48:16.239376+00:00" hostname="agent-env-58e565a4-ac67-4e21-9481-887407554a89"><testcase classname="backend.tests.test_task_submissions_multi_file.TestValidation" name="test_no_text_no_files_400" time="1.827" /><testcase classname="backend.tests.test_task_submissions_multi_file.TestValidation" name="test_too_many_files_400" time="0.173"><failure message="AssertionError: {&quot;detail&quot;:[{&quot;type&quot;:&quot;list_type&quot;,&quot;loc&quot;:[&quot;body&quot;,&quot;files&quot;],&quot;msg&quot;:&quot;Input should be a valid list&quot;,&quot;input&quot;:{&quot;filename&quot;:&quot;f20.txt&quot;,&quot;file&quot;:{&quot;_file&quot;:{},&quot;_max_size&quot;:1048576,&quot;_rolled&quot;:false,&quot;_TemporaryFileArgs&quot;:{&quot;mode&quot;:&quot;w+b&quot;,&quot;buffering&quot;:-1,&quot;suffix&quot;:null,&quot;prefix&quot;:null,&quot;encoding&quot;:null,&quot;newline&quot;:null,&quot;dir&quot;:null,&quot;errors&quot;:null}},&quot;size&quot;:11,&quot;headers&quot;:{&quot;content-disposition&quot;:&quot;form-data; name=\&quot;files\&quot;; filename=\&quot;f20.txt\&quot;&quot;,&quot;content-type&quot;:&quot;text/plain&quot;}},&quot;url&quot;:&quot;https://errors.pydantic.dev/2.12/v/list_type&quot;}]}&#10;assert 422 == 400&#10; +  where 422 = &lt;Response [422]&gt;.status_code">backend/tests/test_task_submissions_multi_file.py:129: in test_too_many_files_400
    assert r.status_code == 400, r.text
E   AssertionError: {"detail":[{"type":"list_type","loc":["body","files"],"msg":"Input should be a valid list","input":{"filename":"f20.txt","file":{"_file":{},"_max_size":1048576,"_rolled":false,"_TemporaryFileArgs":{"mode":"w+b","buffering":-1,"suffix":null,"prefix":null,"encoding":null,"newline":null,"dir":null,"errors":null}},"size":11,"headers":{"content-disposition":"form-data; name=\"files\"; filename=\"f20.txt\"","content-type":"text/plain"}},"url":"https://errors.pydantic.dev/2.12/v/list_type"}]}
E   assert 422 == 400
E    +  where 422 = &lt;Response [422]&gt;.status_code</failure></testcase><testcase classname="backend.tests.test_task_submissions_multi_file.TestSingleFileNewField" name="test_submit_single_file_new_field" time="0.124"><failure message="AssertionError: {&quot;detail&quot;:[{&quot;type&quot;:&quot;list_type&quot;,&quot;loc&quot;:[&quot;body&quot;,&quot;files&quot;],&quot;msg&quot;:&quot;Input should be a valid list&quot;,&quot;input&quot;:{&quot;filename&quot;:&quot;single.txt&quot;,&quot;file&quot;:{&quot;_file&quot;:{},&quot;_max_size&quot;:1048576,&quot;_rolled&quot;:false,&quot;_TemporaryFileArgs&quot;:{&quot;mode&quot;:&quot;w+b&quot;,&quot;buffering&quot;:-1,&quot;suffix&quot;:null,&quot;prefix&quot;:null,&quot;encoding&quot;:null,&quot;newline&quot;:null,&quot;dir&quot;:null,&quot;errors&quot;:null}},&quot;size&quot;:19,&quot;headers&quot;:{&quot;content-disposition&quot;:&quot;form-data; name=\&quot;files\&quot;; filename=\&quot;single.txt\&quot;&quot;,&quot;content-type&quot;:&quot;text/plain&quot;}},&quot;url&quot;:&quot;https://errors.pydantic.dev/2.12/v/list_type&quot;}]}&#10;assert 422 == 200&#10; +  where 422 = &lt;Response [422]&gt;.status_code">backend/tests/test_task_submissions_multi_file.py:142: in test_submit_single_file_new_field
    assert r.status_code == 200, r.text
E   AssertionError: {"detail":[{"type":"list_type","loc":["body","files"],"msg":"Input should be a valid list","input":{"filename":"single.txt","file":{"_file":{},"_max_size":1048576,"_rolled":false,"_TemporaryFileArgs":{"mode":"w+b","buffering":-1,"suffix":null,"prefix":null,"encoding":null,"newline":null,"dir":null,"errors":null}},"size":19,"headers":{"content-disposition":"form-data; name=\"files\"; filename=\"single.txt\"","content-type":"text/plain"}},"url":"https://errors.pydantic.dev/2.12/v/list_type"}]}
E   assert 422 == 200
E    +  where 422 = &lt;Response [422]&gt;.status_code</failure></testcase><testcase classname="backend.tests.test_task_submissions_multi_file.TestSingleFileNewField" name="test_get_submissions_after_single" time="0.155"><failure message="AssertionError: should have at least one submission&#10;assert []">backend/tests/test_task_submissions_multi_file.py:158: in test_get_submissions_after_single
    assert subs, "should have at least one submission"
E   AssertionError: should have at least one submission
E   assert []</failure></testcase><testcase classname="backend.tests.test_task_submissions_multi_file.TestMultipleFiles" name="test_submit_three_files_replaces" time="0.131"><failure message="AssertionError: {&quot;detail&quot;:[{&quot;type&quot;:&quot;list_type&quot;,&quot;loc&quot;:[&quot;body&quot;,&quot;files&quot;],&quot;msg&quot;:&quot;Input should be a valid list&quot;,&quot;input&quot;:{&quot;filename&quot;:&quot;doc3.txt&quot;,&quot;file&quot;:{&quot;_file&quot;:{},&quot;_max_size&quot;:1048576,&quot;_rolled&quot;:false,&quot;_TemporaryFileArgs&quot;:{&quot;mode&quot;:&quot;w+b&quot;,&quot;buffering&quot;:-1,&quot;suffix&quot;:null,&quot;prefix&quot;:null,&quot;encoding&quot;:null,&quot;newline&quot;:null,&quot;dir&quot;:null,&quot;errors&quot;:null}},&quot;size&quot;:25,&quot;headers&quot;:{&quot;content-disposition&quot;:&quot;form-data; name=\&quot;files\&quot;; filename=\&quot;doc3.txt\&quot;&quot;,&quot;content-type&quot;:&quot;text/plain&quot;}},&quot;url&quot;:&quot;https://errors.pydantic.dev/2.12/v/list_type&quot;}]}&#10;assert 422 == 200&#10; +  where 422 = &lt;Response [422]&gt;.status_code">backend/tests/test_task_submissions_multi_file.py:186: in test_submit_three_files_replaces
    assert r.status_code == 200, r.text
E   AssertionError: {"detail":[{"type":"list_type","loc":["body","files"],"msg":"Input should be a valid list","input":{"filename":"doc3.txt","file":{"_file":{},"_max_size":1048576,"_rolled":false,"_TemporaryFileArgs":{"mode":"w+b","buffering":-1,"suffix":null,"prefix":null,"encoding":null,"newline":null,"dir":null,"errors":null}},"size":25,"headers":{"content-disposition":"form-data; name=\"files\"; filename=\"doc3.txt\"","content-type":"text/plain"}},"url":"https://errors.pydantic.dev/2.12/v/list_type"}]}
E   assert 422 == 200
E    +  where 422 = &lt;Response [422]&gt;.status_code</failure></testcase><testcase classname="backend.tests.test_task_submissions_multi_file.TestMultipleFiles" name="test_get_submissions_three_files" time="0.150"><failure message="AssertionError: submission not found&#10;assert None">backend/tests/test_task_submissions_multi_file.py:204: in test_get_submissions_three_files
    assert sub, "submission not found"
E   AssertionError: submission not found
E   assert None</failure></testcase><testcase classname="backend.tests.test_task_submissions_multi_file.TestDownload" name="test_download_default_first" time="0.000"><failure message="KeyError: 'sub_id'">backend/tests/test_task_submissions_multi_file.py:220: in test_download_default_first
    f"{BASE_URL}/api/course/tasks/{ctx['task_id']}/submissions/{ctx['sub_id']}/download",
                                                                ^^^^^^^^^^^^^
E   KeyError: 'sub_id'</failure></testcase><testcase classname="backend.tests.test_task_submissions_multi_file.TestDownload" name="test_download_by_index_2" time="0.000"><failure message="KeyError: 'sub_id'">backend/tests/test_task_submissions_multi_file.py:229: in test_download_by_index_2
    f"{BASE_URL}/api/course/tasks/{ctx['task_id']}/submissions/{ctx['sub_id']}/download",
                                                                ^^^^^^^^^^^^^
E   KeyError: 'sub_id'</failure></testcase><testcase classname="backend.tests.test_task_submissions_multi_file.TestDownload" name="test_download_index_out_of_range_404" time="0.000"><failure message="KeyError: 'sub_id'">backend/tests/test_task_submissions_multi_file.py:238: in test_download_index_out_of_range_404
    f"{BASE_URL}/api/course/tasks/{ctx['task_id']}/submissions/{ctx['sub_id']}/download",
                                                                ^^^^^^^^^^^^^
E   KeyError: 'sub_id'</failure></testcase><testcase classname="backend.tests.test_task_submissions_multi_file.TestDownload" name="test_download_by_id" time="0.000"><failure message="KeyError: 'sub_id'">backend/tests/test_task_submissions_multi_file.py:247: in test_download_by_id
    f"{BASE_URL}/api/course/tasks/{ctx['task_id']}/submissions/{ctx['sub_id']}/download",
                                                                ^^^^^^^^^^^^^
E   KeyError: 'sub_id'</failure></testcase><testcase classname="backend.tests.test_task_submissions_multi_file.TestLegacyFileField" name="test_legacy_file_field" time="0.115"><failure message="AssertionError: {&quot;detail&quot;:&quot;No tienes una entrega para esta tarea&quot;}&#10;assert 404 in (200, 204)&#10; +  where 404 = &lt;Response [404]&gt;.status_code">backend/tests/test_task_submissions_multi_file.py:264: in test_legacy_file_field
    assert rdel.status_code in (200, 204), rdel.text
E   AssertionError: {"detail":"No tienes una entrega para esta tarea"}
E   assert 404 in (200, 204)
E    +  where 404 = &lt;Response [404]&gt;.status_code</failure></testcase><testcase classname="backend.tests.test_task_submissions_multi_file.TestRetract" name="test_retract_multi_file_submission" time="0.099"><failure message="AssertionError: {&quot;detail&quot;:[{&quot;type&quot;:&quot;list_type&quot;,&quot;loc&quot;:[&quot;body&quot;,&quot;files&quot;],&quot;msg&quot;:&quot;Input should be a valid list&quot;,&quot;input&quot;:{&quot;filename&quot;:&quot;b.txt&quot;,&quot;file&quot;:{&quot;_file&quot;:{},&quot;_max_size&quot;:1048576,&quot;_rolled&quot;:false,&quot;_TemporaryFileArgs&quot;:{&quot;mode&quot;:&quot;w+b&quot;,&quot;buffering&quot;:-1,&quot;suffix&quot;:null,&quot;prefix&quot;:null,&quot;encoding&quot;:null,&quot;newline&quot;:null,&quot;dir&quot;:null,&quot;errors&quot;:null}},&quot;size&quot;:1,&quot;headers&quot;:{&quot;content-disposition&quot;:&quot;form-data; name=\&quot;files\&quot;; filename=\&quot;b.txt\&quot;&quot;,&quot;content-type&quot;:&quot;text/plain&quot;}},&quot;url&quot;:&quot;https://errors.pydantic.dev/2.12/v/list_type&quot;}]}&#10;assert 422 == 200&#10; +  where 422 = &lt;Response [422]&gt;.status_code">backend/tests/test_task_submissions_multi_file.py:306: in test_retract_multi_file_submission
    assert r.status_code == 200, r.text
E   AssertionError: {"detail":[{"type":"list_type","loc":["body","files"],"msg":"Input should be a valid list","input":{"filename":"b.txt","file":{"_file":{},"_max_size":1048576,"_rolled":false,"_TemporaryFileArgs":{"mode":"w+b","buffering":-1,"suffix":null,"prefix":null,"encoding":null,"newline":null,"dir":null,"errors":null}},"size":1,"headers":{"content-disposition":"form-data; name=\"files\"; filename=\"b.txt\"","content-type":"text/plain"}},"url":"https://errors.pydantic.dev/2.12/v/list_type"}]}
E   assert 422 == 200
E    +  where 422 = &lt;Response [422]&gt;.status_code</failure></testcase></testsuite></testsuites>