<?xml version="1.0" encoding="utf-8"?><testsuites name="pytest tests"><testsuite name="pytest" errors="0" failures="0" skipped="0" tests="12" time="6.079" timestamp="2026-05-19T03:51:11.259080+00:00" hostname="agent-env-58e565a4-ac67-4e21-9481-887407554a89"><testcase classname="backend.tests.test_task_submissions_multi_file.TestValidation" name="test_no_text_no_files_400" time="1.560" /><testcase classname="backend.tests.test_task_submissions_multi_file.TestValidation" name="test_too_many_files_400" time="0.115" /><testcase classname="backend.tests.test_task_submissions_multi_file.TestSingleFileNewField" name="test_submit_single_file_new_field" time="0.653" /><testcase classname="backend.tests.test_task_submissions_multi_file.TestSingleFileNewField" name="test_get_submissions_after_single" time="0.104" /><testcase classname="backend.tests.test_task_submissions_multi_file.TestMultipleFiles" name="test_submit_three_files_replaces" time="1.191" /><testcase classname="backend.tests.test_task_submissions_multi_file.TestMultipleFiles" name="test_get_submissions_three_files" time="0.172" /><testcase classname="backend.tests.test_task_submissions_multi_file.TestDownload" name="test_download_default_first" time="0.129" /><testcase classname="backend.tests.test_task_submissions_multi_file.TestDownload" name="test_download_by_index_2" time="0.128" /><testcase classname="backend.tests.test_task_submissions_multi_file.TestDownload" name="test_download_index_out_of_range_404" time="0.113" /><testcase classname="backend.tests.test_task_submissions_multi_file.TestDownload" name="test_download_by_id" time="0.107" /><testcase classname="backend.tests.test_task_submissions_multi_file.TestLegacyFileField" name="test_legacy_file_field" time="0.675" /><testcase classname="backend.tests.test_task_submissions_multi_file.TestRetract" name="test_retract_multi_file_submission" time="1.072" /></testsuite></testsuites>