<?xml version="1.0" encoding="utf-8"?><testsuites name="pytest tests"><testsuite name="pytest" errors="0" failures="0" skipped="0" tests="8" time="3.812" timestamp="2026-03-06T21:40:05.936280+00:00" hostname="agent-env-906ecef4-cf95-4e90-bbcd-230078bd425d"><testcase classname="backend.tests.test_teacher_qr.TestTeacherQRFeature" name="test_generate_qr_endpoint_exists" time="0.486" /><testcase classname="backend.tests.test_teacher_qr.TestTeacherQRFeature" name="test_teachers_have_qr_tokens" time="0.403" /><testcase classname="backend.tests.test_teacher_qr.TestTeacherQRFeature" name="test_scan_accepts_teacher_qr" time="0.449" /><testcase classname="backend.tests.test_teacher_qr.TestTeacherQRFeature" name="test_scan_rejects_invalid_qr_type" time="0.403" /><testcase classname="backend.tests.test_teacher_qr.TestTeacherQRFeature" name="test_new_teacher_gets_qr_token" time="0.620" /><testcase classname="backend.tests.test_teacher_qr.TestTeacherQRFeature" name="test_teacher_qr_token_payload_structure" time="0.421" /><testcase classname="backend.tests.test_teacher_qr.TestTeacherVsStudentQR" name="test_student_and_teacher_qr_types_different" time="0.425" /><testcase classname="backend.tests.test_teacher_qr.TestTeacherVsStudentQR" name="test_scan_correctly_identifies_role" time="0.507" /></testsuite></testsuites>