<?xml version="1.0" encoding="utf-8"?><testsuites name="pytest tests"><testsuite name="pytest" errors="0" failures="0" skipped="0" tests="12" time="17.383" timestamp="2026-02-25T19:44:09.317689+00:00" hostname="agent-env-514de2c7-28ee-415a-8655-9527b233430b"><testcase classname="backend.tests.test_websocket_notifications.TestWebSocketNotifications" name="test_get_unread_count" time="0.467" /><testcase classname="backend.tests.test_websocket_notifications.TestWebSocketNotifications" name="test_get_all_notifications_structure" time="0.430" /><testcase classname="backend.tests.test_websocket_notifications.TestWebSocketNotifications" name="test_notifications_have_link_destino" time="0.446" /><testcase classname="backend.tests.test_websocket_notifications.TestWebSocketNotifications" name="test_test_push_endpoint" time="0.480" /><testcase classname="backend.tests.test_websocket_notifications.TestWebSocketNotifications" name="test_mark_notification_read" time="0.589" /><testcase classname="backend.tests.test_websocket_notifications.TestWebSocketNotifications" name="test_mark_all_as_read" time="0.539" /><testcase classname="backend.tests.test_websocket_notifications.TestWebSocketNotifications" name="test_notification_endpoints_require_auth" time="0.837" /><testcase classname="backend.tests.test_websocket_notifications.TestWebSocketConnection" name="test_websocket_connects_with_valid_token" time="0.725" /><testcase classname="backend.tests.test_websocket_notifications.TestWebSocketConnection" name="test_websocket_rejects_without_token" time="0.533" /><testcase classname="backend.tests.test_websocket_notifications.TestWebSocketConnection" name="test_websocket_rejects_invalid_token" time="0.607" /><testcase classname="backend.tests.test_websocket_notifications.TestWebSocketConnection" name="test_websocket_receives_push_notification" time="11.121" /><testcase classname="backend.tests.test_websocket_notifications.TestWebSocketBroadcastOnMessage" name="test_online_users_count_from_test_push" time="0.541" /></testsuite></testsuites>