<?xml version="1.0" encoding="utf-8"?><testsuites name="pytest tests"><testsuite name="pytest" errors="0" failures="1" skipped="0" tests="13" time="4.371" timestamp="2026-04-03T22:21:35.424647+00:00" hostname="agent-env-cb458b91-68a6-4ea1-bb8a-dbee799899e8"><testcase classname="backend.tests.test_omr_exams.TestOMRExamCreation" name="test_create_omr_exam_success" time="0.683" /><testcase classname="backend.tests.test_omr_exams.TestOMRExamCreation" name="test_create_omr_exam_without_dates" time="0.262" /><testcase classname="backend.tests.test_omr_exams.TestOMRExamCreation" name="test_create_omr_exam_validates_num_questions_range" time="0.314" /><testcase classname="backend.tests.test_omr_exams.TestOMRExamCreation" name="test_create_omr_exam_validates_options_range" time="0.228" /><testcase classname="backend.tests.test_omr_exams.TestDigitalExamStillWorks" name="test_create_digital_exam_requires_dates" time="0.150" /><testcase classname="backend.tests.test_omr_exams.TestDigitalExamStillWorks" name="test_create_digital_exam_success" time="0.228" /><testcase classname="backend.tests.test_omr_exams.TestAnswerKeyValidation" name="test_update_answer_key_success" time="0.478" /><testcase classname="backend.tests.test_omr_exams.TestAnswerKeyValidation" name="test_answer_key_length_validation" time="0.389" /><testcase classname="backend.tests.test_omr_exams.TestAnswerKeyValidation" name="test_answer_key_letter_validation" time="0.108"><failure message="assert 400 == 200&#10; +  where 400 = &lt;Response [400]&gt;.status_code">backend/tests/test_omr_exams.py:241: in test_answer_key_letter_validation
    assert create_resp.status_code == 200
E   assert 400 == 200
E    +  where 400 = &lt;Response [400]&gt;.status_code</failure></testcase><testcase classname="backend.tests.test_omr_exams.TestGetExamOMRFields" name="test_get_exam_returns_omr_fields" time="0.439" /><testcase classname="backend.tests.test_omr_exams.TestGetExamOMRFields" name="test_get_existing_omr_exam" time="0.099" /><testcase classname="backend.tests.test_omr_exams.TestListExamsBothTypes" name="test_list_exams_shows_both_types" time="0.548" /><testcase classname="backend.tests.test_omr_exams.TestAnswerKeyWithNulls" name="test_answer_key_allows_nulls" time="0.345" /></testsuite></testsuites>