<?xml version="1.0" encoding="utf-8"?><testsuites name="pytest tests"><testsuite name="pytest" errors="0" failures="0" skipped="0" tests="13" time="9.583" timestamp="2026-04-02T05:35:20.331575+00:00" hostname="agent-env-e7e13fed-51ce-4530-a124-4f9d2a44fe37"><testcase classname="backend.tests.test_health_permissions_v2.TestHealthPermissionsV2" name="test_get_health_permissions_owner" time="0.767" /><testcase classname="backend.tests.test_health_permissions_v2.TestHealthPermissionsV2" name="test_get_health_permissions_teacher" time="0.676" /><testcase classname="backend.tests.test_health_permissions_v2.TestHealthPermissionsV2" name="test_update_health_permissions_owner" time="0.651" /><testcase classname="backend.tests.test_health_permissions_v2.TestHealthPermissionsV2" name="test_update_health_permissions_teacher_denied" time="0.664" /><testcase classname="backend.tests.test_health_permissions_v2.TestHealthPermissionsV2" name="test_teacher_can_get_topico_when_switch_off" time="0.754" /><testcase classname="backend.tests.test_health_permissions_v2.TestHealthPermissionsV2" name="test_teacher_can_get_psicologia_when_switch_off" time="0.741" /><testcase classname="backend.tests.test_health_permissions_v2.TestHealthPermissionsV2" name="test_teacher_cannot_post_topico_when_switch_off" time="0.696" /><testcase classname="backend.tests.test_health_permissions_v2.TestHealthPermissionsV2" name="test_teacher_cannot_post_psicologia_when_switch_off" time="0.723" /><testcase classname="backend.tests.test_health_permissions_v2.TestHealthPermissionsV2" name="test_teacher_can_post_topico_when_switch_on" time="0.786" /><testcase classname="backend.tests.test_health_permissions_v2.TestHealthPermissionsV2" name="test_teacher_can_post_psicologia_when_switch_on" time="0.782" /><testcase classname="backend.tests.test_health_permissions_v2.TestHealthPermissionsV2" name="test_owner_can_post_topico_regardless_of_switches" time="0.812" /><testcase classname="backend.tests.test_health_permissions_v2.TestHealthPermissionsV2" name="test_owner_can_post_psicologia_regardless_of_switches" time="0.802" /><testcase classname="backend.tests.test_health_permissions_v2.TestHealthPermissionsV2" name="test_z_cleanup_reset_permissions" time="0.663" /></testsuite></testsuites>