<?xml version="1.0" encoding="utf-8"?><testsuites name="pytest tests"><testsuite name="pytest" errors="0" failures="0" skipped="0" tests="33" time="11.901" timestamp="2026-02-10T19:55:09.153495+00:00" hostname="agent-env-ea0728fc-1a21-42d6-a59e-efdb49390bb5"><testcase classname="backend.tests.test_surveys_module.TestSurveysModule" name="test_get_surveys_returns_list" time="0.339" /><testcase classname="backend.tests.test_surveys_module.TestSurveysModule" name="test_get_surveys_filter_by_status_draft" time="0.902" /><testcase classname="backend.tests.test_surveys_module.TestSurveysModule" name="test_get_surveys_filter_by_status_active" time="0.273" /><testcase classname="backend.tests.test_surveys_module.TestSurveysModule" name="test_get_surveys_filter_by_status_closed" time="0.283" /><testcase classname="backend.tests.test_surveys_module.TestSurveysModule" name="test_get_surveys_requires_auth" time="0.308" /><testcase classname="backend.tests.test_surveys_module.TestSurveysModule" name="test_create_survey_draft" time="0.336" /><testcase classname="backend.tests.test_surveys_module.TestSurveysModule" name="test_create_survey_active" time="0.324" /><testcase classname="backend.tests.test_surveys_module.TestSurveysModule" name="test_create_survey_with_target_roles" time="0.348" /><testcase classname="backend.tests.test_surveys_module.TestSurveysModule" name="test_create_survey_minimum_options" time="0.274" /><testcase classname="backend.tests.test_surveys_module.TestSurveysModule" name="test_create_survey_empty_options_filtered" time="0.331" /><testcase classname="backend.tests.test_surveys_module.TestSurveysModule" name="test_create_survey_includes_creator_info" time="0.282" /><testcase classname="backend.tests.test_surveys_module.TestSurveysModule" name="test_get_single_survey" time="0.376" /><testcase classname="backend.tests.test_surveys_module.TestSurveysModule" name="test_get_survey_not_found" time="0.355" /><testcase classname="backend.tests.test_surveys_module.TestSurveysModule" name="test_update_survey_question" time="0.393" /><testcase classname="backend.tests.test_surveys_module.TestSurveysModule" name="test_update_survey_options" time="0.325" /><testcase classname="backend.tests.test_surveys_module.TestSurveysModule" name="test_update_survey_status_to_active" time="0.343" /><testcase classname="backend.tests.test_surveys_module.TestSurveysModule" name="test_update_survey_target_roles" time="0.334" /><testcase classname="backend.tests.test_surveys_module.TestSurveysModule" name="test_update_survey_not_found" time="0.315" /><testcase classname="backend.tests.test_surveys_module.TestSurveysModule" name="test_close_survey" time="0.355" /><testcase classname="backend.tests.test_surveys_module.TestSurveysModule" name="test_close_already_closed_survey" time="0.388" /><testcase classname="backend.tests.test_surveys_module.TestSurveysModule" name="test_cannot_edit_closed_survey" time="0.391" /><testcase classname="backend.tests.test_surveys_module.TestSurveysModule" name="test_delete_survey" time="0.334" /><testcase classname="backend.tests.test_surveys_module.TestSurveysModule" name="test_delete_survey_not_found" time="0.273" /><testcase classname="backend.tests.test_surveys_module.TestSurveysModule" name="test_answer_survey" time="0.357" /><testcase classname="backend.tests.test_surveys_module.TestSurveysModule" name="test_answer_survey_invalid_option" time="0.337" /><testcase classname="backend.tests.test_surveys_module.TestSurveysModule" name="test_answer_survey_cannot_answer_draft" time="0.354" /><testcase classname="backend.tests.test_surveys_module.TestSurveysModule" name="test_answer_survey_cannot_answer_closed" time="0.347" /><testcase classname="backend.tests.test_surveys_module.TestSurveysModule" name="test_get_survey_results" time="0.333" /><testcase classname="backend.tests.test_surveys_module.TestSurveysModule" name="test_get_survey_results_with_answers" time="0.424" /><testcase classname="backend.tests.test_surveys_module.TestSurveysModule" name="test_get_survey_results_not_found" time="0.294" /><testcase classname="backend.tests.test_surveys_module.TestSurveysModule" name="test_full_survey_workflow" time="0.391" /><testcase classname="backend.tests.test_surveys_module.TestSurveysModule" name="test_survey_appears_in_filtered_list" time="0.331" /><testcase classname="backend.tests.test_surveys_module.TestSurveysModule" name="test_survey_response_count_updates" time="0.398" /></testsuite></testsuites>