<?xml version="1.0" encoding="utf-8"?><testsuites name="pytest tests"><testsuite name="pytest" errors="0" failures="0" skipped="0" tests="15" time="6.168" timestamp="2026-03-11T11:18:29.951553+00:00" hostname="agent-env-f0960c47-ec76-4124-9019-48aae9cc3ca0"><testcase classname="backend.tests.test_consolidated_report.TestConsolidatedReportEndpoints" name="test_consolidated_report_requires_authentication" time="0.567" /><testcase classname="backend.tests.test_consolidated_report.TestConsolidatedReportEndpoints" name="test_get_consolidated_report_returns_200" time="0.378" /><testcase classname="backend.tests.test_consolidated_report.TestConsolidatedReportEndpoints" name="test_consolidated_report_has_institutional_header" time="0.390" /><testcase classname="backend.tests.test_consolidated_report.TestConsolidatedReportEndpoints" name="test_consolidated_report_has_academic_context" time="0.382" /><testcase classname="backend.tests.test_consolidated_report.TestConsolidatedReportEndpoints" name="test_consolidated_report_has_subject_columns" time="0.397" /><testcase classname="backend.tests.test_consolidated_report.TestConsolidatedReportEndpoints" name="test_consolidated_report_has_student_rows" time="0.381" /><testcase classname="backend.tests.test_consolidated_report.TestConsolidatedReportEndpoints" name="test_consolidated_report_has_summary_columns" time="0.385" /><testcase classname="backend.tests.test_consolidated_report.TestConsolidatedReportEndpoints" name="test_student_grade_data_correct" time="0.374" /><testcase classname="backend.tests.test_consolidated_report.TestConsolidatedReportEndpoints" name="test_calculations_correct_for_student_with_grades" time="0.395" /><testcase classname="backend.tests.test_consolidated_report.TestConsolidatedReportEndpoints" name="test_consolidated_report_has_summary_stats" time="0.398" /><testcase classname="backend.tests.test_consolidated_report.TestConsolidatedReportEndpoints" name="test_summary_stats_values_correct" time="0.385" /><testcase classname="backend.tests.test_consolidated_report.TestConsolidatedReportEndpoints" name="test_excel_export_returns_xlsx_file" time="0.412" /><testcase classname="backend.tests.test_consolidated_report.TestConsolidatedReportEndpoints" name="test_excel_export_requires_authentication" time="0.483" /><testcase classname="backend.tests.test_consolidated_report.TestConsolidatedReportEndpoints" name="test_invalid_section_returns_404" time="0.373" /><testcase classname="backend.tests.test_consolidated_report.TestConsolidatedReportEndpoints" name="test_total_students_field" time="0.383" /></testsuite></testsuites>