<?xml version="1.0" encoding="utf-8"?><testsuites name="pytest tests"><testsuite name="pytest" errors="0" failures="0" skipped="0" tests="19" time="6.257" timestamp="2026-02-20T16:58:32.187478+00:00" hostname="agent-env-57771103-74f2-439b-b34c-2c05f0634c4c"><testcase classname="backend.tests.test_exam_schedules.TestExamSchedulesAPI" name="test_get_exam_schedules_requires_grade_id" time="0.660" /><testcase classname="backend.tests.test_exam_schedules.TestExamSchedulesAPI" name="test_get_exam_schedules_requires_section_id" time="0.147" /><testcase classname="backend.tests.test_exam_schedules.TestExamSchedulesAPI" name="test_get_exam_schedules_with_filters" time="0.212" /><testcase classname="backend.tests.test_exam_schedules.TestExamSchedulesAPI" name="test_get_exam_schedules_with_date_range" time="0.187" /><testcase classname="backend.tests.test_exam_schedules.TestExamSchedulesAPI" name="test_create_exam_requires_grade_id" time="0.428" /><testcase classname="backend.tests.test_exam_schedules.TestExamSchedulesAPI" name="test_create_exam_requires_section_id" time="0.156" /><testcase classname="backend.tests.test_exam_schedules.TestExamSchedulesAPI" name="test_create_exam_validates_grade_exists" time="0.129" /><testcase classname="backend.tests.test_exam_schedules.TestExamSchedulesAPI" name="test_create_exam_validates_section_exists" time="0.149" /><testcase classname="backend.tests.test_exam_schedules.TestExamSchedulesAPI" name="test_create_exam_success" time="0.269" /><testcase classname="backend.tests.test_exam_schedules.TestExamSchedulesAPI" name="test_section_conflict_validation" time="0.423" /><testcase classname="backend.tests.test_exam_schedules.TestExamSchedulesAPI" name="test_teacher_conflict_validation" time="0.733" /><testcase classname="backend.tests.test_exam_schedules.TestExamSchedulesAPI" name="test_student_exam_schedule_auto_filters" time="0.533" /><testcase classname="backend.tests.test_exam_schedules.TestExamSchedulesAPI" name="test_student_cannot_create_exam" time="0.121" /><testcase classname="backend.tests.test_exam_schedules.TestExamSchedulesAPI" name="test_admin_cannot_access_student_endpoint" time="0.156" /><testcase classname="backend.tests.test_exam_schedules.TestExamSchedulesAPI" name="test_exam_status_calculation" time="0.285" /><testcase classname="backend.tests.test_exam_schedules.TestExamSchedulesAPI" name="test_exam_response_includes_enriched_data" time="0.256" /><testcase classname="backend.tests.test_exam_schedules.TestExamSchedulesAPI" name="test_update_exam_schedule" time="0.420" /><testcase classname="backend.tests.test_exam_schedules.TestExamSchedulesAPI" name="test_delete_exam_schedule" time="0.399" /><testcase classname="backend.tests.test_exam_schedules.TestExamSchedulesCleanup" name="test_cleanup_test_exams" time="0.505" /></testsuite></testsuites>