<?xml version="1.0" encoding="utf-8"?><testsuites name="pytest tests"><testsuite name="pytest" errors="0" failures="0" skipped="0" tests="14" time="8.348" timestamp="2026-04-06T21:59:54.434779+00:00" hostname="agent-env-fa479522-0c94-4c3b-b70e-95622354cb60"><testcase classname="backend.tests.test_pae_phase2_registro.TestPAEPhase2Registro" name="test_01_dashboard_as_admin" time="0.501" /><testcase classname="backend.tests.test_pae_phase2_registro.TestPAEPhase2Registro" name="test_02_dashboard_as_auxiliar" time="0.385" /><testcase classname="backend.tests.test_pae_phase2_registro.TestPAEPhase2Registro" name="test_03_registro_invalid_qr" time="0.747" /><testcase classname="backend.tests.test_pae_phase2_registro.TestPAEPhase2Registro" name="test_04_registro_duplicate_returns_409" time="0.751" /><testcase classname="backend.tests.test_pae_phase2_registro.TestPAEPhase2Registro" name="test_05_registro_inactive_turno_returns_400" time="0.391" /><testcase classname="backend.tests.test_pae_phase2_registro.TestPAEPhase2Registro" name="test_06_get_registros_turno_as_auxiliar" time="0.700" /><testcase classname="backend.tests.test_pae_phase2_registro.TestPAEPhase2Registro" name="test_07_get_registros_turno_with_date_filter" time="0.727" /><testcase classname="backend.tests.test_pae_phase2_registro.TestPAEPhase2Registro" name="test_08_registros_dia_as_admin" time="0.388" /><testcase classname="backend.tests.test_pae_phase2_registro.TestPAEPhase2Registro" name="test_09_registros_dia_with_turno_filter" time="0.434" /><testcase classname="backend.tests.test_pae_phase2_registro.TestPAEPhase2Registro" name="test_10_registros_dia_as_auxiliar_denied" time="0.399" /><testcase classname="backend.tests.test_pae_phase2_registro.TestPAEPhase2Registro" name="test_11_qr_resolution_url_format" time="0.751" /><testcase classname="backend.tests.test_pae_phase2_registro.TestPAEPhase2Registro" name="test_12_qr_resolution_plain_id" time="0.771" /><testcase classname="backend.tests.test_pae_phase2_registro.TestPAEPhase2RoleAccess" name="test_auxiliar_can_access_scan_endpoints" time="0.587" /><testcase classname="backend.tests.test_pae_phase2_registro.TestPAEPhase2RoleAccess" name="test_admin_can_access_all_pae_endpoints" time="0.728" /></testsuite></testsuites>