<?xml version="1.0" encoding="utf-8"?><testsuites name="pytest tests"><testsuite name="pytest" errors="0" failures="0" skipped="0" tests="9" time="5.496" timestamp="2026-03-02T05:23:55.732838+00:00" hostname="agent-env-95f96b55-0240-4356-b64e-ddc66d9a2f9e"><testcase classname="backend.tests.test_pending_student_exclusion.TestPendingStudentExclusion" name="test_pending_student_login_blocked" time="0.786" /><testcase classname="backend.tests.test_pending_student_exclusion.TestPendingStudentExclusion" name="test_dashboard_metrics_excludes_pending" time="0.565" /><testcase classname="backend.tests.test_pending_student_exclusion.TestPendingStudentExclusion" name="test_attendance_students_excludes_pending" time="0.777" /><testcase classname="backend.tests.test_pending_student_exclusion.TestPendingStudentExclusion" name="test_teacher_students_excludes_pending" time="0.877" /><testcase classname="backend.tests.test_pending_student_exclusion.TestPendingStudentExclusion" name="test_users_api_includes_pending" time="0.467" /><testcase classname="backend.tests.test_pending_student_exclusion.TestPendingStudentExclusion" name="test_owner_stats_excludes_pending" time="0.581" /><testcase classname="backend.tests.test_pending_student_exclusion.TestPendingStudentLoginMessage" name="test_exact_spanish_message" time="0.350" /><testcase classname="backend.tests.test_pending_student_exclusion.TestPendingStudentLoginMessage" name="test_wrong_password_vs_pending_status" time="0.364" /><testcase classname="backend.tests.test_pending_student_exclusion.TestAccountingIncludesPending" name="test_accounting_payments_available_for_pending" time="0.661" /></testsuite></testsuites>