<?xml version="1.0" encoding="utf-8"?><testsuites name="pytest tests"><testsuite name="pytest" errors="0" failures="2" skipped="0" tests="13" time="4.279" timestamp="2026-02-10T18:27:37.132738+00:00" hostname="agent-env-3f9b07c5-0e52-4edf-aa3d-a229ee4561a2"><testcase classname="backend.tests.test_presence_module.TestPresenceEndpoints" name="test_heartbeat_success" time="0.390" /><testcase classname="backend.tests.test_presence_module.TestPresenceEndpoints" name="test_heartbeat_requires_auth" time="0.308" /><testcase classname="backend.tests.test_presence_module.TestPresenceEndpoints" name="test_get_presence_status" time="0.287" /><testcase classname="backend.tests.test_presence_module.TestPresenceEndpoints" name="test_presence_status_requires_auth" time="0.308" /><testcase classname="backend.tests.test_presence_module.TestPresenceEndpoints" name="test_mark_offline" time="0.334"><failure message="AssertionError: User should be offline after marking offline&#10;assert True == False">backend/tests/test_presence_module.py:129: in test_mark_offline
    assert presence_data[self.user_id]["is_online"] == False, "User should be offline after marking offline"
E   AssertionError: User should be offline after marking offline
E   assert True == False</failure></testcase><testcase classname="backend.tests.test_presence_module.TestPresenceEndpoints" name="test_mark_offline_requires_auth" time="0.305" /><testcase classname="backend.tests.test_presence_module.TestMessagesWithPresence" name="test_messages_users_includes_presence" time="0.286" /><testcase classname="backend.tests.test_presence_module.TestMessagesWithPresence" name="test_messages_users_online_first" time="0.286" /><testcase classname="backend.tests.test_presence_module.TestMessagesWithPresence" name="test_messages_chats_includes_presence" time="0.335" /><testcase classname="backend.tests.test_presence_module.TestMessagesWithPresence" name="test_chat_detail_includes_presence" time="0.348" /><testcase classname="backend.tests.test_presence_module.TestPresenceIntegration" name="test_heartbeat_updates_presence" time="0.323"><failure message="assert True == False">backend/tests/test_presence_module.py:316: in test_heartbeat_updates_presence
    assert presence_data[self.user_id]["is_online"] == False
E   assert True == False</failure></testcase><testcase classname="backend.tests.test_presence_module.TestPresenceIntegration" name="test_presence_reflected_in_messages_users" time="0.329" /><testcase classname="backend.tests.test_presence_module.TestPresenceIntegration" name="test_presence_reflected_in_chats" time="0.291" /></testsuite></testsuites>