<?xml version="1.0" encoding="utf-8"?><testsuites name="pytest tests"><testsuite name="pytest" errors="0" failures="0" skipped="0" tests="24" time="9.612" timestamp="2026-04-06T15:10:03.955801+00:00" hostname="agent-env-a6653c86-5e8b-4322-b5ba-e89420a489a0"><testcase classname="backend.tests.test_psychology_messages.TestPsychologyMessagesModule" name="test_01_psychologist_login" time="0.366" /><testcase classname="backend.tests.test_psychology_messages.TestPsychologyMessagesModule" name="test_02_get_unread_count" time="0.422" /><testcase classname="backend.tests.test_psychology_messages.TestPsychologyMessagesModule" name="test_03_list_conversations" time="0.433" /><testcase classname="backend.tests.test_psychology_messages.TestPsychologyMessagesModule" name="test_04_list_conversations_with_search" time="0.401" /><testcase classname="backend.tests.test_psychology_messages.TestPsychologyMessagesModule" name="test_05_get_student_parents" time="0.389" /><testcase classname="backend.tests.test_psychology_messages.TestPsychologyMessagesModule" name="test_06_get_student_parents_not_found" time="0.384" /><testcase classname="backend.tests.test_psychology_messages.TestPsychologyMessagesModule" name="test_07_send_message_to_parent" time="0.409" /><testcase classname="backend.tests.test_psychology_messages.TestPsychologyMessagesModule" name="test_08_send_message_invalid_parent" time="0.395" /><testcase classname="backend.tests.test_psychology_messages.TestPsychologyMessagesModule" name="test_09_get_conversation_messages" time="0.459" /><testcase classname="backend.tests.test_psychology_messages.TestPsychologyMessagesModule" name="test_10_mark_message_as_read" time="0.395" /><testcase classname="backend.tests.test_psychology_messages.TestPsychologyMessagesModule" name="test_11_list_templates" time="0.402" /><testcase classname="backend.tests.test_psychology_messages.TestPsychologyMessagesModule" name="test_12_list_templates_by_category" time="0.402" /><testcase classname="backend.tests.test_psychology_messages.TestPsychologyMessagesModule" name="test_13_create_template" time="0.421" /><testcase classname="backend.tests.test_psychology_messages.TestPsychologyMessagesModule" name="test_14_update_template" time="0.449" /><testcase classname="backend.tests.test_psychology_messages.TestPsychologyMessagesModule" name="test_15_update_template_not_owner" time="0.399" /><testcase classname="backend.tests.test_psychology_messages.TestPsychologyMessagesModule" name="test_16_delete_template" time="0.425" /><testcase classname="backend.tests.test_psychology_messages.TestPsychologyMessagesModule" name="test_17_delete_template_not_found" time="0.388" /><testcase classname="backend.tests.test_psychology_messages.TestPsychologyMessagesModule" name="test_18_parent_endpoints_require_parent_role" time="0.425" /><testcase classname="backend.tests.test_psychology_messages.TestPsychologyMessagesModule" name="test_19_parent_unread_count_requires_parent_role" time="0.399" /><testcase classname="backend.tests.test_psychology_messages.TestPsychologyMessagesModule" name="test_20_parent_reply_requires_parent_role" time="0.389" /><testcase classname="backend.tests.test_psychology_messages.TestPsychologyMessagesModule" name="test_21_unauthenticated_access_denied" time="0.146" /><testcase classname="backend.tests.test_psychology_messages.TestPsychologyMessagesModule" name="test_22_admin_cannot_access_psych_messages" time="0.431" /><testcase classname="backend.tests.test_psychology_messages.TestPsychologyMessagesModule" name="test_23_admin_cannot_send_psych_message" time="0.396" /><testcase classname="backend.tests.test_psychology_messages.TestPsychologyMessagesModule" name="test_24_admin_cannot_access_templates" time="0.399" /></testsuite></testsuites>