<?xml version="1.0" encoding="utf-8"?><testsuites name="pytest tests"><testsuite name="pytest" errors="0" failures="0" skipped="0" tests="14" time="2.879" timestamp="2026-04-11T13:21:28.610072+00:00" hostname="agent-env-6bd2e8d8-5c0e-476f-8c1e-df6e76af8e71"><testcase classname="backend.tests.test_pwa_installability.TestStaticFiles" name="test_service_worker_served" time="0.125" /><testcase classname="backend.tests.test_pwa_installability.TestStaticFiles" name="test_service_worker_has_firebase_imports" time="0.109" /><testcase classname="backend.tests.test_pwa_installability.TestStaticFiles" name="test_service_worker_has_fetch_handler" time="0.109" /><testcase classname="backend.tests.test_pwa_installability.TestStaticFiles" name="test_service_worker_has_background_message_handler" time="0.120" /><testcase classname="backend.tests.test_pwa_installability.TestStaticFiles" name="test_service_worker_version" time="0.099" /><testcase classname="backend.tests.test_pwa_installability.TestStaticFiles" name="test_firebase_messaging_sw_self_unregisters" time="0.101" /><testcase classname="backend.tests.test_pwa_installability.TestStaticFiles" name="test_manifest_json_served" time="0.102" /><testcase classname="backend.tests.test_pwa_installability.TestStaticFiles" name="test_manifest_has_icons" time="0.107" /><testcase classname="backend.tests.test_pwa_installability.TestStaticFiles" name="test_icon_192_exists" time="0.103" /><testcase classname="backend.tests.test_pwa_installability.TestStaticFiles" name="test_icon_512_exists" time="0.124" /><testcase classname="backend.tests.test_pwa_installability.TestNotificationAPIs" name="test_owner_login" time="0.345" /><testcase classname="backend.tests.test_pwa_installability.TestNotificationAPIs" name="test_register_device_endpoint" time="0.441" /><testcase classname="backend.tests.test_pwa_installability.TestNotificationAPIs" name="test_support_test_push_endpoint" time="0.473" /><testcase classname="backend.tests.test_pwa_installability.TestNotificationAPIs" name="test_get_notifications_all" time="0.453" /></testsuite></testsuites>