<?xml version="1.0" encoding="utf-8"?><testsuites name="pytest tests"><testsuite name="pytest" errors="0" failures="0" skipped="0" tests="18" time="9.493" timestamp="2026-02-23T13:03:44.662766+00:00" hostname="agent-env-6acc354a-8d6b-47c6-9057-3ab3b5e1676d"><testcase classname="backend.tests.test_parent_portal.TestParentAuthentication" name="test_parent_login_success" time="0.413" /><testcase classname="backend.tests.test_parent_portal.TestParentAuthentication" name="test_parent_login_invalid_credentials" time="0.327" /><testcase classname="backend.tests.test_parent_portal.TestParentProfile" name="test_get_parent_profile" time="0.448" /><testcase classname="backend.tests.test_parent_portal.TestParentProfile" name="test_parent_profile_requires_auth" time="0.121" /><testcase classname="backend.tests.test_parent_portal.TestParentStudents" name="test_get_parent_students" time="0.523" /><testcase classname="backend.tests.test_parent_portal.TestParentDashboard" name="test_get_dashboard_for_linked_student" time="0.445" /><testcase classname="backend.tests.test_parent_portal.TestParentDashboard" name="test_dashboard_requires_student_id" time="0.497" /><testcase classname="backend.tests.test_parent_portal.TestParentDashboard" name="test_dashboard_access_denied_for_unlinked_student" time="0.468" /><testcase classname="backend.tests.test_parent_portal.TestParentTasks" name="test_get_tasks_for_linked_student" time="0.480" /><testcase classname="backend.tests.test_parent_portal.TestParentTasks" name="test_tasks_filter_by_status" time="0.443" /><testcase classname="backend.tests.test_parent_portal.TestParentGrades" name="test_get_grades_for_linked_student" time="0.453" /><testcase classname="backend.tests.test_parent_portal.TestParentAttendance" name="test_get_attendance_for_linked_student" time="0.431" /><testcase classname="backend.tests.test_parent_portal.TestParentAttendance" name="test_attendance_filter_by_month" time="0.470" /><testcase classname="backend.tests.test_parent_portal.TestParentAccessControl" name="test_parent_cannot_access_unlinked_student_dashboard" time="0.442" /><testcase classname="backend.tests.test_parent_portal.TestParentAccessControl" name="test_parent_cannot_access_unlinked_student_tasks" time="0.477" /><testcase classname="backend.tests.test_parent_portal.TestParentAccessControl" name="test_parent_cannot_access_unlinked_student_grades" time="0.465" /><testcase classname="backend.tests.test_parent_portal.TestParentAccessControl" name="test_parent_cannot_access_unlinked_student_attendance" time="2.049" /><testcase classname="backend.tests.test_parent_portal.TestParentAccessControl" name="test_non_parent_cannot_access_parent_endpoints" time="0.453" /></testsuite></testsuites>