<?xml version="1.0" encoding="utf-8"?><testsuites name="pytest tests"><testsuite name="pytest" errors="0" failures="0" skipped="0" tests="16" time="3.169" timestamp="2026-03-11T05:07:09.524019+00:00" hostname="agent-env-0b80e326-3838-4c7f-8ca4-0fb8e18b33d5"><testcase classname="backend.tests.test_gradebook_registro_auxiliar.TestGetGradeRegister" name="test_get_register_returns_new_subfields" time="0.564" /><testcase classname="backend.tests.test_gradebook_registro_auxiliar.TestGetGradeRegister" name="test_get_register_returns_config_weights" time="0.116" /><testcase classname="backend.tests.test_gradebook_registro_auxiliar.TestGetGradeRegister" name="test_get_register_requires_auth" time="0.108" /><testcase classname="backend.tests.test_gradebook_registro_auxiliar.TestSaveGrades" name="test_save_all_subfields" time="0.319" /><testcase classname="backend.tests.test_gradebook_registro_auxiliar.TestSaveGrades" name="test_save_partial_subfields" time="0.108" /><testcase classname="backend.tests.test_gradebook_registro_auxiliar.TestSaveGrades" name="test_save_validates_grade_range_0_20" time="0.206" /><testcase classname="backend.tests.test_gradebook_registro_auxiliar.TestSaveGrades" name="test_save_requires_auth" time="0.126" /><testcase classname="backend.tests.test_gradebook_registro_auxiliar.TestFinalGradeCalculation" name="test_final_grade_weighted_formula" time="0.226" /><testcase classname="backend.tests.test_gradebook_registro_auxiliar.TestFinalGradeCalculation" name="test_final_grade_with_partial_data" time="0.210" /><testcase classname="backend.tests.test_gradebook_registro_auxiliar.TestLockUnlockPeriod" name="test_lock_period" time="0.214" /><testcase classname="backend.tests.test_gradebook_registro_auxiliar.TestLockUnlockPeriod" name="test_unlock_period" time="0.268" /><testcase classname="backend.tests.test_gradebook_registro_auxiliar.TestLockUnlockPeriod" name="test_lock_unlock_require_auth" time="0.203" /><testcase classname="backend.tests.test_gradebook_registro_auxiliar.TestAutosave" name="test_autosave_works" time="0.101" /><testcase classname="backend.tests.test_gradebook_registro_auxiliar.TestEvaluationConfig" name="test_get_eval_config" time="0.101" /><testcase classname="backend.tests.test_gradebook_registro_auxiliar.TestEvaluationConfig" name="test_get_config_requires_auth" time="0.107" /><testcase classname="backend.tests.test_gradebook_registro_auxiliar.TestCleanup" name="test_restore_original_grades" time="0.105" /></testsuite></testsuites>