<?xml version="1.0" encoding="utf-8"?><testsuites name="pytest tests"><testsuite name="pytest" errors="0" failures="0" skipped="0" tests="14" time="4.738" timestamp="2026-05-25T21:47:13.468373+00:00" hostname="agent-env-b51fbed7-b10f-4920-b176-aec5ccedb747"><testcase classname="backend.tests.test_broadcast_attachments.TestDriveStatus" name="test_drive_status_for_owner_not_connected" time="0.687" /><testcase classname="backend.tests.test_broadcast_attachments.TestDriveStatus" name="test_drive_status_unauthenticated" time="0.156" /><testcase classname="backend.tests.test_broadcast_attachments.TestUploadAttachment" name="test_owner_drive_not_connected_returns_409" time="0.121" /><testcase classname="backend.tests.test_broadcast_attachments.TestUploadAttachment" name="test_teacher_forbidden" time="0.523" /><testcase classname="backend.tests.test_broadcast_attachments.TestUploadAttachment" name="test_parent_forbidden" time="0.446" /><testcase classname="backend.tests.test_broadcast_attachments.TestUploadAttachment" name="test_unauthenticated_rejected" time="0.151" /><testcase classname="backend.tests.test_broadcast_attachments.TestUploadAttachment" name="test_empty_file_under_drive_disconnected_returns_409_not_400" time="0.104" /><testcase classname="backend.tests.test_broadcast_attachments.TestBroadcastWithAttachments" name="test_send_persists_attachments_in_db" time="1.651" /><testcase classname="backend.tests.test_broadcast_attachments.TestBroadcastWithAttachments" name="test_inbox_returns_attachments_for_recipient" time="0.132" /><testcase classname="backend.tests.test_broadcast_attachments.TestBroadcastWithAttachments" name="test_attachment_ref_pydantic_validation" time="0.115" /><testcase classname="backend.tests.test_broadcast_attachments.TestDownloadAttachmentPermissions" name="test_404_unknown_message" time="0.115" /><testcase classname="backend.tests.test_broadcast_attachments.TestDownloadAttachmentPermissions" name="test_404_known_message_unknown_file" time="0.113" /><testcase classname="backend.tests.test_broadcast_attachments.TestDownloadAttachmentPermissions" name="test_403_cross_school_user_blocked" time="0.110" /><testcase classname="backend.tests.test_broadcast_attachments.TestDownloadAttachmentPermissions" name="test_same_school_reaches_drive_layer" time="0.112" /></testsuite></testsuites>