<?xml version="1.0" encoding="utf-8"?><testsuites name="pytest tests"><testsuite name="pytest" errors="0" failures="0" skipped="0" tests="22" time="3.991" timestamp="2026-04-08T01:45:26.645478+00:00" hostname="agent-env-5058953a-a423-4838-b30c-c918ee762525"><testcase classname="backend.tests.test_reportes_fase3.TestReportesIncidenciasPorGrado" name="test_report_returns_200" time="0.623" /><testcase classname="backend.tests.test_reportes_fase3.TestReportesIncidenciasPorGrado" name="test_report_item_structure" time="0.131" /><testcase classname="backend.tests.test_reportes_fase3.TestReportesIncidenciasPorGrado" name="test_report_with_severidad_filter" time="0.120" /><testcase classname="backend.tests.test_reportes_fase3.TestReportesReincidentes" name="test_report_returns_200" time="0.119" /><testcase classname="backend.tests.test_reportes_fase3.TestReportesReincidentes" name="test_report_item_structure" time="0.121" /><testcase classname="backend.tests.test_reportes_fase3.TestReportesReincidentes" name="test_report_with_custom_umbral" time="0.114" /><testcase classname="backend.tests.test_reportes_fase3.TestReportesCoberturaCharlas" name="test_report_returns_200" time="0.132" /><testcase classname="backend.tests.test_reportes_fase3.TestReportesCoberturaCharlas" name="test_report_item_structure" time="0.131" /><testcase classname="backend.tests.test_reportes_fase3.TestReportesEfectividadSeguimientos" name="test_report_returns_200" time="0.110" /><testcase classname="backend.tests.test_reportes_fase3.TestReportesEfectividadSeguimientos" name="test_report_by_status_breakdown" time="0.421" /><testcase classname="backend.tests.test_reportes_fase3.TestExportXLSX" name="test_export_incidencias_xlsx" time="0.112" /><testcase classname="backend.tests.test_reportes_fase3.TestExportXLSX" name="test_export_cobertura_xlsx" time="0.118" /><testcase classname="backend.tests.test_reportes_fase3.TestExportPDF" name="test_export_reincidentes_pdf" time="0.198" /><testcase classname="backend.tests.test_reportes_fase3.TestExportPDF" name="test_export_efectividad_pdf" time="0.124" /><testcase classname="backend.tests.test_reportes_fase3.TestDashboardAlertasWidget" name="test_dashboard_returns_reincidentes" time="0.163" /><testcase classname="backend.tests.test_reportes_fase3.TestDashboardAlertasWidget" name="test_dashboard_kpis_present" time="0.144" /><testcase classname="backend.tests.test_reportes_fase3.TestRBACParentBlocked" name="test_parent_blocked_incidencias_por_grado" time="0.459" /><testcase classname="backend.tests.test_reportes_fase3.TestRBACParentBlocked" name="test_parent_blocked_reincidentes" time="0.110" /><testcase classname="backend.tests.test_reportes_fase3.TestRBACParentBlocked" name="test_parent_blocked_cobertura_charlas" time="0.110" /><testcase classname="backend.tests.test_reportes_fase3.TestRBACParentBlocked" name="test_parent_blocked_efectividad" time="0.118" /><testcase classname="backend.tests.test_reportes_fase3.TestRBACParentBlocked" name="test_parent_blocked_export" time="0.111" /><testcase classname="backend.tests.test_reportes_fase3.TestInvalidReportType" name="test_invalid_report_type_returns_400" time="0.114" /></testsuite></testsuites>