<?xml version="1.0" encoding="utf-8"?><testsuites name="pytest tests"><testsuite name="pytest" errors="0" failures="0" skipped="0" tests="13" time="3.702" timestamp="2026-02-13T07:28:26.174027+00:00" hostname="agent-env-7ffbc6a6-9f74-4bcf-b3a6-bdfad21626fa"><testcase classname="backend.tests.test_teacher_portal.TestTeacherAuthentication" name="test_teacher_login_success" time="0.350" /><testcase classname="backend.tests.test_teacher_portal.TestTeacherAuthentication" name="test_teacher_login_wrong_password" time="0.263" /><testcase classname="backend.tests.test_teacher_portal.TestTeacherProfile" name="test_get_teacher_profile" time="0.294" /><testcase classname="backend.tests.test_teacher_portal.TestTeacherProfile" name="test_profile_requires_auth" time="0.034" /><testcase classname="backend.tests.test_teacher_portal.TestTeacherDashboard" name="test_get_teacher_dashboard" time="0.301" /><testcase classname="backend.tests.test_teacher_portal.TestTeacherCourses" name="test_get_teacher_courses" time="0.294" /><testcase classname="backend.tests.test_teacher_portal.TestTeacherStudents" name="test_get_teacher_students" time="0.294" /><testcase classname="backend.tests.test_teacher_portal.TestTeacherAttendance" name="test_get_teacher_attendance" time="0.340" /><testcase classname="backend.tests.test_teacher_portal.TestMultiTenantSecurity" name="test_teacher_profile_returns_correct_school" time="0.288" /><testcase classname="backend.tests.test_teacher_portal.TestRoleBasedAccessControl" name="test_teacher_cannot_access_admin_users_list" time="0.288" /><testcase classname="backend.tests.test_teacher_portal.TestRoleBasedAccessControl" name="test_teacher_cannot_create_users" time="0.287" /><testcase classname="backend.tests.test_teacher_portal.TestRoleBasedAccessControl" name="test_admin_can_access_teacher_dashboard_returns_403" time="0.289" /><testcase classname="backend.tests.test_teacher_portal.TestTeacherTasks" name="test_get_teacher_tasks" time="0.329" /></testsuite></testsuites>