<?xml version="1.0" encoding="utf-8"?><testsuites name="pytest tests"><testsuite name="pytest" errors="0" failures="2" skipped="0" tests="13" time="82.884" timestamp="2026-02-13T19:32:16.830136+00:00" hostname="agent-env-83faf694-c94b-46a5-81fa-308ce3bc18f8"><testcase classname="backend.tests.test_clone_periods.TestClonePeriods" name="test_get_academic_years" time="0.888" /><testcase classname="backend.tests.test_clone_periods.TestClonePeriods" name="test_get_periods_for_year_2026" time="0.801" /><testcase classname="backend.tests.test_clone_periods.TestClonePeriods" name="test_clone_periods_to_empty_year" time="2.086" /><testcase classname="backend.tests.test_clone_periods.TestClonePeriods" name="test_clone_periods_to_year_with_existing_periods_fails" time="0.619" /><testcase classname="backend.tests.test_clone_periods.TestClonePeriods" name="test_clone_from_year_without_periods_fails" time="1.482" /><testcase classname="backend.tests.test_clone_periods.TestClonePeriods" name="test_clone_with_invalid_source_year_fails" time="0.686" /><testcase classname="backend.tests.test_clone_periods.TestClonePeriods" name="test_clone_with_invalid_target_year_fails" time="0.596" /><testcase classname="backend.tests.test_clone_periods.TestPeriodsCRUD" name="test_create_period" time="1.234" /><testcase classname="backend.tests.test_clone_periods.TestPeriodsCRUD" name="test_update_period" time="1.010"><failure message="KeyError: 'nombre'">backend/tests/test_clone_periods.py:302: in test_update_period
    assert updated["nombre"] == updated_name
           ^^^^^^^^^^^^^^^^^
E   KeyError: 'nombre'</failure></testcase><testcase classname="backend.tests.test_clone_periods.TestPeriodsCRUD" name="test_toggle_period_active" time="1.189"><failure message="KeyError: 'activo'">backend/tests/test_clone_periods.py:343: in test_toggle_period_active
    assert toggle_response.json()["activo"] == True
           ^^^^^^^^^^^^^^^^^^^^^^^^^^^^^^^^
E   KeyError: 'activo'</failure></testcase><testcase classname="backend.tests.test_clone_periods.TestPeriodsCRUD" name="test_delete_period" time="2.129" /><testcase classname="backend.tests.test_clone_periods.TestCreateYearWithClone" name="test_create_year_without_clone" time="69.451" /><testcase classname="backend.tests.test_clone_periods.TestCreateYearWithClone" name="test_years_with_periods_available_for_cloning" time="0.600" /></testsuite></testsuites>