<?xml version="1.0" encoding="utf-8"?><testsuites name="pytest tests"><testsuite name="pytest" errors="0" failures="0" skipped="0" tests="9" time="2.953" timestamp="2026-04-09T18:56:56.657549+00:00" hostname="agent-env-a1991d67-0e41-4369-b915-2312b4dbc187"><testcase classname="backend.tests.test_aux_asistencia.TestAuxAsistenciaAuth" name="test_aux_asistencia_login_success" time="0.368" /><testcase classname="backend.tests.test_aux_asistencia.TestAuxAsistenciaAuth" name="test_aux_asistencia_login_wrong_password" time="0.336" /><testcase classname="backend.tests.test_aux_asistencia.TestMyScansToday" name="test_my_scans_today_returns_valid_json" time="0.447" /><testcase classname="backend.tests.test_aux_asistencia.TestMyScansToday" name="test_my_scans_today_unauthorized" time="0.115" /><testcase classname="backend.tests.test_aux_asistencia.TestQRScanAccess" name="test_qr_scan_accessible_by_aux_asistencia" time="0.534" /><testcase classname="backend.tests.test_aux_asistencia.TestQRScanAccess" name="test_qr_scan_unauthorized" time="0.115" /><testcase classname="backend.tests.test_aux_asistencia.TestAdminNoRegression" name="test_admin_login_success" time="0.350" /><testcase classname="backend.tests.test_aux_asistencia.TestAdminNoRegression" name="test_admin_can_access_users_endpoint" time="0.470" /><testcase classname="backend.tests.test_aux_asistencia.TestAdminNoRegression" name="test_admin_can_access_attendance_endpoint" time="0.160" /></testsuite></testsuites>