<?xml version="1.0" encoding="utf-8"?><testsuites name="pytest tests"><testsuite name="pytest" errors="0" failures="1" skipped="0" tests="9" time="5.163" timestamp="2026-03-02T05:23:35.591089+00:00" hostname="agent-env-95f96b55-0240-4356-b64e-ddc66d9a2f9e"><testcase classname="backend.tests.test_pending_student_exclusion.TestPendingStudentExclusion" name="test_pending_student_login_blocked" time="0.719" /><testcase classname="backend.tests.test_pending_student_exclusion.TestPendingStudentExclusion" name="test_dashboard_metrics_excludes_pending" time="0.608" /><testcase classname="backend.tests.test_pending_student_exclusion.TestPendingStudentExclusion" name="test_attendance_students_excludes_pending" time="0.438"><failure message="AssertionError: Get grades failed: {&quot;detail&quot;:&quot;Not Found&quot;}&#10;assert 404 == 200&#10; +  where 404 = &lt;Response [404]&gt;.status_code">backend/tests/test_pending_student_exclusion.py:99: in test_attendance_students_excludes_pending
    assert grades_response.status_code == 200, f"Get grades failed: {grades_response.text}"
E   AssertionError: Get grades failed: {"detail":"Not Found"}
E   assert 404 == 200
E    +  where 404 = &lt;Response [404]&gt;.status_code</failure></testcase><testcase classname="backend.tests.test_pending_student_exclusion.TestPendingStudentExclusion" name="test_teacher_students_excludes_pending" time="1.011" /><testcase classname="backend.tests.test_pending_student_exclusion.TestPendingStudentExclusion" name="test_users_api_includes_pending" time="0.451" /><testcase classname="backend.tests.test_pending_student_exclusion.TestPendingStudentExclusion" name="test_owner_stats_excludes_pending" time="0.620" /><testcase classname="backend.tests.test_pending_student_exclusion.TestPendingStudentLoginMessage" name="test_exact_spanish_message" time="0.326" /><testcase classname="backend.tests.test_pending_student_exclusion.TestPendingStudentLoginMessage" name="test_wrong_password_vs_pending_status" time="0.340" /><testcase classname="backend.tests.test_pending_student_exclusion.TestAccountingIncludesPending" name="test_accounting_payments_available_for_pending" time="0.559" /></testsuite></testsuites>