<?xml version="1.0" encoding="utf-8"?><testsuites name="pytest tests"><testsuite name="pytest" errors="0" failures="0" skipped="0" tests="18" time="4.084" timestamp="2026-03-21T12:00:18.135076+00:00" hostname="agent-env-32597b39-efa2-405c-a767-3f39d0df9e28"><testcase classname="backend.tests.test_exam_register_linkage.TestAcademicPeriods" name="test_get_periods_returns_200" time="0.611" /><testcase classname="backend.tests.test_exam_register_linkage.TestAcademicPeriods" name="test_periods_returns_4_bimesters" time="0.134" /><testcase classname="backend.tests.test_exam_register_linkage.TestAcademicPeriods" name="test_periods_have_required_fields" time="0.117" /><testcase classname="backend.tests.test_exam_register_linkage.TestRegisterAvailability" name="test_availability_returns_200" time="0.102" /><testcase classname="backend.tests.test_exam_register_linkage.TestRegisterAvailability" name="test_availability_returns_5_slots" time="0.099" /><testcase classname="backend.tests.test_exam_register_linkage.TestRegisterAvailability" name="test_availability_slot_structure" time="0.114" /><testcase classname="backend.tests.test_exam_register_linkage.TestRegisterAvailability" name="test_availability_returns_register_status" time="0.115" /><testcase classname="backend.tests.test_exam_register_linkage.TestExamCreationWithLinkage" name="test_create_exam_without_linkage" time="0.228" /><testcase classname="backend.tests.test_exam_register_linkage.TestExamCreationWithLinkage" name="test_create_exam_with_em_linkage" time="0.231" /><testcase classname="backend.tests.test_exam_register_linkage.TestExamCreationWithLinkage" name="test_create_exam_with_participation_linkage" time="0.229" /><testcase classname="backend.tests.test_exam_register_linkage.TestExamCreationWithLinkage" name="test_create_exam_with_both_linkages" time="0.218" /><testcase classname="backend.tests.test_exam_register_linkage.TestConflictValidation" name="test_duplicate_register_type_returns_409" time="0.333" /><testcase classname="backend.tests.test_exam_register_linkage.TestConflictValidation" name="test_duplicate_participation_returns_409" time="0.341" /><testcase classname="backend.tests.test_exam_register_linkage.TestAvailabilityAfterAssignment" name="test_assigned_slot_shows_unavailable" time="0.398" /><testcase classname="backend.tests.test_exam_register_linkage.TestExamDeletion" name="test_delete_exam_frees_slot" time="0.405" /><testcase classname="backend.tests.test_exam_register_linkage.TestInvalidInputs" name="test_invalid_register_type_returns_400" time="0.110" /><testcase classname="backend.tests.test_exam_register_linkage.TestInvalidInputs" name="test_invalid_participation_returns_400" time="0.100" /><testcase classname="backend.tests.test_exam_register_linkage.TestInvalidInputs" name="test_linkage_without_period_returns_400" time="0.106" /></testsuite></testsuites>