<?xml version="1.0" encoding="utf-8"?><testsuites name="pytest tests"><testsuite name="pytest" errors="0" failures="0" skipped="0" tests="7" time="1.860" timestamp="2026-05-25T16:00:31.545713+00:00" hostname="agent-env-b51fbed7-b10f-4920-b176-aec5ccedb747"><testcase classname="backend.tests.test_libreta_respects_final_grade_manual.TestLibretaRespectsFinalGradeManual" name="test_health" time="0.164" /><testcase classname="backend.tests.test_libreta_respects_final_grade_manual.TestLibretaRespectsFinalGradeManual" name="test_libreta_returns_manual_when_final_grade_is_none" time="0.661" /><testcase classname="backend.tests.test_libreta_respects_final_grade_manual.TestLibretaRespectsFinalGradeManual" name="test_libreta_manual_beats_auto" time="0.131" /><testcase classname="backend.tests.test_libreta_respects_final_grade_manual.TestLibretaRespectsFinalGradeManual" name="test_libreta_auto_only_no_regression" time="0.144" /><testcase classname="backend.tests.test_libreta_respects_final_grade_manual.TestLibretaRespectsFinalGradeManual" name="test_promedios_reflect_manual_values" time="0.125" /><testcase classname="backend.tests.test_libreta_respects_final_grade_manual.TestLibretaRespectsFinalGradeManual" name="test_parity_with_consolidated_report" time="0.305" /><testcase classname="backend.tests.test_libreta_respects_final_grade_manual.TestLibretaRespectsFinalGradeManual" name="test_no_regression_for_dynamic_path" time="0.137" /></testsuite></testsuites>