<?xml version="1.0" encoding="utf-8"?><testsuites name="pytest tests"><testsuite name="pytest" errors="0" failures="0" skipped="1" tests="11" time="3.256" timestamp="2026-03-06T18:55:34.499616+00:00" hostname="agent-env-d6b38000-aa12-46dc-a9e8-2fd37b7bfa5e"><testcase classname="backend.tests.test_pending_imports.TestPendingImportsAPI" name="test_login_with_owner_credentials" time="0.374" /><testcase classname="backend.tests.test_pending_imports.TestPendingImportsAPI" name="test_get_pending_students_endpoint" time="0.472" /><testcase classname="backend.tests.test_pending_imports.TestPendingImportsAPI" name="test_get_pending_students_requires_auth" time="0.121" /><testcase classname="backend.tests.test_pending_imports.TestPendingImportsAPI" name="test_delete_pending_student_requires_auth" time="0.107" /><testcase classname="backend.tests.test_pending_imports.TestPendingImportsAPI" name="test_edit_pending_student_requires_auth" time="0.132" /><testcase classname="backend.tests.test_pending_imports.TestPendingImportsCRUD" name="test_delete_pending_student_if_exists" time="0.510" /><testcase classname="backend.tests.test_pending_imports.TestPendingImportsCRUD" name="test_delete_pending_student_not_found" time="0.108" /><testcase classname="backend.tests.test_pending_imports.TestPendingImportsCRUD" name="test_edit_pending_student_not_found" time="0.111" /><testcase classname="backend.tests.test_pending_imports.TestGenderNormalization" name="test_gender_normalization_values" time="0.334" /><testcase classname="backend.tests.test_pending_imports.TestPendingStudentWorkflow" name="test_pending_student_workflow" time="0.466" /><testcase classname="backend.tests.test_pending_imports.TestPendingStudentEditActivation" name="test_edit_validates_dni_uniqueness" time="0.464"><skipped type="pytest.skip" message="Student has no DNI">/app/backend/tests/test_pending_imports.py:292: Student has no DNI</skipped></testcase></testsuite></testsuites>