<?xml version="1.0" encoding="utf-8"?><testsuites name="pytest tests"><testsuite name="pytest" errors="0" failures="0" skipped="0" tests="6" time="4.943" timestamp="2026-04-11T12:50:05.990303+00:00" hostname="agent-env-6bd2e8d8-5c0e-476f-8c1e-df6e76af8e71"><testcase classname="backend.tests.test_owner_notifications.TestOwnerNotificationsBugFix" name="test_01_support_login" time="0.863" /><testcase classname="backend.tests.test_owner_notifications.TestOwnerNotificationsBugFix" name="test_02_owner_login" time="0.338" /><testcase classname="backend.tests.test_owner_notifications.TestOwnerNotificationsBugFix" name="test_03_register_device_endpoint_exists" time="0.384" /><testcase classname="backend.tests.test_owner_notifications.TestOwnerNotificationsBugFix" name="test_04_test_push_creates_notification_in_notifications_collection" time="0.939" /><testcase classname="backend.tests.test_owner_notifications.TestOwnerNotificationsBugFix" name="test_05_owner_can_see_test_push_notification" time="1.183" /><testcase classname="backend.tests.test_owner_notifications.TestOwnerNotificationsBugFix" name="test_06_notification_has_correct_school_id" time="1.177" /></testsuite></testsuites>