<?xml version="1.0" encoding="utf-8"?><testsuites name="pytest tests"><testsuite name="pytest" errors="0" failures="0" skipped="0" tests="18" time="5.571" timestamp="2026-04-07T23:13:17.013506+00:00" hostname="agent-env-6b981a60-0dd0-4b8d-a866-00bd2574240e"><testcase classname="backend.tests.test_coordinacion_phase2.TestCoordinacionPhase2" name="test_create_derivacion" time="1.074" /><testcase classname="backend.tests.test_coordinacion_phase2.TestCoordinacionPhase2" name="test_list_derivaciones" time="0.458" /><testcase classname="backend.tests.test_coordinacion_phase2.TestCoordinacionPhase2" name="test_get_derivacion_detail" time="0.120" /><testcase classname="backend.tests.test_coordinacion_phase2.TestCoordinacionPhase2" name="test_update_derivacion_status" time="0.240" /><testcase classname="backend.tests.test_coordinacion_phase2.TestCoordinacionPhase2" name="test_derivacion_notifications" time="0.136" /><testcase classname="backend.tests.test_coordinacion_phase2.TestCoordinacionPhase2" name="test_get_staff_by_area" time="0.338" /><testcase classname="backend.tests.test_coordinacion_phase2.TestCoordinacionPhase2" name="test_get_student_parents" time="0.115" /><testcase classname="backend.tests.test_coordinacion_phase2.TestCoordinacionPhase2" name="test_create_reunion" time="0.113" /><testcase classname="backend.tests.test_coordinacion_phase2.TestCoordinacionPhase2" name="test_list_reuniones" time="0.244" /><testcase classname="backend.tests.test_coordinacion_phase2.TestCoordinacionPhase2" name="test_get_reunion_detail" time="0.105" /><testcase classname="backend.tests.test_coordinacion_phase2.TestCoordinacionPhase2" name="test_confirm_reunion_public_endpoint" time="0.349" /><testcase classname="backend.tests.test_coordinacion_phase2.TestCoordinacionPhase2" name="test_confirm_reunion_invalid_token" time="0.115" /><testcase classname="backend.tests.test_coordinacion_phase2.TestCoordinacionPhase2" name="test_update_reunion" time="0.266" /><testcase classname="backend.tests.test_coordinacion_phase2.TestCoordinacionPhase2" name="test_incidencia_status_changes_on_derivacion" time="0.111" /><testcase classname="backend.tests.test_coordinacion_phase2.TestCoordinacionPhase2" name="test_create_reunion_with_incidencia" time="0.595" /><testcase classname="backend.tests.test_coordinacion_phase2.TestCoordinacionPhase2" name="test_users_list_includes_coordinators" time="0.464" /><testcase classname="backend.tests.test_coordinacion_phase2.TestCoordinacionPhase2" name="test_create_user_with_coordinator_role" time="0.117" /><testcase classname="backend.tests.test_coordinacion_phase2.TestCoordinacionPhase2" name="test_cleanup_test_data" time="0.550" /></testsuite></testsuites>