<?xml version="1.0" encoding="utf-8"?><testsuites name="pytest tests"><testsuite name="pytest" errors="0" failures="0" skipped="0" tests="29" time="9.759" timestamp="2026-02-10T18:57:37.828968+00:00" hostname="agent-env-3f9b07c5-0e52-4edf-aa3d-a229ee4561a2"><testcase classname="backend.tests.test_calendar_module.TestCalendarModule" name="test_01_get_event_types" time="0.386" /><testcase classname="backend.tests.test_calendar_module.TestCalendarModule" name="test_02_event_types_no_auth_required" time="0.312" /><testcase classname="backend.tests.test_calendar_module.TestCalendarModule" name="test_10_get_events_requires_auth" time="0.355" /><testcase classname="backend.tests.test_calendar_module.TestCalendarModule" name="test_11_get_events_basic" time="0.297" /><testcase classname="backend.tests.test_calendar_module.TestCalendarModule" name="test_12_get_events_with_date_filter" time="0.298" /><testcase classname="backend.tests.test_calendar_module.TestCalendarModule" name="test_13_get_events_with_type_filter" time="0.316" /><testcase classname="backend.tests.test_calendar_module.TestCalendarModule" name="test_14_get_events_combined_filters" time="0.291" /><testcase classname="backend.tests.test_calendar_module.TestCalendarModule" name="test_20_create_event_requires_auth" time="0.317" /><testcase classname="backend.tests.test_calendar_module.TestCalendarModule" name="test_21_create_event_basic" time="0.340" /><testcase classname="backend.tests.test_calendar_module.TestCalendarModule" name="test_22_create_event_with_time" time="0.299" /><testcase classname="backend.tests.test_calendar_module.TestCalendarModule" name="test_23_create_event_multi_day" time="0.300" /><testcase classname="backend.tests.test_calendar_module.TestCalendarModule" name="test_24_create_event_with_visibility" time="0.336" /><testcase classname="backend.tests.test_calendar_module.TestCalendarModule" name="test_25_create_event_validates_dates" time="0.283" /><testcase classname="backend.tests.test_calendar_module.TestCalendarModule" name="test_26_create_event_all_types" time="0.569" /><testcase classname="backend.tests.test_calendar_module.TestCalendarModule" name="test_27_create_event_custom_color" time="0.293" /><testcase classname="backend.tests.test_calendar_module.TestCalendarModule" name="test_30_update_event_requires_auth" time="0.335" /><testcase classname="backend.tests.test_calendar_module.TestCalendarModule" name="test_31_update_event_title" time="0.353" /><testcase classname="backend.tests.test_calendar_module.TestCalendarModule" name="test_32_update_event_type" time="0.347" /><testcase classname="backend.tests.test_calendar_module.TestCalendarModule" name="test_33_update_event_dates" time="0.372" /><testcase classname="backend.tests.test_calendar_module.TestCalendarModule" name="test_34_update_event_validates_dates" time="0.350" /><testcase classname="backend.tests.test_calendar_module.TestCalendarModule" name="test_35_update_nonexistent_event" time="0.281" /><testcase classname="backend.tests.test_calendar_module.TestCalendarModule" name="test_40_delete_event_requires_auth" time="0.316" /><testcase classname="backend.tests.test_calendar_module.TestCalendarModule" name="test_41_delete_event_success" time="0.340" /><testcase classname="backend.tests.test_calendar_module.TestCalendarModule" name="test_42_delete_nonexistent_event" time="0.280" /><testcase classname="backend.tests.test_calendar_module.TestCalendarModule" name="test_50_get_single_event" time="0.350" /><testcase classname="backend.tests.test_calendar_module.TestCalendarModule" name="test_51_get_single_event_not_found" time="0.288" /><testcase classname="backend.tests.test_calendar_module.TestCalendarModule" name="test_60_full_crud_workflow" time="0.374" /><testcase classname="backend.tests.test_calendar_module.TestCalendarModule" name="test_61_events_appear_in_list" time="0.391" /><testcase classname="backend.tests.test_calendar_module.TestCalendarModule" name="test_62_verify_existing_test_events" time="0.283" /></testsuite></testsuites>