<?xml version="1.0" encoding="utf-8"?><testsuites name="pytest tests"><testsuite name="pytest" errors="0" failures="0" skipped="0" tests="13" time="4.347" timestamp="2026-05-18T22:47:52.121468+00:00" hostname="agent-env-23a18649-5da5-4375-95b4-223292df2f9d"><testcase classname="backend.tests.test_task_register_linkage.TestGetSubmissionsExtended" name="test_get_submissions_includes_linkage_fields" time="0.477" /><testcase classname="backend.tests.test_task_register_linkage.TestGetSubmissionsExtended" name="test_get_submissions_requires_admin_or_teacher" time="0.492" /><testcase classname="backend.tests.test_task_register_linkage.TestPutRegisterLinkage" name="test_idempotent_same_values" time="0.315" /><testcase classname="backend.tests.test_task_register_linkage.TestPutRegisterLinkage" name="test_invalid_column_returns_400" time="0.138" /><testcase classname="backend.tests.test_task_register_linkage.TestPutRegisterLinkage" name="test_active_period_fallback" time="0.162" /><testcase classname="backend.tests.test_task_register_linkage.TestPutRegisterLinkage" name="test_requires_admin_or_teacher" time="0.115" /><testcase classname="backend.tests.test_task_register_linkage.TestPutRegisterLinkage" name="test_conflict_with_another_task_same_slot" time="0.484" /><testcase classname="backend.tests.test_task_register_linkage.TestPutRegisterLinkage" name="test_unlink_with_null_column" time="0.509" /><testcase classname="backend.tests.test_task_register_linkage.TestPutRegisterLinkage" name="test_resync_count_matches_graded_submissions" time="0.236" /><testcase classname="backend.tests.test_task_register_linkage.TestPutRegisterLinkage" name="test_change_period_explicit" time="0.383" /><testcase classname="backend.tests.test_task_register_linkage.TestResyncWithSeededGradedSubmission" name="test_resync_writes_to_student_grades" time="0.426" /><testcase classname="backend.tests.test_task_register_linkage.TestTeacherRBAC" name="test_teacher_can_read_submissions" time="0.440" /><testcase classname="backend.tests.test_task_register_linkage.TestTeacherRBAC" name="test_teacher_role_accepted_on_linkage" time="0.112" /></testsuite></testsuites>