<?xml version="1.0" encoding="utf-8"?><testsuites name="pytest tests"><testsuite name="pytest" errors="0" failures="0" skipped="0" tests="22" time="8.878" timestamp="2026-03-21T05:30:41.083662+00:00" hostname="agent-env-32597b39-efa2-405c-a767-3f39d0df9e28"><testcase classname="backend.tests.test_performance_optimization.TestPerformanceOptimization" name="test_get_course_posts_returns_200" time="0.423" /><testcase classname="backend.tests.test_performance_optimization.TestPerformanceOptimization" name="test_get_course_posts_structure" time="0.378" /><testcase classname="backend.tests.test_performance_optimization.TestPerformanceOptimization" name="test_get_course_posts_author_enrichment" time="0.391" /><testcase classname="backend.tests.test_performance_optimization.TestPerformanceOptimization" name="test_get_course_posts_likes_count" time="0.373" /><testcase classname="backend.tests.test_performance_optimization.TestPerformanceOptimization" name="test_get_course_posts_comments_count" time="0.379" /><testcase classname="backend.tests.test_performance_optimization.TestPerformanceOptimization" name="test_get_course_posts_user_liked" time="0.382" /><testcase classname="backend.tests.test_performance_optimization.TestPerformanceOptimization" name="test_get_course_posts_file_fields" time="0.383" /><testcase classname="backend.tests.test_performance_optimization.TestPerformanceOptimization" name="test_get_course_posts_pagination" time="0.473" /><testcase classname="backend.tests.test_performance_optimization.TestPerformanceOptimization" name="test_get_course_posts_filter_by_type" time="0.410" /><testcase classname="backend.tests.test_performance_optimization.TestPerformanceOptimization" name="test_get_sidebar_summary_returns_200" time="0.378" /><testcase classname="backend.tests.test_performance_optimization.TestPerformanceOptimization" name="test_get_sidebar_summary_structure" time="0.384" /><testcase classname="backend.tests.test_performance_optimization.TestPerformanceOptimization" name="test_get_sidebar_summary_news_items" time="0.402" /><testcase classname="backend.tests.test_performance_optimization.TestPerformanceOptimization" name="test_get_sidebar_summary_quick_access_4_items" time="0.377" /><testcase classname="backend.tests.test_performance_optimization.TestPerformanceOptimization" name="test_get_sidebar_summary_quick_access_structure" time="0.404" /><testcase classname="backend.tests.test_performance_optimization.TestPerformanceOptimization" name="test_get_sidebar_summary_stats" time="0.378" /><testcase classname="backend.tests.test_performance_optimization.TestPerformanceOptimization" name="test_get_presence_users_without_filter_returns_200" time="0.410" /><testcase classname="backend.tests.test_performance_optimization.TestPerformanceOptimization" name="test_get_presence_users_without_filter_structure" time="0.411" /><testcase classname="backend.tests.test_performance_optimization.TestPerformanceOptimization" name="test_get_presence_users_with_subject_filter_returns_200" time="0.433" /><testcase classname="backend.tests.test_performance_optimization.TestPerformanceOptimization" name="test_get_presence_users_with_subject_filter_returns_fewer_users" time="0.424" /><testcase classname="backend.tests.test_performance_optimization.TestPerformanceOptimization" name="test_get_presence_users_item_structure" time="0.374" /><testcase classname="backend.tests.test_performance_optimization.TestPerformanceOptimization" name="test_get_course_posts_invalid_subject_returns_empty" time="0.448" /><testcase classname="backend.tests.test_performance_optimization.TestPerformanceOptimization" name="test_get_sidebar_summary_invalid_subject_returns_404" time="0.371" /></testsuite></testsuites>