<?xml version="1.0" encoding="utf-8"?><testsuites name="pytest tests"><testsuite name="pytest" errors="0" failures="0" skipped="2" tests="9" time="2.179" timestamp="2026-04-11T20:57:15.675647+00:00" hostname="agent-env-6bd2e8d8-5c0e-476f-8c1e-df6e76af8e71"><testcase classname="backend.tests.test_schedule_duplicate.TestScheduleSettingsEndpoint" name="test_get_schedule_settings" time="0.626" /><testcase classname="backend.tests.test_schedule_duplicate.TestDuplicateSchedulesDryRun" name="test_duplicate_mode_section_dry_run" time="0.506" /><testcase classname="backend.tests.test_schedule_duplicate.TestDuplicateSchedulesDryRun" name="test_duplicate_mode_day_dry_run" time="0.122" /><testcase classname="backend.tests.test_schedule_duplicate.TestDuplicateSchedulesDryRun" name="test_duplicate_no_source_blocks_returns_400" time="0.000"><skipped type="pytest.skip" message="Section not found for grade '5 años'">/app/backend/tests/test_schedule_duplicate.py:194: Section not found for grade '5 años'</skipped></testcase><testcase classname="backend.tests.test_schedule_duplicate.TestDuplicateSchedulesActual" name="test_duplicate_mode_section_creates_blocks" time="0.386" /><testcase classname="backend.tests.test_schedule_duplicate.TestDuplicateSkipConflicts" name="test_skip_conflicts_true_continues" time="0.224" /><testcase classname="backend.tests.test_schedule_duplicate.TestMultiHorarioSetting" name="test_setting_returned_in_response" time="0.132" /><testcase classname="backend.tests.test_schedule_duplicate.TestExistingScheduleFlow" name="test_get_schedules_endpoint" time="0.106" /><testcase classname="backend.tests.test_schedule_duplicate.TestExistingScheduleFlow" name="test_create_schedule_endpoint" time="0.000"><skipped type="pytest.skip" message="Test section not found">/app/backend/tests/test_schedule_duplicate.py:443: Test section not found</skipped></testcase></testsuite></testsuites>