<?xml version="1.0" encoding="utf-8"?><testsuites name="pytest tests"><testsuite name="pytest" errors="0" failures="1" skipped="0" tests="22" time="9.776" timestamp="2026-02-10T22:41:53.361278+00:00" hostname="agent-env-4e51bf8b-df12-4669-9d35-7158d5645a6e"><testcase classname="backend.tests.test_subjects_module.TestSubjectsModule" name="test_01_levels_endpoint_works" time="0.551" /><testcase classname="backend.tests.test_subjects_module.TestSubjectsModule" name="test_02_grades_endpoint_works" time="0.474" /><testcase classname="backend.tests.test_subjects_module.TestSubjectsModule" name="test_03_primaria_level_exists" time="0.428" /><testcase classname="backend.tests.test_subjects_module.TestSubjectsModule" name="test_04_primaria_has_grades" time="0.411" /><testcase classname="backend.tests.test_subjects_module.TestSubjectsModule" name="test_05_create_subject_without_grade" time="0.481" /><testcase classname="backend.tests.test_subjects_module.TestSubjectsModule" name="test_06_create_subject_with_specific_grade" time="0.418" /><testcase classname="backend.tests.test_subjects_module.TestSubjectsModule" name="test_07_create_subject_invalid_grade" time="0.431" /><testcase classname="backend.tests.test_subjects_module.TestSubjectsModule" name="test_08_create_subject_invalid_level" time="0.414" /><testcase classname="backend.tests.test_subjects_module.TestSubjectsModule" name="test_09_list_all_subjects" time="0.472" /><testcase classname="backend.tests.test_subjects_module.TestSubjectsModule" name="test_10_filter_subjects_by_level" time="0.392" /><testcase classname="backend.tests.test_subjects_module.TestSubjectsModule" name="test_11_filter_subjects_by_grade" time="0.405" /><testcase classname="backend.tests.test_subjects_module.TestSubjectsModule" name="test_12_filter_subjects_by_status" time="0.361" /><testcase classname="backend.tests.test_subjects_module.TestSubjectsModule" name="test_13_update_subject" time="0.433" /><testcase classname="backend.tests.test_subjects_module.TestSubjectsModule" name="test_14_update_subject_change_grade" time="0.468" /><testcase classname="backend.tests.test_subjects_module.TestSubjectsModule" name="test_15_update_nonexistent_subject" time="0.367" /><testcase classname="backend.tests.test_subjects_module.TestSubjectsModule" name="test_16_delete_subject" time="0.550" /><testcase classname="backend.tests.test_subjects_module.TestSubjectsModule" name="test_17_delete_nonexistent_subject" time="0.397" /><testcase classname="backend.tests.test_subjects_module.TestSubjectsModule" name="test_18_get_subject_teachers" time="0.363" /><testcase classname="backend.tests.test_subjects_module.TestSubjectsModule" name="test_19_assign_teachers_to_subject" time="0.539" /><testcase classname="backend.tests.test_subjects_module.TestSubjectsValidation" name="test_duplicate_code_rejected" time="0.392" /><testcase classname="backend.tests.test_subjects_module.TestSubjectsValidation" name="test_missing_name_rejected" time="0.440"><failure message="assert 200 in [400, 422]&#10; +  where 200 = &lt;Response [200]&gt;.status_code">backend/tests/test_subjects_module.py:530: in test_missing_name_rejected
    assert response.status_code in [400, 422]
E   assert 200 in [400, 422]
E    +  where 200 = &lt;Response [200]&gt;.status_code</failure></testcase><testcase classname="backend.tests.test_subjects_module.TestSubjectsValidation" name="test_missing_level_rejected" time="0.346" /></testsuite></testsuites>