<?xml version="1.0" encoding="utf-8"?><testsuites name="pytest tests"><testsuite name="pytest" errors="0" failures="0" skipped="0" tests="7" time="2.196" timestamp="2026-03-11T14:46:07.723297+00:00" hostname="agent-env-f0960c47-ec76-4124-9019-48aae9cc3ca0"><testcase classname="backend.tests.test_membership_renewal.TestMembershipEndpoints" name="test_payment_status_endpoint" time="0.584" /><testcase classname="backend.tests.test_membership_renewal.TestMembershipEndpoints" name="test_request_payment_creates_processing_request" time="0.118" /><testcase classname="backend.tests.test_membership_renewal.TestMembershipEndpoints" name="test_duplicate_payment_request_returns_409" time="0.265" /><testcase classname="backend.tests.test_membership_renewal.TestSupportEndpoints" name="test_get_payment_requests" time="0.475" /><testcase classname="backend.tests.test_membership_renewal.TestSupportEndpoints" name="test_renew_membership" time="0.126" /><testcase classname="backend.tests.test_membership_renewal.TestSupportAccessControl" name="test_owner_cannot_access_renew_membership" time="0.449" /><testcase classname="backend.tests.test_membership_renewal.TestSupportAccessControl" name="test_owner_cannot_access_payment_requests" time="0.123" /></testsuite></testsuites>