<?xml version="1.0" encoding="utf-8"?><testsuites name="pytest tests"><testsuite name="pytest" errors="0" failures="0" skipped="0" tests="19" time="4.549" timestamp="2026-02-27T01:04:29.874107+00:00" hostname="agent-env-0d9fb39e-e045-4af2-ad04-9407db37a382"><testcase classname="backend.tests.test_parent_portal_pages.TestParentLogin" name="test_parent_login_success" time="0.387" /><testcase classname="backend.tests.test_parent_portal_pages.TestParentLogin" name="test_parent_login_wrong_password" time="0.360" /><testcase classname="backend.tests.test_parent_portal_pages.TestParentProfile" name="test_parent_me_returns_profile" time="0.590" /><testcase classname="backend.tests.test_parent_portal_pages.TestParentProfile" name="test_parent_me_requires_auth" time="0.141" /><testcase classname="backend.tests.test_parent_portal_pages.TestParentDashboard" name="test_parent_dashboard_returns_data" time="0.114" /><testcase classname="backend.tests.test_parent_portal_pages.TestParentDashboard" name="test_parent_dashboard_requires_student_id" time="0.118" /><testcase classname="backend.tests.test_parent_portal_pages.TestParentCourses" name="test_parent_courses_returns_list" time="0.114" /><testcase classname="backend.tests.test_parent_portal_pages.TestParentCourses" name="test_parent_courses_requires_auth" time="0.111" /><testcase classname="backend.tests.test_parent_portal_pages.TestParentTasks" name="test_parent_tasks_returns_list" time="0.119" /><testcase classname="backend.tests.test_parent_portal_pages.TestParentGrades" name="test_parent_grades_returns_list" time="0.116" /><testcase classname="backend.tests.test_parent_portal_pages.TestParentAttendance" name="test_parent_attendance_returns_records" time="0.129" /><testcase classname="backend.tests.test_parent_portal_pages.TestParentAttendance" name="test_parent_attendance_returns_actual_data" time="0.130" /><testcase classname="backend.tests.test_parent_portal_pages.TestParentSchedule" name="test_parent_schedule_returns_data" time="0.130" /><testcase classname="backend.tests.test_parent_portal_pages.TestParentSchedule" name="test_parent_schedule_has_settings" time="0.111" /><testcase classname="backend.tests.test_parent_portal_pages.TestParentExams" name="test_parent_exams_returns_data" time="0.301" /><testcase classname="backend.tests.test_parent_portal_pages.TestInternalMail" name="test_internal_mail_inbox" time="0.111" /><testcase classname="backend.tests.test_parent_portal_pages.TestInternalMail" name="test_internal_mail_stats" time="0.207" /><testcase classname="backend.tests.test_parent_portal_pages.TestInternalMail" name="test_internal_mail_sent_folder" time="0.123" /><testcase classname="backend.tests.test_parent_portal_pages.TestParentApiAuthentication" name="test_parent_endpoints_require_auth" time="1.062" /></testsuite></testsuites>