<?xml version="1.0" encoding="utf-8"?><testsuites name="pytest tests"><testsuite name="pytest" errors="0" failures="0" skipped="0" tests="10" time="1.472" timestamp="2026-03-06T23:40:13.732890+00:00" hostname="agent-env-906ecef4-cf95-4e90-bbcd-230078bd425d"><testcase classname="backend.tests.test_attendance_entry_exit.TestQRHistoryRoleFilter" name="test_qr_history_returns_all_roles_by_default" time="0.520" /><testcase classname="backend.tests.test_attendance_entry_exit.TestQRHistoryRoleFilter" name="test_qr_history_filter_students_only" time="0.065" /><testcase classname="backend.tests.test_attendance_entry_exit.TestQRHistoryRoleFilter" name="test_qr_history_filter_teachers_only" time="0.054" /><testcase classname="backend.tests.test_attendance_entry_exit.TestTeacherReportsEndpoint" name="test_teacher_reports_endpoint_exists" time="0.060" /><testcase classname="backend.tests.test_attendance_entry_exit.TestTeacherReportsEndpoint" name="test_teacher_reports_with_date_filters" time="0.063" /><testcase classname="backend.tests.test_attendance_entry_exit.TestMarkEntryEndpoint" name="test_mark_entry_endpoint_response_format" time="0.254" /><testcase classname="backend.tests.test_attendance_entry_exit.TestQRScanResponse" name="test_qr_scan_validates_token_format" time="0.076" /><testcase classname="backend.tests.test_attendance_entry_exit.TestStudentReportsEndpoint" name="test_student_reports_endpoint_exists" time="0.056" /><testcase classname="backend.tests.test_attendance_entry_exit.TestStudentAttendanceEndpoints" name="test_get_students_attendance" time="0.176" /><testcase classname="backend.tests.test_attendance_entry_exit.TestTeacherAttendanceEndpoints" name="test_get_teachers_attendance" time="0.064" /></testsuite></testsuites>