<?xml version="1.0" encoding="utf-8"?><testsuites name="pytest tests"><testsuite name="pytest" errors="0" failures="0" skipped="0" tests="12" time="5.984" timestamp="2026-04-04T00:59:39.062378+00:00" hostname="agent-env-d716db77-7317-45f2-b28d-d2f89f6e5d2d"><testcase classname="backend.tests.test_omr_scanning.TestOMRStudentsEndpoint" name="test_get_omr_students_success" time="0.538" /><testcase classname="backend.tests.test_omr_scanning.TestOMRStudentsEndpoint" name="test_get_omr_students_non_omr_exam" time="0.325" /><testcase classname="backend.tests.test_omr_scanning.TestOMRStudentsEndpoint" name="test_get_omr_students_invalid_exam" time="0.141" /><testcase classname="backend.tests.test_omr_scanning.TestOMRScanEndpoint" name="test_omr_scan_requires_answer_key" time="0.104" /><testcase classname="backend.tests.test_omr_scanning.TestOMRScanEndpoint" name="test_omr_scan_non_omr_exam_returns_400" time="0.683" /><testcase classname="backend.tests.test_omr_scanning.TestOMRScanEndpoint" name="test_omr_scan_duplicate_returns_409" time="1.328" /><testcase classname="backend.tests.test_omr_scanning.TestOMRScanEndpoint" name="test_omr_scan_process_image" time="0.977" /><testcase classname="backend.tests.test_omr_scanning.TestOMRScanOverwriteEndpoint" name="test_overwrite_existing_scan" time="1.114" /><testcase classname="backend.tests.test_omr_scanning.TestOMRResultsEndpoint" name="test_get_omr_results_success" time="0.181" /><testcase classname="backend.tests.test_omr_scanning.TestOMRRegisterGradesEndpoint" name="test_register_grades_requires_register_column" time="0.239" /><testcase classname="backend.tests.test_omr_scanning.TestOMRRegisterGradesEndpoint" name="test_register_grades_success" time="0.103" /><testcase classname="backend.tests.test_omr_scanning.TestExamDetailWithOMRFields" name="test_exam_detail_has_omr_fields" time="0.172" /></testsuite></testsuites>