<?xml version="1.0" encoding="utf-8"?><testsuites name="pytest tests"><testsuite name="pytest" errors="0" failures="0" skipped="0" tests="9" time="3.230" timestamp="2026-04-04T00:25:20.266161+00:00" hostname="agent-env-d716db77-7317-45f2-b28d-d2f89f6e5d2d"><testcase classname="tests.test_omr_pdf_generation.TestOMRPdfGeneration" name="test_get_omr_pdf_existing" time="0.523" /><testcase classname="tests.test_omr_pdf_generation.TestOMRPdfGeneration" name="test_get_omr_pdf_not_generated" time="0.114" /><testcase classname="tests.test_omr_pdf_generation.TestOMRPdfGeneration" name="test_generate_omr_pdf" time="0.835" /><testcase classname="tests.test_omr_pdf_generation.TestOMRPdfGeneration" name="test_generate_omr_pdf_digital_exam_error" time="0.337" /><testcase classname="tests.test_omr_pdf_generation.TestOMRExamFullEndpoint" name="test_full_endpoint_omr_total_points" time="0.124" /><testcase classname="tests.test_omr_pdf_generation.TestOMRExamFullEndpoint" name="test_full_endpoint_omr_exam_without_pdf" time="0.154" /><testcase classname="tests.test_omr_pdf_generation.TestOMRPdfRegeneration" name="test_regenerate_omr_pdf" time="0.853" /><testcase classname="tests.test_omr_pdf_generation.TestOMRExamNotFound" name="test_get_omr_pdf_nonexistent_exam" time="0.119" /><testcase classname="tests.test_omr_pdf_generation.TestOMRExamNotFound" name="test_generate_omr_pdf_nonexistent_exam" time="0.106" /></testsuite></testsuites>