<?xml version="1.0" encoding="utf-8"?><testsuites name="pytest tests"><testsuite name="pytest" errors="0" failures="0" skipped="0" tests="11" time="3.001" timestamp="2026-04-03T05:13:23.948096+00:00" hostname="agent-env-63b33bcd-51c9-47a6-9427-1ae11201f1a6"><testcase classname="backend.tests.test_trash_system.TestTrashSystemBackend" name="test_schools_list_excludes_trash" time="0.542" /><testcase classname="backend.tests.test_trash_system.TestTrashSystemBackend" name="test_overview_excludes_trash" time="0.114" /><testcase classname="backend.tests.test_trash_system.TestTrashSystemBackend" name="test_list_trash_schools" time="0.101" /><testcase classname="backend.tests.test_trash_system.TestTrashSystemBackend" name="test_archive_school" time="0.351" /><testcase classname="backend.tests.test_trash_system.TestTrashSystemBackend" name="test_archive_already_trashed_returns_409" time="0.196" /><testcase classname="backend.tests.test_trash_system.TestTrashSystemBackend" name="test_restore_school" time="0.438" /><testcase classname="backend.tests.test_trash_system.TestTrashSystemBackend" name="test_restore_not_trashed_returns_409" time="0.203" /><testcase classname="backend.tests.test_trash_system.TestTrashSystemBackend" name="test_permanent_delete_not_trashed_returns_409" time="0.110" /><testcase classname="backend.tests.test_trash_system.TestTrashSystemBackend" name="test_permanent_delete_nonexistent_returns_404" time="0.101" /><testcase classname="backend.tests.test_trash_system.TestTrashSystemBackend" name="test_archive_restore_preserves_data" time="0.533" /><testcase classname="backend.tests.test_trash_system.TestTrashSystemCleanup" name="test_cleanup_restore_test_school" time="0.245" /></testsuite></testsuites>