<?xml version="1.0" encoding="utf-8"?><testsuites name="pytest tests"><testsuite name="pytest" errors="0" failures="0" skipped="0" tests="12" time="11.019" timestamp="2026-02-25T18:47:39.057509+00:00" hostname="agent-env-514de2c7-28ee-415a-8655-9527b233430b"><testcase classname="backend.tests.test_notifications_messaging.TestNotificationSystem" name="test_get_all_notifications_returns_structure" time="1.215" /><testcase classname="backend.tests.test_notifications_messaging.TestNotificationSystem" name="test_notifications_have_required_fields" time="0.827" /><testcase classname="backend.tests.test_notifications_messaging.TestNotificationSystem" name="test_get_unread_count_endpoint" time="0.829" /><testcase classname="backend.tests.test_notifications_messaging.TestNotificationSystem" name="test_mark_notification_read" time="1.067" /><testcase classname="backend.tests.test_notifications_messaging.TestNotificationSystem" name="test_mark_all_notifications_read" time="0.887" /><testcase classname="backend.tests.test_notifications_messaging.TestNotificationSystem" name="test_notifications_unauthorized_without_token" time="1.016" /><testcase classname="backend.tests.test_notifications_messaging.TestMessagingContactsCategorized" name="test_owner_gets_categorized_contacts" time="0.890" /><testcase classname="backend.tests.test_notifications_messaging.TestMessagingContactsCategorized" name="test_teacher_gets_categorized_contacts" time="0.964" /><testcase classname="backend.tests.test_notifications_messaging.TestMessagingContactsCategorized" name="test_no_demo_users_in_contacts" time="0.957" /><testcase classname="backend.tests.test_notifications_messaging.TestMessagingContactsCategorized" name="test_contacts_have_unread_count" time="0.855" /><testcase classname="backend.tests.test_notifications_messaging.TestMessagingContactsCategorized" name="test_messaging_contacts_unauthorized" time="0.920" /><testcase classname="backend.tests.test_notifications_messaging.TestNotificationNavigation" name="test_notification_link_destino_format" time="0.534" /></testsuite></testsuites>