<?xml version="1.0" encoding="utf-8"?><testsuites name="pytest tests"><testsuite name="pytest" errors="0" failures="0" skipped="0" tests="12" time="5.471" timestamp="2026-02-22T16:42:39.813906+00:00" hostname="agent-env-3cc71b0e-3ce1-4fb0-b890-a1139a31ed23"><testcase classname="backend.tests.test_teacher_attendance.TestTeacherAttendance" name="test_01_teacher_login_success" time="0.468" /><testcase classname="backend.tests.test_teacher_attendance.TestTeacherAttendance" name="test_02_get_teacher_courses" time="0.448" /><testcase classname="backend.tests.test_teacher_attendance.TestTeacherAttendance" name="test_03_get_teacher_students" time="0.485" /><testcase classname="backend.tests.test_teacher_attendance.TestTeacherAttendance" name="test_04_get_teacher_students_all_sections" time="0.427" /><testcase classname="backend.tests.test_teacher_attendance.TestTeacherAttendance" name="test_05_get_attendance_records" time="0.453" /><testcase classname="backend.tests.test_teacher_attendance.TestTeacherAttendance" name="test_06_save_attendance_records" time="0.513" /><testcase classname="backend.tests.test_teacher_attendance.TestTeacherAttendance" name="test_07_verify_saved_attendance" time="0.444" /><testcase classname="backend.tests.test_teacher_attendance.TestTeacherAttendance" name="test_08_get_attendance_report" time="0.455" /><testcase classname="backend.tests.test_teacher_attendance.TestTeacherAttendance" name="test_09_unauthorized_section_access" time="0.393" /><testcase classname="backend.tests.test_teacher_attendance.TestTeacherAttendance" name="test_10_save_attendance_unauthorized_section" time="0.393" /><testcase classname="backend.tests.test_teacher_attendance.TestTeacherAttendance" name="test_11_invalid_date_format" time="0.473" /><testcase classname="backend.tests.test_teacher_attendance.TestNonTeacherAccess" name="test_student_cannot_access_teacher_courses" time="0.456" /></testsuite></testsuites>