<?xml version="1.0" encoding="utf-8"?><testsuites name="pytest tests"><testsuite name="pytest" errors="0" failures="0" skipped="0" tests="12" time="3.777" timestamp="2026-04-10T14:00:30.707616+00:00" hostname="agent-env-c0a9d2f9-4fd6-46fa-afac-ee4bf436b1f4"><testcase classname="backend.tests.test_boleta_interna.TestBoletaConfig" name="test_get_boleta_config_returns_data" time="0.605" /><testcase classname="backend.tests.test_boleta_interna.TestBoletaConfig" name="test_update_boleta_config_valid_ruc" time="0.152" /><testcase classname="backend.tests.test_boleta_interna.TestBoletaConfig" name="test_update_boleta_config_invalid_ruc_rejected" time="0.495" /><testcase classname="backend.tests.test_boleta_interna.TestBoletaConfig" name="test_update_boleta_config_valid_ruc_10_prefix" time="0.217" /><testcase classname="backend.tests.test_boleta_interna.TestBoletaPDFDownload" name="test_download_boleta_pdf_existing_payment" time="0.135" /><testcase classname="backend.tests.test_boleta_interna.TestBoletaPDFDownload" name="test_download_boleta_pdf_nonexistent_payment" time="0.172" /><testcase classname="backend.tests.test_boleta_interna.TestBoletaEmissionOnPayment" name="test_create_payment_emits_boleta" time="0.386" /><testcase classname="backend.tests.test_boleta_interna.TestBoletaAnnulment" name="test_annul_boleta_directly" time="0.435" /><testcase classname="backend.tests.test_boleta_interna.TestBoletaAnnulment" name="test_annul_already_annulled_boleta" time="0.352" /><testcase classname="backend.tests.test_boleta_interna.TestPaymentCancelAutoAnnulsBoleta" name="test_cancel_payment_auto_annuls_boleta" time="0.468" /><testcase classname="backend.tests.test_boleta_interna.TestPaymentsListIncludesBoletaFields" name="test_payments_list_has_boleta_fields" time="0.141" /><testcase classname="backend.tests.test_boleta_interna.TestBoletasList" name="test_list_boletas" time="0.131" /></testsuite></testsuites>