<?xml version="1.0" encoding="utf-8"?><testsuites name="pytest tests"><testsuite name="pytest" errors="0" failures="0" skipped="0" tests="9" time="6.814" timestamp="2026-04-11T19:49:54.326628+00:00" hostname="agent-env-6bd2e8d8-5c0e-476f-8c1e-df6e76af8e71"><testcase classname="backend.tests.test_bulk_assignments.TestBulkAssignments" name="test_01_login_and_fetch_data" time="0.680" /><testcase classname="backend.tests.test_bulk_assignments.TestBulkAssignments" name="test_02_bulk_endpoint_exists" time="0.765" /><testcase classname="backend.tests.test_bulk_assignments.TestBulkAssignments" name="test_03_bulk_validates_teacher_exists" time="0.715" /><testcase classname="backend.tests.test_bulk_assignments.TestBulkAssignments" name="test_04_bulk_validates_level_exists" time="0.779" /><testcase classname="backend.tests.test_bulk_assignments.TestBulkAssignments" name="test_05_bulk_creates_assignments_cartesian_product" time="0.708" /><testcase classname="backend.tests.test_bulk_assignments.TestBulkAssignments" name="test_06_bulk_skips_duplicates" time="0.814" /><testcase classname="backend.tests.test_bulk_assignments.TestBulkAssignments" name="test_07_bulk_filters_invalid_section_grade_combinations" time="0.730" /><testcase classname="backend.tests.test_bulk_assignments.TestBulkAssignments" name="test_08_bulk_validates_academic_year" time="0.787" /><testcase classname="backend.tests.test_bulk_assignments.TestExistingAssignmentFlow" name="test_single_assignment_endpoint_works" time="0.777" /></testsuite></testsuites>