<?xml version="1.0" encoding="utf-8"?><testsuites name="pytest tests"><testsuite name="pytest" errors="0" failures="0" skipped="0" tests="20" time="8.870" timestamp="2026-04-06T18:05:57.225635+00:00" hostname="agent-env-ec581b80-207a-4d92-9595-af5120cc0094"><testcase classname="backend.tests.test_psychology_agenda.TestPsychologyAgendaModule" name="test_01_list_appointments" time="0.438" /><testcase classname="backend.tests.test_psychology_agenda.TestPsychologyAgendaModule" name="test_02_today_appointments" time="0.407" /><testcase classname="backend.tests.test_psychology_agenda.TestPsychologyAgendaModule" name="test_03_week_summary" time="0.386" /><testcase classname="backend.tests.test_psychology_agenda.TestPsychologyAgendaModule" name="test_04_create_appointment" time="0.436" /><testcase classname="backend.tests.test_psychology_agenda.TestPsychologyAgendaModule" name="test_05_get_appointment" time="0.460" /><testcase classname="backend.tests.test_psychology_agenda.TestPsychologyAgendaModule" name="test_06_update_appointment" time="0.467" /><testcase classname="backend.tests.test_psychology_agenda.TestPsychologyAgendaModule" name="test_07_check_conflict" time="0.398" /><testcase classname="backend.tests.test_psychology_agenda.TestPsychologyAgendaModule" name="test_08_update_appointment_status" time="0.421" /><testcase classname="backend.tests.test_psychology_agenda.TestPsychologyAgendaModule" name="test_09_delete_appointment" time="0.467" /><testcase classname="backend.tests.test_psychology_agenda.TestPsychologyAgendaModule" name="test_10_list_workshops" time="0.432" /><testcase classname="backend.tests.test_psychology_agenda.TestPsychologyAgendaModule" name="test_11_list_workshops_with_filters" time="0.425" /><testcase classname="backend.tests.test_psychology_agenda.TestPsychologyAgendaModule" name="test_12_upcoming_workshops" time="0.414" /><testcase classname="backend.tests.test_psychology_agenda.TestPsychologyAgendaModule" name="test_13_create_workshop" time="0.441" /><testcase classname="backend.tests.test_psychology_agenda.TestPsychologyAgendaModule" name="test_14_get_workshop" time="0.397" /><testcase classname="backend.tests.test_psychology_agenda.TestPsychologyAgendaModule" name="test_15_update_workshop" time="0.470" /><testcase classname="backend.tests.test_psychology_agenda.TestPsychologyAgendaModule" name="test_16_update_workshop_status_to_en_curso" time="0.460" /><testcase classname="backend.tests.test_psychology_agenda.TestPsychologyAgendaModule" name="test_17_complete_workshop" time="0.508" /><testcase classname="backend.tests.test_psychology_agenda.TestPsychologyAgendaModule" name="test_18_delete_workshop_completed_fails" time="0.410" /><testcase classname="backend.tests.test_psychology_agenda.TestPsychologyAgendaModule" name="test_19_create_and_delete_workshop" time="0.534" /><testcase classname="backend.tests.test_psychology_agenda.TestPsychologyAgendaModule" name="test_20_dashboard_stats" time="0.431" /></testsuite></testsuites>