<?xml version="1.0" encoding="utf-8"?><testsuites name="pytest tests"><testsuite name="pytest" errors="0" failures="0" skipped="0" tests="12" time="5.204" timestamp="2026-04-06T23:28:17.282552+00:00" hostname="agent-env-fa479522-0c94-4c3b-b70e-95622354cb60"><testcase classname="backend.tests.test_pae_settings_adjustments.TestPaeSettingsAdjustments" name="test_school_info_admin" time="0.401" /><testcase classname="backend.tests.test_pae_settings_adjustments.TestPaeSettingsAdjustments" name="test_school_info_auxiliar" time="0.374" /><testcase classname="backend.tests.test_pae_settings_adjustments.TestPaeSettingsAdjustments" name="test_list_turnos_admin" time="0.382" /><testcase classname="backend.tests.test_pae_settings_adjustments.TestPaeSettingsAdjustments" name="test_list_turnos_auxiliar_forbidden" time="0.432" /><testcase classname="backend.tests.test_pae_settings_adjustments.TestPaeSettingsAdjustments" name="test_create_turno" time="0.392" /><testcase classname="backend.tests.test_pae_settings_adjustments.TestPaeSettingsAdjustments" name="test_create_turno_invalid_time_format" time="0.378" /><testcase classname="backend.tests.test_pae_settings_adjustments.TestPaeSettingsAdjustments" name="test_update_turno" time="0.495" /><testcase classname="backend.tests.test_pae_settings_adjustments.TestPaeSettingsAdjustments" name="test_toggle_turno" time="0.484" /><testcase classname="backend.tests.test_pae_settings_adjustments.TestPaeSettingsAdjustments" name="test_delete_turno_with_registros_fails" time="0.430" /><testcase classname="backend.tests.test_pae_settings_adjustments.TestPaeSettingsAdjustments" name="test_delete_turno_without_registros_succeeds" time="0.521" /><testcase classname="backend.tests.test_pae_settings_adjustments.TestPaeSettingsAdjustments" name="test_pae_dashboard_auxiliar" time="0.420" /><testcase classname="backend.tests.test_pae_settings_adjustments.TestCleanup" name="test_cleanup_test_turnos" time="0.426" /></testsuite></testsuites>