<?xml version="1.0" encoding="utf-8"?><testsuites name="pytest tests"><testsuite name="pytest" errors="0" failures="0" skipped="0" tests="13" time="7.304" timestamp="2026-04-18T02:51:22.145740+00:00" hostname="agent-env-85e6cc50-7d82-4d47-b907-39e7dd8f1ee7"><testcase classname="backend.tests.test_clone_activities.TestCloneActivities" name="test_01_admin_login" time="0.489" /><testcase classname="backend.tests.test_clone_activities.TestCloneActivities" name="test_02_teacher_login" time="0.373" /><testcase classname="backend.tests.test_clone_activities.TestCloneActivities" name="test_03_clone_forum_same_section" time="0.566" /><testcase classname="backend.tests.test_clone_activities.TestCloneActivities" name="test_04_clone_forum_to_other_subjects" time="0.558" /><testcase classname="backend.tests.test_clone_activities.TestCloneActivities" name="test_05_clone_forum_status_inheritance" time="0.637" /><testcase classname="backend.tests.test_clone_activities.TestCloneActivities" name="test_06_clone_material_same_section" time="0.551" /><testcase classname="backend.tests.test_clone_activities.TestCloneActivities" name="test_07_clone_material_to_other_subjects" time="0.594" /><testcase classname="backend.tests.test_clone_activities.TestCloneActivities" name="test_08_clone_exam_same_section" time="0.569" /><testcase classname="backend.tests.test_clone_activities.TestCloneActivities" name="test_09_clone_exam_to_other_subjects" time="0.536" /><testcase classname="backend.tests.test_clone_activities.TestCloneActivities" name="test_10_clone_exam_preserves_questions" time="0.610" /><testcase classname="backend.tests.test_clone_activities.TestCloneActivities" name="test_11_teacher_can_clone_own_subjects" time="0.640" /><testcase classname="backend.tests.test_clone_activities.TestCloneActivities" name="test_12_clone_response_format" time="0.504" /><testcase classname="backend.tests.test_clone_activities.TestCloneActivities" name="test_13_clone_multiple_destinations" time="0.595" /></testsuite></testsuites>