<?xml version="1.0" encoding="utf-8"?><testsuites name="pytest tests"><testsuite name="pytest" errors="0" failures="0" skipped="0" tests="24" time="6.565" timestamp="2026-04-08T00:36:59.182716+00:00" hostname="agent-env-5058953a-a423-4838-b30c-c918ee762525"><testcase classname="backend.tests.test_charlas_module.TestCharlasCRUD" name="test_list_charlas" time="0.612" /><testcase classname="backend.tests.test_charlas_module.TestCharlasCRUD" name="test_list_charlas_with_status_filter" time="0.130" /><testcase classname="backend.tests.test_charlas_module.TestCharlasCRUD" name="test_create_charla" time="0.127" /><testcase classname="backend.tests.test_charlas_module.TestCharlasCRUD" name="test_get_charla_detail" time="0.110" /><testcase classname="backend.tests.test_charlas_module.TestCharlasCRUD" name="test_update_charla_status" time="0.153" /><testcase classname="backend.tests.test_charlas_module.TestCharlasCRUD" name="test_update_charla_fields" time="0.182" /><testcase classname="backend.tests.test_charlas_module.TestCharlaMaterials" name="test_add_link_material" time="0.119" /><testcase classname="backend.tests.test_charlas_module.TestCharlaMaterials" name="test_verify_material_added" time="0.108" /><testcase classname="backend.tests.test_charlas_module.TestCharlaMaterials" name="test_delete_material" time="0.127" /><testcase classname="backend.tests.test_charlas_module.TestCharlaMaterials" name="test_invalid_material_type" time="0.140" /><testcase classname="backend.tests.test_charlas_module.TestCharlaStudentsAndAttendance" name="test_get_charla_students_no_targets" time="0.426" /><testcase classname="backend.tests.test_charlas_module.TestCharlaStudentsAndAttendance" name="test_get_charla_students_with_targets" time="0.532" /><testcase classname="backend.tests.test_charlas_module.TestCharlaStudentsAndAttendance" name="test_save_attendance" time="0.450" /><testcase classname="backend.tests.test_charlas_module.TestAgendaIntegration" name="test_charla_in_agenda" time="0.384" /><testcase classname="backend.tests.test_charlas_module.TestCharlaRBAC" name="test_parent_cannot_list_charlas" time="0.457" /><testcase classname="backend.tests.test_charlas_module.TestCharlaRBAC" name="test_parent_cannot_get_charla_detail" time="0.122" /><testcase classname="backend.tests.test_charlas_module.TestCharlaRBAC" name="test_parent_cannot_create_charla" time="0.118" /><testcase classname="backend.tests.test_charlas_module.TestCharlaRBAC" name="test_owner_can_delete_charla" time="0.625" /><testcase classname="backend.tests.test_charlas_module.TestCharlaRBAC" name="test_coordinator_cannot_delete_charla" time="0.266" /><testcase classname="backend.tests.test_charlas_module.TestCharlaEdgeCases" name="test_get_nonexistent_charla" time="0.115" /><testcase classname="backend.tests.test_charlas_module.TestCharlaEdgeCases" name="test_update_nonexistent_charla" time="0.114" /><testcase classname="backend.tests.test_charlas_module.TestCharlaEdgeCases" name="test_invalid_status_update" time="0.111" /><testcase classname="backend.tests.test_charlas_module.TestCharlaEdgeCases" name="test_add_material_to_nonexistent_charla" time="0.135" /><testcase classname="backend.tests.test_charlas_module.TestCleanup" name="test_cleanup_test_charlas" time="0.799" /></testsuite></testsuites>