<?xml version="1.0" encoding="utf-8"?><testsuites name="pytest tests"><testsuite name="pytest" errors="0" failures="2" skipped="0" tests="13" time="4.054" timestamp="2026-02-11T22:56:37.996596+00:00" hostname="agent-env-7785c2d8-3be6-4265-a055-0e115d6a488f"><testcase classname="backend.tests.test_section_types_admin.TestSectionTypesAdminModule" name="test_01_login_success" time="0.316" /><testcase classname="backend.tests.test_section_types_admin.TestSectionTypesAdminModule" name="test_02_get_section_types_baseline" time="0.278" /><testcase classname="backend.tests.test_section_types_admin.TestSectionTypesAdminModule" name="test_03_create_section_type_for_testing" time="0.278" /><testcase classname="backend.tests.test_section_types_admin.TestSectionTypesAdminModule" name="test_04_update_section_type_label" time="0.340" /><testcase classname="backend.tests.test_section_types_admin.TestSectionTypesAdminModule" name="test_05_update_section_type_activo_status" time="0.353" /><testcase classname="backend.tests.test_section_types_admin.TestSectionTypesAdminModule" name="test_06_update_nonexistent_type_returns_404" time="0.277" /><testcase classname="backend.tests.test_section_types_admin.TestSectionTypesAdminModule" name="test_07_reorder_section_types" time="0.300"><failure message="AssertionError: Failed to reorder: {&quot;detail&quot;:&quot;Tipo de sección no encontrado&quot;}&#10;assert 404 == 200&#10; +  where 404 = &lt;Response [404]&gt;.status_code">backend/tests/test_section_types_admin.py:227: in test_07_reorder_section_types
    assert reorder_response.status_code == 200, f"Failed to reorder: {reorder_response.text}"
E   AssertionError: Failed to reorder: {"detail":"Tipo de sección no encontrado"}
E   assert 404 == 200
E    +  where 404 = &lt;Response [404]&gt;.status_code</failure></testcase><testcase classname="backend.tests.test_section_types_admin.TestSectionTypesAdminModule" name="test_08_reorder_with_partial_ids" time="0.323"><failure message="assert 404 == 200&#10; +  where 404 = &lt;Response [404]&gt;.status_code">backend/tests/test_section_types_admin.py:266: in test_08_reorder_with_partial_ids
    assert reorder_response.status_code == 200
E   assert 404 == 200
E    +  where 404 = &lt;Response [404]&gt;.status_code</failure></testcase><testcase classname="backend.tests.test_section_types_admin.TestSectionTypesAdminModule" name="test_09_delete_section_type_soft_deletes" time="0.292" /><testcase classname="backend.tests.test_section_types_admin.TestSectionTypesAdminModule" name="test_10_delete_nonexistent_type_returns_404" time="0.269" /><testcase classname="backend.tests.test_section_types_admin.TestSectionTypesAdminModule" name="test_11_cannot_deactivate_type_in_use" time="0.280" /><testcase classname="backend.tests.test_section_types_admin.TestSectionTypesAdminModule" name="test_12_cannot_delete_type_in_use" time="0.326" /><testcase classname="backend.tests.test_section_types_admin.TestSectionTypesAdminModule" name="test_13_update_label_and_activo_together" time="0.330" /></testsuite></testsuites>