<?xml version="1.0" encoding="utf-8"?><testsuites name="pytest tests"><testsuite name="pytest" errors="0" failures="0" skipped="0" tests="20" time="6.296" timestamp="2026-02-12T04:45:12.176478+00:00" hostname="agent-env-0bb7570d-c194-4e2e-96c8-8c4429cf665e"><testcase classname="backend.tests.test_course_posts_unified.TestCoursePostsUnified" name="test_create_task_post_with_title" time="0.360" /><testcase classname="backend.tests.test_course_posts_unified.TestCoursePostsUnified" name="test_create_task_without_title_fails" time="0.293" /><testcase classname="backend.tests.test_course_posts_unified.TestCoursePostsUnified" name="test_create_material_post_with_title" time="0.291" /><testcase classname="backend.tests.test_course_posts_unified.TestCoursePostsUnified" name="test_create_material_without_title_fails" time="0.319" /><testcase classname="backend.tests.test_course_posts_unified.TestCoursePostsUnified" name="test_create_forum_post_with_title" time="0.283" /><testcase classname="backend.tests.test_course_posts_unified.TestCoursePostsUnified" name="test_create_forum_without_title_fails" time="0.284" /><testcase classname="backend.tests.test_course_posts_unified.TestCoursePostsUnified" name="test_create_announcement_without_title" time="0.291" /><testcase classname="backend.tests.test_course_posts_unified.TestCoursePostsUnified" name="test_create_post_default_type_is_announcement" time="0.334" /><testcase classname="backend.tests.test_course_posts_unified.TestCoursePostsUnified" name="test_filter_posts_by_type_task" time="0.295" /><testcase classname="backend.tests.test_course_posts_unified.TestCoursePostsUnified" name="test_filter_posts_by_type_material" time="0.293" /><testcase classname="backend.tests.test_course_posts_unified.TestCoursePostsUnified" name="test_filter_posts_by_type_forum" time="0.284" /><testcase classname="backend.tests.test_course_posts_unified.TestCoursePostsUnified" name="test_get_all_posts_without_filter" time="0.300" /><testcase classname="backend.tests.test_course_posts_unified.TestCoursePostsUnified" name="test_like_post_with_type" time="0.395" /><testcase classname="backend.tests.test_course_posts_unified.TestCoursePostsUnified" name="test_comment_on_post_with_type" time="0.330" /><testcase classname="backend.tests.test_course_posts_unified.TestCoursePostsUnified" name="test_create_post_empty_content_with_title_fails" time="0.321" /><testcase classname="backend.tests.test_course_posts_unified.TestCoursePostsUnified" name="test_invalid_post_type_defaults_or_fails" time="0.299" /><testcase classname="backend.tests.test_course_posts_unified.TestCoursePostsUnified" name="test_filter_with_invalid_type_returns_all" time="0.300" /><testcase classname="backend.tests.test_course_posts_unified.TestCoursePostsDataPersistence" name="test_create_task_and_verify_in_filtered_list" time="0.333" /><testcase classname="backend.tests.test_course_posts_unified.TestCoursePostsDataPersistence" name="test_create_material_and_verify_in_filtered_list" time="0.301" /><testcase classname="backend.tests.test_course_posts_unified.TestCoursePostsDataPersistence" name="test_create_forum_and_verify_in_filtered_list" time="0.303" /></testsuite></testsuites>