<?xml version="1.0" encoding="utf-8"?><testsuites name="pytest tests"><testsuite name="pytest" errors="0" failures="9" skipped="5" tests="20" time="4.664" timestamp="2026-02-18T22:25:35.838730+00:00" hostname="agent-env-b0899cf5-9278-4e2a-a53c-dfe9bed18902"><testcase classname="backend.tests.test_task_submissions.TestSubmitTask" name="test_01_submit_requires_auth" time="2.762" /><testcase classname="backend.tests.test_task_submissions.TestSubmitTask" name="test_02_submit_task_not_found" time="0.132" /><testcase classname="backend.tests.test_task_submissions.TestSubmitTask" name="test_03_submit_requires_content" time="0.128"><failure message="AssertionError: Expected 400, got 404&#10;assert 404 == 400&#10; +  where 404 = &lt;Response [404]&gt;.status_code">backend/tests/test_task_submissions.py:198: in test_03_submit_requires_content
    assert response.status_code == 400, f"Expected 400, got {response.status_code}"
E   AssertionError: Expected 400, got 404
E   assert 404 == 400
E    +  where 404 = &lt;Response [404]&gt;.status_code</failure></testcase><testcase classname="backend.tests.test_task_submissions.TestSubmitTask" name="test_04_submit_task_success" time="0.120"><failure message="AssertionError: Submit failed: {&quot;detail&quot;:&quot;Tarea no encontrada&quot;}&#10;assert 404 == 200&#10; +  where 404 = &lt;Response [404]&gt;.status_code">backend/tests/test_task_submissions.py:208: in test_04_submit_task_success
    assert response.status_code == 200, f"Submit failed: {response.text}"
E   AssertionError: Submit failed: {"detail":"Tarea no encontrada"}
E   assert 404 == 200
E    +  where 404 = &lt;Response [404]&gt;.status_code</failure></testcase><testcase classname="backend.tests.test_task_submissions.TestSubmitTask" name="test_05_cannot_submit_twice" time="0.110"><failure message="AssertionError: Expected 400, got 404&#10;assert 404 == 400&#10; +  where 404 = &lt;Response [404]&gt;.status_code">backend/tests/test_task_submissions.py:224: in test_05_cannot_submit_twice
    assert response.status_code == 400, f"Expected 400, got {response.status_code}"
E   AssertionError: Expected 400, got 404
E   assert 404 == 400
E    +  where 404 = &lt;Response [404]&gt;.status_code</failure></testcase><testcase classname="backend.tests.test_task_submissions.TestGetSubmissions" name="test_01_get_submissions_requires_auth" time="0.152" /><testcase classname="backend.tests.test_task_submissions.TestGetSubmissions" name="test_02_student_cannot_view_submissions" time="0.138" /><testcase classname="backend.tests.test_task_submissions.TestGetSubmissions" name="test_03_teacher_can_view_submissions" time="0.188"><failure message="AssertionError: Get submissions failed: {&quot;detail&quot;:&quot;Tarea no encontrada&quot;}&#10;assert 404 == 200&#10; +  where 404 = &lt;Response [404]&gt;.status_code">backend/tests/test_task_submissions.py:256: in test_03_teacher_can_view_submissions
    assert response.status_code == 200, f"Get submissions failed: {response.text}"
E   AssertionError: Get submissions failed: {"detail":"Tarea no encontrada"}
E   assert 404 == 200
E    +  where 404 = &lt;Response [404]&gt;.status_code</failure></testcase><testcase classname="backend.tests.test_task_submissions.TestGetSubmissions" name="test_04_admin_can_view_submissions" time="0.101"><failure message="AssertionError: Get submissions failed: {&quot;detail&quot;:&quot;Tarea no encontrada&quot;}&#10;assert 404 == 200&#10; +  where 404 = &lt;Response [404]&gt;.status_code">backend/tests/test_task_submissions.py:283: in test_04_admin_can_view_submissions
    assert response.status_code == 200, f"Get submissions failed: {response.text}"
E   AssertionError: Get submissions failed: {"detail":"Tarea no encontrada"}
E   assert 404 == 200
E    +  where 404 = &lt;Response [404]&gt;.status_code</failure></testcase><testcase classname="backend.tests.test_task_submissions.TestGetSubmissions" name="test_05_submissions_include_student_details" time="0.116"><failure message="assert 404 == 200&#10; +  where 404 = &lt;Response [404]&gt;.status_code">backend/tests/test_task_submissions.py:295: in test_05_submissions_include_student_details
    assert response.status_code == 200
E   assert 404 == 200
E    +  where 404 = &lt;Response [404]&gt;.status_code</failure></testcase><testcase classname="backend.tests.test_task_submissions.TestGradeSubmission" name="test_01_grade_requires_auth" time="0.000"><skipped type="pytest.skip" message="No submission_id available">/app/backend/tests/test_task_submissions.py:313: No submission_id available</skipped></testcase><testcase classname="backend.tests.test_task_submissions.TestGradeSubmission" name="test_02_student_cannot_grade" time="0.000"><skipped type="pytest.skip" message="No submission_id available">/app/backend/tests/test_task_submissions.py:324: No submission_id available</skipped></testcase><testcase classname="backend.tests.test_task_submissions.TestGradeSubmission" name="test_03_grade_validates_max" time="0.000"><skipped type="pytest.skip" message="No submission_id available">/app/backend/tests/test_task_submissions.py:336: No submission_id available</skipped></testcase><testcase classname="backend.tests.test_task_submissions.TestGradeSubmission" name="test_04_grade_validates_negative" time="0.000"><skipped type="pytest.skip" message="No submission_id available">/app/backend/tests/test_task_submissions.py:348: No submission_id available</skipped></testcase><testcase classname="backend.tests.test_task_submissions.TestGradeSubmission" name="test_05_teacher_can_grade" time="0.000"><skipped type="pytest.skip" message="No submission_id available">/app/backend/tests/test_task_submissions.py:360: No submission_id available</skipped></testcase><testcase classname="backend.tests.test_task_submissions.TestGradeSubmission" name="test_06_verify_grade_persisted" time="0.126"><failure message="assert 404 == 200&#10; +  where 404 = &lt;Response [404]&gt;.status_code">backend/tests/test_task_submissions.py:380: in test_06_verify_grade_persisted
    assert response.status_code == 200
E   assert 404 == 200
E    +  where 404 = &lt;Response [404]&gt;.status_code</failure></testcase><testcase classname="backend.tests.test_task_submissions.TestGetPostsWithSubmissionsCount" name="test_01_get_tasks_includes_submissions_count" time="0.135"><failure message="AssertionError: Should find our test task&#10;assert None is not None">backend/tests/test_task_submissions.py:422: in test_01_get_tasks_includes_submissions_count
    assert test_task is not None, "Should find our test task"
E   AssertionError: Should find our test task
E   assert None is not None</failure></testcase><testcase classname="backend.tests.test_task_submissions.TestGetPostsWithSubmissionsCount" name="test_02_get_all_posts_includes_submissions_count_for_tasks" time="0.154" /><testcase classname="backend.tests.test_task_submissions.TestTaskWithTypeField" name="test_01_verify_or_query_works" time="0.149"><failure message="AssertionError: Get submissions failed: {&quot;detail&quot;:&quot;Tarea no encontrada&quot;}&#10;assert 404 == 200&#10; +  where 404 = &lt;Response [404]&gt;.status_code">backend/tests/test_task_submissions.py:456: in test_01_verify_or_query_works
    assert response.status_code == 200, f"Get submissions failed: {response.text}"
E   AssertionError: Get submissions failed: {"detail":"Tarea no encontrada"}
E   assert 404 == 200
E    +  where 404 = &lt;Response [404]&gt;.status_code</failure></testcase><testcase classname="backend.tests.test_task_submissions.TestCleanup" name="test_cleanup" time="0.000" /></testsuite></testsuites>