<?xml version="1.0" encoding="utf-8"?><testsuites name="pytest tests"><testsuite name="pytest" errors="0" failures="0" skipped="0" tests="14" time="6.115" timestamp="2026-03-21T12:11:33.673411+00:00" hostname="agent-env-32597b39-efa2-405c-a767-3f39d0df9e28"><testcase classname="backend.tests.test_exam_register_column.TestExamRegisterColumn" name="test_get_academic_periods_returns_200" time="0.401" /><testcase classname="backend.tests.test_exam_register_column.TestExamRegisterColumn" name="test_periods_returns_4_bimesters" time="0.381" /><testcase classname="backend.tests.test_exam_register_column.TestExamRegisterColumn" name="test_periods_have_required_fields" time="0.413" /><testcase classname="backend.tests.test_exam_register_column.TestExamRegisterColumn" name="test_get_register_availability_returns_200" time="0.389" /><testcase classname="backend.tests.test_exam_register_column.TestExamRegisterColumn" name="test_availability_returns_all_5_slots" time="0.378" /><testcase classname="backend.tests.test_exam_register_column.TestExamRegisterColumn" name="test_availability_includes_register_status" time="0.377" /><testcase classname="backend.tests.test_exam_register_column.TestExamRegisterColumn" name="test_create_exam_with_register_column_em" time="0.432" /><testcase classname="backend.tests.test_exam_register_column.TestExamRegisterColumn" name="test_create_exam_with_register_column_p1" time="0.432" /><testcase classname="backend.tests.test_exam_register_column.TestExamRegisterColumn" name="test_create_exam_without_linkage" time="0.443" /><testcase classname="backend.tests.test_exam_register_column.TestExamRegisterColumn" name="test_duplicate_register_column_returns_409" time="0.511" /><testcase classname="backend.tests.test_exam_register_column.TestExamRegisterColumn" name="test_invalid_register_column_returns_400" time="0.379" /><testcase classname="backend.tests.test_exam_register_column.TestExamRegisterColumn" name="test_register_column_without_period_returns_400" time="0.388" /><testcase classname="backend.tests.test_exam_register_column.TestExamRegisterColumn" name="test_delete_exam_frees_slot" time="0.525" /><testcase classname="backend.tests.test_exam_register_column.TestExamRegisterColumn" name="test_availability_shows_occupied_slots" time="0.608" /></testsuite></testsuites>