<?xml version="1.0" encoding="utf-8"?><testsuites name="pytest tests"><testsuite name="pytest" errors="0" failures="1" skipped="0" tests="17" time="4.044" timestamp="2026-05-16T13:36:49.824409+00:00" hostname="agent-env-2715ca83-280f-4b35-a6a3-3111af8a6909"><testcase classname="backend.tests.test_teacher_observations.TestTeacherObservationsCompose" name="test_students_with_tutor_list" time="0.486" /><testcase classname="backend.tests.test_teacher_observations.TestTeacherObservationsCompose" name="test_create_observation_403_when_not_teaching" time="0.110" /><testcase classname="backend.tests.test_teacher_observations.TestTeacherObservationsCompose" name="test_create_observation_404_unknown_student" time="0.112" /><testcase classname="backend.tests.test_teacher_observations.TestObservationFullFlow" name="test_create_observation_ok" time="0.112" /><testcase classname="backend.tests.test_teacher_observations.TestObservationFullFlow" name="test_list_sent" time="0.114" /><testcase classname="backend.tests.test_teacher_observations.TestObservationFullFlow" name="test_tutor_inbox_sees_it" time="0.438" /><testcase classname="backend.tests.test_teacher_observations.TestObservationFullFlow" name="test_get_observation_marks_read_by_tutor" time="0.573" /><testcase classname="backend.tests.test_teacher_observations.TestObservationFullFlow" name="test_reply_by_tutor" time="0.113" /><testcase classname="backend.tests.test_teacher_observations.TestObservationFullFlow" name="test_reply_by_author_teacher" time="0.117" /><testcase classname="backend.tests.test_teacher_observations.TestObservationFullFlow" name="test_reply_by_third_party_forbidden" time="0.444" /><testcase classname="backend.tests.test_teacher_observations.TestObservationFullFlow" name="test_status_change_only_by_tutor" time="0.409" /><testcase classname="backend.tests.test_teacher_observations.TestObservationFullFlow" name="test_reply_on_closed_is_409" time="0.110" /><testcase classname="backend.tests.test_teacher_observations.TestObservationFullFlow" name="test_reopen_by_tutor" time="0.128" /><testcase classname="backend.tests.test_teacher_observations.TestObservationFullFlow" name="test_inbox_filters" time="0.232" /><testcase classname="backend.tests.test_teacher_observations.TestSelfTutorBlocked" name="test_tutor_reports_own_student" time="0.112" /><testcase classname="backend.tests.test_teacher_observations.TestEnrollmentApproveNivel" name="test_approve_without_nivel_returns_400" time="0.111"><failure message="AssertionError: assert 'nivel' in 'este alumno no está en estado pendiente'">backend/tests/test_teacher_observations.py:324: in test_approve_without_nivel_returns_400
    assert "nivel" in msg
E   AssertionError: assert 'nivel' in 'este alumno no está en estado pendiente'</failure></testcase><testcase classname="backend.tests.test_teacher_observations.TestEnrollmentApproveNivel" name="test_approve_with_body_nivel_succeeds" time="0.221" /></testsuite></testsuites>