<?xml version="1.0" encoding="utf-8"?><testsuites name="pytest tests"><testsuite name="pytest" errors="0" failures="0" skipped="0" tests="17" time="2.580" timestamp="2026-03-01T22:55:46.474907+00:00" hostname="agent-env-efc2fe56-815b-4b93-b2b0-614a2becd5a1"><testcase classname="backend.tests.test_accounting_period_filters.TestPeriodSummary" name="test_period_summary_basic" time="0.495" /><testcase classname="backend.tests.test_accounting_period_filters.TestPeriodSummary" name="test_period_summary_with_march_2026_dates" time="0.109" /><testcase classname="backend.tests.test_accounting_period_filters.TestPeriodSummary" name="test_period_summary_with_empty_date_range" time="0.138" /><testcase classname="backend.tests.test_accounting_period_filters.TestPeriodSummary" name="test_period_summary_requires_auth" time="0.143" /><testcase classname="backend.tests.test_accounting_period_filters.TestPaymentsDateFilter" name="test_payments_with_date_range" time="0.124" /><testcase classname="backend.tests.test_accounting_period_filters.TestPaymentsDateFilter" name="test_payments_without_date_filter" time="0.105" /><testcase classname="backend.tests.test_accounting_period_filters.TestPaymentsDateFilter" name="test_payments_date_from_only" time="0.147" /><testcase classname="backend.tests.test_accounting_period_filters.TestPaymentsDateFilter" name="test_payments_date_to_only" time="0.130" /><testcase classname="backend.tests.test_accounting_period_filters.TestExpensesDateFilter" name="test_expenses_with_date_range" time="0.124" /><testcase classname="backend.tests.test_accounting_period_filters.TestExpensesDateFilter" name="test_expenses_without_date_filter" time="0.122" /><testcase classname="backend.tests.test_accounting_period_filters.TestExpensesDateFilter" name="test_expenses_empty_date_range" time="0.114" /><testcase classname="backend.tests.test_accounting_period_filters.TestDebtorsDateFilter" name="test_debtors_with_date_range" time="0.120" /><testcase classname="backend.tests.test_accounting_period_filters.TestDebtorsDateFilter" name="test_debtors_without_date_filter" time="0.143" /><testcase classname="backend.tests.test_accounting_period_filters.TestDebtorsDateFilter" name="test_debtors_structure" time="0.135" /><testcase classname="backend.tests.test_accounting_period_filters.TestDebtorsDateFilter" name="test_debtors_requires_auth" time="0.122" /><testcase classname="backend.tests.test_accounting_period_filters.TestAccountingDateFilterIntegration" name="test_summary_matches_payments_total" time="0.221" /><testcase classname="backend.tests.test_accounting_period_filters.TestAccountingDateFilterIntegration" name="test_default_dates_are_current_month" time="0.000" /></testsuite></testsuites>