<?xml version="1.0" encoding="utf-8"?><testsuites name="pytest tests"><testsuite name="pytest" errors="0" failures="0" skipped="0" tests="23" time="38.048" timestamp="2026-04-07T22:33:34.940329+00:00" hostname="agent-env-5268eaff-6f04-4a13-9723-93e31202a831"><testcase classname="backend.tests.test_coordinacion.TestCoordinacionEnums" name="test_enums_returns_types" time="0.847" /><testcase classname="backend.tests.test_coordinacion.TestCoordinacionEnums" name="test_enums_returns_severities" time="0.868" /><testcase classname="backend.tests.test_coordinacion.TestCoordinacionEnums" name="test_enums_returns_statuses" time="0.488" /><testcase classname="backend.tests.test_coordinacion.TestCoordinacionDashboard" name="test_dashboard_returns_kpis" time="0.455" /><testcase classname="backend.tests.test_coordinacion.TestCoordinacionDashboard" name="test_dashboard_returns_by_severity" time="0.476" /><testcase classname="backend.tests.test_coordinacion.TestCoordinacionDashboard" name="test_dashboard_returns_by_grade" time="0.465" /><testcase classname="backend.tests.test_coordinacion.TestCoordinacionDashboard" name="test_dashboard_returns_reincidentes" time="0.451" /><testcase classname="backend.tests.test_coordinacion.TestCoordinacionDashboard" name="test_dashboard_returns_alertas" time="0.463" /><testcase classname="backend.tests.test_coordinacion.TestCoordinacionDashboard" name="test_dashboard_returns_recent_incidencias" time="0.476" /><testcase classname="backend.tests.test_coordinacion.TestCoordinacionIncidenciasCRUD" name="test_create_incidencia_success" time="1.440" /><testcase classname="backend.tests.test_coordinacion.TestCoordinacionIncidenciasCRUD" name="test_list_incidencias_paginated" time="1.130" /><testcase classname="backend.tests.test_coordinacion.TestCoordinacionIncidenciasCRUD" name="test_get_incidencia_detail" time="1.569" /><testcase classname="backend.tests.test_coordinacion.TestCoordinacionIncidenciasCRUD" name="test_update_incidencia" time="8.627" /><testcase classname="backend.tests.test_coordinacion.TestCoordinacionIncidenciasCRUD" name="test_delete_incidencia_admin_only" time="1.596" /><testcase classname="backend.tests.test_coordinacion.TestCoordinacionSeguimientos" name="test_create_seguimiento_updates_status" time="1.535" /><testcase classname="backend.tests.test_coordinacion.TestCoordinacionSeguimientos" name="test_list_seguimientos_timeline" time="13.937" /><testcase classname="backend.tests.test_coordinacion.TestCoordinacionRoleAccess" name="test_teacher_cannot_create_incidencia" time="0.478" /><testcase classname="backend.tests.test_coordinacion.TestCoordinacionRoleAccess" name="test_teacher_can_view_dashboard" time="0.438" /><testcase classname="backend.tests.test_coordinacion.TestCoordinacionRoleAccess" name="test_unauthenticated_access_denied" time="0.344" /><testcase classname="backend.tests.test_coordinacion.TestCoordinacionFilters" name="test_filter_by_status" time="0.486" /><testcase classname="backend.tests.test_coordinacion.TestCoordinacionFilters" name="test_filter_by_severity" time="0.482" /><testcase classname="backend.tests.test_coordinacion.TestCoordinacionFilters" name="test_search_query" time="0.466" /><testcase classname="backend.tests.test_coordinacion.TestCoordinacionFilters" name="test_pagination" time="0.466" /></testsuite></testsuites>