<?xml version="1.0" encoding="utf-8"?><testsuites name="pytest tests"><testsuite name="pytest" errors="0" failures="0" skipped="0" tests="15" time="5.120" timestamp="2026-03-22T13:19:03.510145+00:00" hostname="agent-env-593c18f3-565d-4b57-848d-a3842d0dc7e8"><testcase classname="backend.tests.test_parent_import.TestParentTemplateDownload" name="test_template_download_returns_xlsx" time="0.680" /><testcase classname="backend.tests.test_parent_import.TestParentTemplateDownload" name="test_template_requires_auth" time="0.106" /><testcase classname="backend.tests.test_parent_import.TestParentImport" name="test_import_valid_csv_creates_parents" time="0.822" /><testcase classname="backend.tests.test_parent_import.TestParentImport" name="test_import_duplicate_dni_auto_merge" time="0.108" /><testcase classname="backend.tests.test_parent_import.TestParentImport" name="test_import_invalid_data_creates_pending" time="0.152" /><testcase classname="backend.tests.test_parent_import.TestParentImport" name="test_import_requires_auth" time="0.119" /><testcase classname="backend.tests.test_parent_import.TestParentImport" name="test_import_rejects_invalid_format" time="0.106" /><testcase classname="backend.tests.test_parent_import.TestCredentialsDownload" name="test_credentials_download_returns_csv" time="0.456" /><testcase classname="backend.tests.test_parent_import.TestCredentialsDownload" name="test_credentials_invalid_batch_returns_404" time="0.098" /><testcase classname="backend.tests.test_parent_import.TestPendingManagement" name="test_get_pending_parents" time="0.099" /><testcase classname="backend.tests.test_parent_import.TestPendingManagement" name="test_pending_requires_auth" time="0.098" /><testcase classname="backend.tests.test_parent_import.TestPendingManagement" name="test_activate_pending_parent" time="0.545" /><testcase classname="backend.tests.test_parent_import.TestPendingManagement" name="test_delete_pending_parent" time="0.435" /><testcase classname="backend.tests.test_parent_import.TestPendingManagement" name="test_delete_invalid_pending_returns_404" time="0.167" /><testcase classname="backend.tests.test_parent_import.TestCleanup" name="test_cleanup_test_parents" time="1.049" /></testsuite></testsuites>