<?xml version="1.0" encoding="utf-8"?><testsuites name="pytest tests"><testsuite name="pytest" errors="0" failures="0" skipped="0" tests="13" time="5.077" timestamp="2026-02-28T14:56:36.450674+00:00" hostname="agent-env-2efacd7e-a660-485c-8c74-05b14215ad2d"><testcase classname="backend.tests.test_billing_modes.TestBillingModeInGlobalConfig" name="test_get_pricing_returns_billing_mode" time="0.538" /><testcase classname="backend.tests.test_billing_modes.TestBillingModeInGlobalConfig" name="test_get_pricing_returns_flat_fee" time="0.112" /><testcase classname="backend.tests.test_billing_modes.TestBillingModeInGlobalConfig" name="test_put_pricing_with_base_plus_student_mode" time="0.477" /><testcase classname="backend.tests.test_billing_modes.TestBillingModeInGlobalConfig" name="test_put_pricing_with_student_only_mode" time="0.488" /><testcase classname="backend.tests.test_billing_modes.TestBillingModeInGlobalConfig" name="test_put_pricing_with_flat_fee_mode" time="0.446" /><testcase classname="backend.tests.test_billing_modes.TestBillingModeInSchoolsList" name="test_schools_list_has_billing_mode" time="0.119" /><testcase classname="backend.tests.test_billing_modes.TestBillingModeInSchoolsList" name="test_schools_list_has_flat_fee" time="0.157" /><testcase classname="backend.tests.test_billing_modes.TestPriceCalculationByMode" name="test_base_plus_student_calculation" time="0.468" /><testcase classname="backend.tests.test_billing_modes.TestPriceCalculationByMode" name="test_student_only_calculation" time="0.446" /><testcase classname="backend.tests.test_billing_modes.TestPriceCalculationByMode" name="test_flat_fee_calculation" time="0.428" /><testcase classname="backend.tests.test_billing_modes.TestSchoolPricingWithBillingMode" name="test_school_pricing_returns_billing_mode" time="0.221" /><testcase classname="backend.tests.test_billing_modes.TestSchoolPricingWithBillingMode" name="test_set_school_billing_mode_override" time="0.447" /><testcase classname="backend.tests.test_billing_modes.TestBillingModeEndToEnd" name="test_billing_mode_propagates_to_schools" time="0.662" /></testsuite></testsuites>