<?xml version="1.0" encoding="utf-8"?><testsuites name="pytest tests"><testsuite name="pytest" errors="0" failures="0" skipped="0" tests="9" time="3.448" timestamp="2026-03-06T17:40:07.664549+00:00" hostname="agent-env-d6b38000-aa12-46dc-a9e8-2fd37b7bfa5e"><testcase classname="backend.tests.test_student_import_improvements.TestTemplateGeneration" name="test_template_requires_auth" time="0.218" /><testcase classname="backend.tests.test_student_import_improvements.TestTemplateGeneration" name="test_template_row2_shows_filter_names" time="0.511" /><testcase classname="backend.tests.test_student_import_improvements.TestTemplateGeneration" name="test_template_row4_has_credentials_note" time="0.118" /><testcase classname="backend.tests.test_student_import_improvements.TestTemplateGeneration" name="test_template_freeze_panes_at_a7" time="0.216" /><testcase classname="backend.tests.test_student_import_improvements.TestTemplateGeneration" name="test_template_has_hidden_metadata_sheet" time="0.147" /><testcase classname="backend.tests.test_student_import_improvements.TestStudentImport" name="test_example_row_not_imported" time="0.271" /><testcase classname="backend.tests.test_student_import_improvements.TestStudentImport" name="test_metadata_mismatch_detection" time="0.885" /><testcase classname="backend.tests.test_student_import_improvements.TestStudentImport" name="test_use_file_config_overrides_filters" time="0.565" /><testcase classname="backend.tests.test_student_import_improvements.TestCSVImport" name="test_csv_import_no_metadata_check" time="0.344" /></testsuite></testsuites>