<?xml version="1.0" encoding="utf-8"?><testsuites name="pytest tests"><testsuite name="pytest" errors="0" failures="0" skipped="0" tests="7" time="2.190" timestamp="2026-03-06T22:36:34.471688+00:00" hostname="agent-env-906ecef4-cf95-4e90-bbcd-230078bd425d"><testcase classname="backend.tests.test_attendance_redesign.TestAttendanceAPIs" name="test_qr_history_returns_role_field" time="0.702" /><testcase classname="backend.tests.test_attendance_redesign.TestAttendanceAPIs" name="test_qr_history_endpoint_structure" time="0.164" /><testcase classname="backend.tests.test_attendance_redesign.TestAttendanceAPIs" name="test_qr_scan_endpoint_exists" time="0.169" /><testcase classname="backend.tests.test_attendance_redesign.TestAttendanceAPIs" name="test_student_attendance_endpoint" time="0.413" /><testcase classname="backend.tests.test_attendance_redesign.TestAttendanceAPIs" name="test_teacher_attendance_endpoint" time="0.140" /><testcase classname="backend.tests.test_attendance_redesign.TestAttendanceAPIs" name="test_attendance_reports_endpoint" time="0.387" /><testcase classname="backend.tests.test_attendance_redesign.TestAttendanceAPIs" name="test_qr_generate_endpoint" time="0.145" /></testsuite></testsuites>