<?xml version="1.0" encoding="utf-8"?><testsuites name="pytest tests"><testsuite name="pytest" errors="0" failures="0" skipped="0" tests="13" time="1.180" timestamp="2026-02-13T05:39:56.691680+00:00" hostname="agent-env-46a19fed-ab9b-48a7-ad6f-78409a4771c8"><testcase classname="backend.tests.test_messaging_module.TestMessagingModule" name="test_01_get_messaging_stats" time="0.353" /><testcase classname="backend.tests.test_messaging_module.TestMessagingModule" name="test_02_create_institutional_message_normal_priority" time="0.039" /><testcase classname="backend.tests.test_messaging_module.TestMessagingModule" name="test_03_create_institutional_message_important_priority" time="0.037" /><testcase classname="backend.tests.test_messaging_module.TestMessagingModule" name="test_04_create_institutional_message_urgent_priority" time="0.040" /><testcase classname="backend.tests.test_messaging_module.TestMessagingModule" name="test_05_create_institutional_message_missing_title" time="0.035" /><testcase classname="backend.tests.test_messaging_module.TestMessagingModule" name="test_06_create_institutional_message_missing_content" time="0.036" /><testcase classname="backend.tests.test_messaging_module.TestMessagingModule" name="test_07_get_institutional_messages" time="0.039" /><testcase classname="backend.tests.test_messaging_module.TestMessagingModule" name="test_08_get_institutional_messages_with_limit" time="0.038" /><testcase classname="backend.tests.test_messaging_module.TestMessagingModule" name="test_09_mark_message_as_read" time="0.113" /><testcase classname="backend.tests.test_messaging_module.TestMessagingModule" name="test_10_mark_nonexistent_message_as_read" time="0.035" /><testcase classname="backend.tests.test_messaging_module.TestMessagingModule" name="test_11_delete_institutional_message" time="0.108" /><testcase classname="backend.tests.test_messaging_module.TestMessagingModule" name="test_12_verify_stats_after_operations" time="0.040" /><testcase classname="backend.tests.test_messaging_module.TestMessagingModule" name="test_99_cleanup_test_messages" time="0.136" /></testsuite></testsuites>