<?xml version="1.0" encoding="utf-8"?><testsuites name="pytest tests"><testsuite name="pytest" errors="0" failures="0" skipped="5" tests="12" time="2.526" timestamp="2026-03-21T14:27:25.027054+00:00" hostname="agent-env-ba40cf5c-6b8a-4376-b1a5-2ea15151eace"><testcase classname="backend.tests.test_unified_register_linkage_v2.TestUnifiedAvailabilityEndpoint" name="test_availability_returns_200" time="0.544" /><testcase classname="backend.tests.test_unified_register_linkage_v2.TestUnifiedAvailabilityEndpoint" name="test_availability_returns_required_fields" time="0.112" /><testcase classname="backend.tests.test_unified_register_linkage_v2.TestUnifiedAvailabilityEndpoint" name="test_em_taken_by_exam" time="0.109" /><testcase classname="backend.tests.test_unified_register_linkage_v2.TestTaskCreationWithRegisterColumn" name="test_create_task_with_p1_column" time="0.110"><skipped type="pytest.skip" message="No P columns available for testing">/app/backend/tests/test_unified_register_linkage_v2.py:140: No P columns available for testing</skipped></testcase><testcase classname="backend.tests.test_unified_register_linkage_v2.TestTaskCreationWithRegisterColumn" name="test_create_task_with_em_returns_400" time="0.108" /><testcase classname="backend.tests.test_unified_register_linkage_v2.TestTaskCreationWithRegisterColumn" name="test_create_task_with_eb_returns_400" time="0.132" /><testcase classname="backend.tests.test_unified_register_linkage_v2.TestCrossCollectionConflict" name="test_task_occupies_column_then_exam_returns_409" time="0.113"><skipped type="pytest.skip" message="No P columns available for testing">/app/backend/tests/test_unified_register_linkage_v2.py:250: No P columns available for testing</skipped></testcase><testcase classname="backend.tests.test_unified_register_linkage_v2.TestCrossCollectionConflict" name="test_delete_task_releases_column" time="0.121"><skipped type="pytest.skip" message="No P columns available for testing">/app/backend/tests/test_unified_register_linkage_v2.py:324: No P columns available for testing</skipped></testcase><testcase classname="backend.tests.test_unified_register_linkage_v2.TestExamWithoutPeriodId" name="test_exam_auto_resolves_period" time="0.242" /><testcase classname="backend.tests.test_unified_register_linkage_v2.TestLegacyEndpoint" name="test_legacy_register_availability" time="0.121" /><testcase classname="backend.tests.test_task_auto_zero_cron.TestTaskAutoZeroCron" name="test_task_auto_zero_cron" time="0.482"><skipped type="pytest.skip" message="No P columns available for testing auto-zero cron">/app/backend/tests/test_task_auto_zero_cron.py:84: No P columns available for testing auto-zero cron</skipped></testcase><testcase classname="backend.tests.test_task_auto_zero_cron.TestGradeSyncOnTaskSubmission" name="test_grade_sync_to_student_grades" time="0.127"><skipped type="pytest.skip" message="No P columns available for testing grade sync">/app/backend/tests/test_task_auto_zero_cron.py:230: No P columns available for testing grade sync</skipped></testcase></testsuite></testsuites>