<?xml version="1.0" encoding="utf-8"?><testsuites name="pytest tests"><testsuite name="pytest" errors="0" failures="0" skipped="0" tests="36" time="2.915" timestamp="2026-02-10T20:53:54.943891+00:00" hostname="agent-env-ea0728fc-1a21-42d6-a59e-efdb49390bb5"><testcase classname="backend.tests.test_accounting_module.TestAccountingSummary" name="test_get_summary_success" time="0.355" /><testcase classname="backend.tests.test_accounting_module.TestAccountingSummary" name="test_get_summary_with_year_month" time="0.045" /><testcase classname="backend.tests.test_accounting_module.TestAccountingSummary" name="test_get_summary_requires_auth" time="0.037" /><testcase classname="backend.tests.test_accounting_module.TestPayments" name="test_get_payments_success" time="0.043" /><testcase classname="backend.tests.test_accounting_module.TestPayments" name="test_get_payments_requires_auth" time="0.038" /><testcase classname="backend.tests.test_accounting_module.TestPayments" name="test_create_payment_pending" time="0.063" /><testcase classname="backend.tests.test_accounting_module.TestPayments" name="test_create_payment_without_igv" time="0.044" /><testcase classname="backend.tests.test_accounting_module.TestPayments" name="test_create_payment_invalid_student" time="0.038" /><testcase classname="backend.tests.test_accounting_module.TestPayments" name="test_get_payments_filter_by_status" time="0.041" /><testcase classname="backend.tests.test_accounting_module.TestPayments" name="test_get_payments_filter_by_concept" time="0.043" /><testcase classname="backend.tests.test_accounting_module.TestPayments" name="test_update_payment" time="0.041" /><testcase classname="backend.tests.test_accounting_module.TestPayments" name="test_confirm_payment" time="0.076" /><testcase classname="backend.tests.test_accounting_module.TestPayments" name="test_confirm_already_paid" time="0.043" /><testcase classname="backend.tests.test_accounting_module.TestPayments" name="test_cancel_payment" time="0.041" /><testcase classname="backend.tests.test_accounting_module.TestPayments" name="test_cancel_already_canceled" time="0.036" /><testcase classname="backend.tests.test_accounting_module.TestPayments" name="test_update_canceled_payment_fails" time="0.043" /><testcase classname="backend.tests.test_accounting_module.TestPayments" name="test_confirm_canceled_payment_fails" time="0.043" /><testcase classname="backend.tests.test_accounting_module.TestPayments" name="test_payment_not_found" time="0.041" /><testcase classname="backend.tests.test_accounting_module.TestExpenses" name="test_get_expenses_success" time="0.058" /><testcase classname="backend.tests.test_accounting_module.TestExpenses" name="test_get_expenses_requires_auth" time="0.042" /><testcase classname="backend.tests.test_accounting_module.TestExpenses" name="test_create_expense_with_igv" time="0.058" /><testcase classname="backend.tests.test_accounting_module.TestExpenses" name="test_create_expense_without_igv" time="0.037" /><testcase classname="backend.tests.test_accounting_module.TestExpenses" name="test_create_expense_missing_title" time="0.065" /><testcase classname="backend.tests.test_accounting_module.TestExpenses" name="test_get_expenses_filter_by_category" time="0.035" /><testcase classname="backend.tests.test_accounting_module.TestExpenses" name="test_update_expense" time="0.039" /><testcase classname="backend.tests.test_accounting_module.TestExpenses" name="test_update_expense_not_found" time="0.036" /><testcase classname="backend.tests.test_accounting_module.TestExpenses" name="test_delete_expense" time="0.072" /><testcase classname="backend.tests.test_accounting_module.TestExpenses" name="test_delete_expense_not_found" time="0.042" /><testcase classname="backend.tests.test_accounting_module.TestIGVCalculation" name="test_igv_calculation_standard" time="0.323" /><testcase classname="backend.tests.test_accounting_module.TestIGVCalculation" name="test_igv_disabled" time="0.080" /><testcase classname="backend.tests.test_accounting_module.TestAccountingIntegration" name="test_full_payment_workflow" time="0.237" /><testcase classname="backend.tests.test_accounting_module.TestAccountingIntegration" name="test_summary_reflects_transactions" time="0.230" /><testcase classname="backend.tests.test_accounting_module.TestAccountingPermissions" name="test_owner_has_access" time="0.042" /><testcase classname="backend.tests.test_accounting_module.TestAccountingPermissions" name="test_unauthenticated_denied" time="0.151" /><testcase classname="backend.tests.test_accounting_module.TestCleanup" name="test_cleanup_test_payments" time="0.076" /><testcase classname="backend.tests.test_accounting_module.TestCleanup" name="test_cleanup_test_expenses" time="0.071" /></testsuite></testsuites>