<?xml version="1.0" encoding="utf-8"?><testsuites name="pytest tests"><testsuite name="pytest" errors="0" failures="0" skipped="1" tests="16" time="4.582" timestamp="2026-03-02T02:47:24.183869+00:00" hostname="agent-env-efc2fe56-815b-4b93-b2b0-614a2becd5a1"><testcase classname="backend.tests.test_student_status.TestPaymentConceptsAPI" name="test_get_payment_concepts" time="0.496" /><testcase classname="backend.tests.test_student_status.TestStudentEnrollment" name="test_enroll_student_requires_auth" time="0.112" /><testcase classname="backend.tests.test_student_status.TestStudentEnrollment" name="test_enroll_student_requires_grade_section" time="0.462" /><testcase classname="backend.tests.test_student_status.TestStudentEnrollment" name="test_enroll_student_success" time="0.347"><skipped type="pytest.skip" message="No academic data available">/app/backend/tests/test_student_status.py:101: No academic data available</skipped></testcase><testcase classname="backend.tests.test_student_status.TestStudentStatusChange" name="test_status_change_requires_auth" time="0.109" /><testcase classname="backend.tests.test_student_status.TestStudentStatusChange" name="test_status_change_invalid_status" time="0.226" /><testcase classname="backend.tests.test_student_status.TestStudentStatusChange" name="test_status_change_to_withdrawn" time="0.238" /><testcase classname="backend.tests.test_student_status.TestStudentStatusChange" name="test_status_change_to_active" time="0.272" /><testcase classname="backend.tests.test_student_status.TestStudentStatusChange" name="test_valid_statuses" time="0.783" /><testcase classname="backend.tests.test_student_status.TestStudentMigration" name="test_migration_requires_auth" time="0.104" /><testcase classname="backend.tests.test_student_status.TestStudentMigration" name="test_migration_endpoint" time="0.113" /><testcase classname="backend.tests.test_student_status.TestLoginRestriction" name="test_withdrawn_student_cannot_login" time="0.768" /><testcase classname="backend.tests.test_student_status.TestStudentStatusFilter" name="test_students_have_status_field" time="0.130" /><testcase classname="backend.tests.test_student_status.TestActivationConfig" name="test_get_financial_settings" time="0.126" /><testcase classname="backend.tests.test_student_status.TestActivationConfig" name="test_set_activation_mode_matricula" time="0.108" /><testcase classname="backend.tests.test_student_status.TestActivationConfig" name="test_set_activation_mode_matricula_pension" time="0.121" /></testsuite></testsuites>