<?xml version="1.0" encoding="utf-8"?><testsuites name="pytest tests"><testsuite name="pytest" errors="0" failures="0" skipped="0" tests="11" time="2.751" timestamp="2026-03-07T00:07:01.420310+00:00" hostname="agent-env-a119bfae-f125-40ad-9df0-5e0f5dcbae57"><testcase classname="backend.tests.test_timezone_attendance.TestTimezoneDisplaysPeruTime" name="test_current_time_difference" time="0.000" /><testcase classname="backend.tests.test_timezone_attendance.TestStudentQRScanEntryExit" name="test_qr_scan_entry_returns_peru_time" time="0.619" /><testcase classname="backend.tests.test_timezone_attendance.TestStudentQRScanEntryExit" name="test_qr_scan_exit_after_entry_works" time="0.119" /><testcase classname="backend.tests.test_timezone_attendance.TestStudentQRScanEntryExit" name="test_qr_scan_already_both_returns_peru_times" time="0.170" /><testcase classname="backend.tests.test_timezone_attendance.TestTeacherQRScanEntryExit" name="test_teacher_qr_scan_entry" time="0.698" /><testcase classname="backend.tests.test_timezone_attendance.TestTeacherQRScanEntryExit" name="test_teacher_qr_scan_exit" time="0.113" /><testcase classname="backend.tests.test_timezone_attendance.TestManualEntryExit" name="test_manual_entry_returns_peru_time" time="0.131" /><testcase classname="backend.tests.test_timezone_attendance.TestManualEntryExit" name="test_manual_exit_returns_peru_time_and_total_minutes" time="0.142" /><testcase classname="backend.tests.test_timezone_attendance.TestQRHistoryPeruTimes" name="test_qr_history_shows_peru_times" time="0.108" /><testcase classname="backend.tests.test_timezone_attendance.TestPeruDateNotUTCDate" name="test_uses_peru_date_for_attendance" time="0.133" /><testcase classname="backend.tests.test_timezone_attendance.TestExitAfterEntryNoAlreadyMarkedError" name="test_full_entry_exit_flow_no_errors" time="0.439" /></testsuite></testsuites>