<?xml version="1.0" encoding="utf-8"?><testsuites name="pytest tests"><testsuite name="pytest" errors="0" failures="0" skipped="0" tests="9" time="5.312" timestamp="2026-02-20T14:54:42.583491+00:00" hostname="agent-env-57771103-74f2-439b-b34c-2c05f0634c4c"><testcase classname="backend.tests.test_schedule_breaks.TestScheduleBreaksAPI" name="test_get_schedule_breaks" time="0.502" /><testcase classname="backend.tests.test_schedule_breaks.TestScheduleBreaksAPI" name="test_create_break_recreo" time="0.475" /><testcase classname="backend.tests.test_schedule_breaks.TestScheduleBreaksAPI" name="test_create_break_almuerzo" time="0.526" /><testcase classname="backend.tests.test_schedule_breaks.TestScheduleBreaksAPI" name="test_create_break_evento" time="0.551" /><testcase classname="backend.tests.test_schedule_breaks.TestScheduleBreaksAPI" name="test_create_break_overlap_validation" time="0.580" /><testcase classname="backend.tests.test_schedule_breaks.TestScheduleBreaksAPI" name="test_update_break" time="0.780" /><testcase classname="backend.tests.test_schedule_breaks.TestScheduleBreaksAPI" name="test_delete_break" time="0.575" /><testcase classname="backend.tests.test_schedule_breaks.TestScheduleBreaksAPI" name="test_break_prevents_class_scheduling" time="0.578" /><testcase classname="backend.tests.test_schedule_breaks.TestScheduleBreaksIntegration" name="test_breaks_loaded_with_schedule_data" time="0.685" /></testsuite></testsuites>