<?xml version="1.0" encoding="utf-8"?><testsuites name="pytest tests"><testsuite name="pytest" errors="0" failures="0" skipped="0" tests="15" time="36.775" timestamp="2026-02-15T17:49:01.670389+00:00" hostname="agent-env-8535dcc1-51c8-47a9-8896-491820f1ad6b"><testcase classname="backend.tests.test_task_archive_delete.TestTaskArchiveDelete" name="test_submission_stats_endpoint_exists" time="0.682" /><testcase classname="backend.tests.test_task_archive_delete.TestTaskArchiveDelete" name="test_submission_stats_returns_404_for_nonexistent_task" time="0.642" /><testcase classname="backend.tests.test_task_archive_delete.TestTaskArchiveDelete" name="test_delete_task_without_submissions_succeeds" time="0.610" /><testcase classname="backend.tests.test_task_archive_delete.TestTaskArchiveDelete" name="test_delete_creates_audit_log" time="0.607" /><testcase classname="backend.tests.test_task_archive_delete.TestTaskArchiveDelete" name="test_archive_task_endpoint_exists" time="0.761" /><testcase classname="backend.tests.test_task_archive_delete.TestTaskArchiveDelete" name="test_archive_already_archived_task_fails" time="0.984" /><testcase classname="backend.tests.test_task_archive_delete.TestTaskArchiveDelete" name="test_archive_nonexistent_task_returns_404" time="0.465" /><testcase classname="backend.tests.test_task_archive_delete.TestTaskArchiveDelete" name="test_restore_archived_task_succeeds" time="0.692" /><testcase classname="backend.tests.test_task_archive_delete.TestTaskArchiveDelete" name="test_restore_active_task_fails" time="0.761" /><testcase classname="backend.tests.test_task_archive_delete.TestTaskArchiveDelete" name="test_restore_nonexistent_task_returns_404" time="0.559" /><testcase classname="backend.tests.test_task_archive_delete.TestTaskArchiveDelete" name="test_get_archived_tasks_endpoint_exists" time="0.437" /><testcase classname="backend.tests.test_task_archive_delete.TestTaskArchiveDelete" name="test_archived_task_appears_in_list" time="26.579" /><testcase classname="backend.tests.test_task_archive_delete.TestTaskArchiveDelete" name="test_restored_task_removed_from_archived_list" time="0.783" /><testcase classname="backend.tests.test_task_archive_delete.TestTaskArchiveDelete" name="test_archived_task_excluded_from_main_list" time="1.812" /><testcase classname="backend.tests.test_task_archive_delete.TestTaskWithSubmissionsCannotBeDeleted" name="test_delete_task_with_submissions_returns_error_code" time="0.345" /></testsuite></testsuites>