<?xml version="1.0" encoding="utf-8"?><testsuites name="pytest tests"><testsuite name="pytest" errors="0" failures="0" skipped="0" tests="19" time="6.351" timestamp="2026-02-13T19:08:30.681455+00:00" hostname="agent-env-83faf694-c94b-46a5-81fa-308ce3bc18f8"><testcase classname="backend.tests.test_admin_academic_management.TestAdminAuthentication" name="test_admin_login_success" time="0.444" /><testcase classname="backend.tests.test_admin_academic_management.TestAdminGradesManagement" name="test_get_grades_summary" time="0.566" /><testcase classname="backend.tests.test_admin_academic_management.TestAdminGradesManagement" name="test_get_admin_grades_list" time="0.124" /><testcase classname="backend.tests.test_admin_academic_management.TestAdminGradesManagement" name="test_get_admin_grades_with_filter" time="0.301" /><testcase classname="backend.tests.test_admin_academic_management.TestAdminAttendanceManagement" name="test_get_attendance_summary" time="0.520" /><testcase classname="backend.tests.test_admin_academic_management.TestAdminAttendanceManagement" name="test_get_attendance_summary_with_date_range" time="0.159" /><testcase classname="backend.tests.test_admin_academic_management.TestAdminAttendanceManagement" name="test_get_admin_attendance_list" time="0.140" /><testcase classname="backend.tests.test_admin_academic_management.TestAdminAttendanceManagement" name="test_get_admin_attendance_with_filters" time="0.159" /><testcase classname="backend.tests.test_admin_academic_management.TestAdminTasksManagement" name="test_get_tasks_summary" time="0.488" /><testcase classname="backend.tests.test_admin_academic_management.TestAdminTasksManagement" name="test_get_admin_tasks_list" time="0.132" /><testcase classname="backend.tests.test_admin_academic_management.TestAdminTasksManagement" name="test_get_admin_tasks_with_status_filter" time="0.574" /><testcase classname="backend.tests.test_admin_academic_management.TestAdminExamsManagement" name="test_get_exams_summary" time="0.528" /><testcase classname="backend.tests.test_admin_academic_management.TestAdminExamsManagement" name="test_get_admin_exams_list" time="0.127" /><testcase classname="backend.tests.test_admin_academic_management.TestAdminExamsManagement" name="test_get_admin_exams_with_status_filter" time="0.711" /><testcase classname="backend.tests.test_admin_academic_management.TestAdminAcademicDataDependencies" name="test_get_academic_levels" time="0.625" /><testcase classname="backend.tests.test_admin_academic_management.TestAdminAcademicDataDependencies" name="test_get_academic_grades" time="0.179" /><testcase classname="backend.tests.test_admin_academic_management.TestAdminAcademicDataDependencies" name="test_get_academic_sections" time="0.244" /><testcase classname="backend.tests.test_admin_academic_management.TestAdminAcademicDataDependencies" name="test_get_subjects" time="0.117" /><testcase classname="backend.tests.test_admin_academic_management.TestAdminAcademicDataDependencies" name="test_get_active_teachers" time="0.120" /></testsuite></testsuites>