<?xml version="1.0" encoding="utf-8"?><testsuites name="pytest tests"><testsuite name="pytest" errors="0" failures="3" skipped="1" tests="16" time="4.444" timestamp="2026-03-02T02:46:34.866153+00:00" hostname="agent-env-efc2fe56-815b-4b93-b2b0-614a2becd5a1"><testcase classname="backend.tests.test_student_status.TestPaymentConceptsAPI" name="test_get_payment_concepts" time="0.668" /><testcase classname="backend.tests.test_student_status.TestStudentEnrollment" name="test_enroll_student_requires_auth" time="0.112" /><testcase classname="backend.tests.test_student_status.TestStudentEnrollment" name="test_enroll_student_requires_grade_section" time="0.596" /><testcase classname="backend.tests.test_student_status.TestStudentEnrollment" name="test_enroll_student_success" time="0.389"><skipped type="pytest.skip" message="No academic data available">/app/backend/tests/test_student_status.py:99: No academic data available</skipped></testcase><testcase classname="backend.tests.test_student_status.TestStudentStatusChange" name="test_status_change_requires_auth" time="0.109" /><testcase classname="backend.tests.test_student_status.TestStudentStatusChange" name="test_status_change_invalid_status" time="0.249" /><testcase classname="backend.tests.test_student_status.TestStudentStatusChange" name="test_status_change_to_withdrawn" time="0.240"><failure message="assert 404 == 200&#10; +  where 404 = &lt;Response [404]&gt;.status_code">backend/tests/test_student_status.py:157: in test_status_change_to_withdrawn
    assert response.status_code == 200
E   assert 404 == 200
E    +  where 404 = &lt;Response [404]&gt;.status_code</failure></testcase><testcase classname="backend.tests.test_student_status.TestStudentStatusChange" name="test_status_change_to_active" time="0.240"><failure message="assert 404 == 200&#10; +  where 404 = &lt;Response [404]&gt;.status_code">backend/tests/test_student_status.py:172: in test_status_change_to_active
    assert response.status_code == 200
E   assert 404 == 200
E    +  where 404 = &lt;Response [404]&gt;.status_code</failure></testcase><testcase classname="backend.tests.test_student_status.TestStudentStatusChange" name="test_valid_statuses" time="0.222"><failure message="AssertionError: Failed for status: pending&#10;assert 404 == 200&#10; +  where 404 = &lt;Response [404]&gt;.status_code">backend/tests/test_student_status.py:189: in test_valid_statuses
    assert response.status_code == 200, f"Failed for status: {status}"
E   AssertionError: Failed for status: pending
E   assert 404 == 200
E    +  where 404 = &lt;Response [404]&gt;.status_code</failure></testcase><testcase classname="backend.tests.test_student_status.TestStudentMigration" name="test_migration_requires_auth" time="0.111" /><testcase classname="backend.tests.test_student_status.TestStudentMigration" name="test_migration_endpoint" time="0.112" /><testcase classname="backend.tests.test_student_status.TestLoginRestriction" name="test_withdrawn_student_cannot_login" time="0.675" /><testcase classname="backend.tests.test_student_status.TestStudentStatusFilter" name="test_students_have_status_field" time="0.198" /><testcase classname="backend.tests.test_student_status.TestActivationConfig" name="test_get_financial_settings" time="0.161" /><testcase classname="backend.tests.test_student_status.TestActivationConfig" name="test_set_activation_mode_matricula" time="0.147" /><testcase classname="backend.tests.test_student_status.TestActivationConfig" name="test_set_activation_mode_matricula_pension" time="0.116" /></testsuite></testsuites>