<?xml version="1.0" encoding="utf-8"?><testsuites name="pytest tests"><testsuite name="pytest" errors="0" failures="1" skipped="0" tests="12" time="17.803" timestamp="2026-02-25T19:43:38.779227+00:00" hostname="agent-env-514de2c7-28ee-415a-8655-9527b233430b"><testcase classname="backend.tests.test_websocket_notifications.TestWebSocketNotifications" name="test_get_unread_count" time="0.559" /><testcase classname="backend.tests.test_websocket_notifications.TestWebSocketNotifications" name="test_get_all_notifications_structure" time="0.407" /><testcase classname="backend.tests.test_websocket_notifications.TestWebSocketNotifications" name="test_notifications_have_link_destino" time="0.523" /><testcase classname="backend.tests.test_websocket_notifications.TestWebSocketNotifications" name="test_test_push_endpoint" time="0.511" /><testcase classname="backend.tests.test_websocket_notifications.TestWebSocketNotifications" name="test_mark_notification_read" time="0.622" /><testcase classname="backend.tests.test_websocket_notifications.TestWebSocketNotifications" name="test_mark_all_as_read" time="0.515" /><testcase classname="backend.tests.test_websocket_notifications.TestWebSocketNotifications" name="test_notification_endpoints_require_auth" time="0.850" /><testcase classname="backend.tests.test_websocket_notifications.TestWebSocketConnection" name="test_websocket_connects_with_valid_token" time="0.772"><failure message="Failed: WebSocket connection failed: 'ClientConnection' object has no attribute 'open'">backend/tests/test_websocket_notifications.py:229: in test_websocket_connects_with_valid_token
    assert ws.open, "WebSocket should be open"
           ^^^^^^^
E   AttributeError: 'ClientConnection' object has no attribute 'open'

During handling of the above exception, another exception occurred:
backend/tests/test_websocket_notifications.py:238: in test_websocket_connects_with_valid_token
    pytest.fail(f"WebSocket connection failed: {e}")
E   Failed: WebSocket connection failed: 'ClientConnection' object has no attribute 'open'</failure></testcase><testcase classname="backend.tests.test_websocket_notifications.TestWebSocketConnection" name="test_websocket_rejects_without_token" time="0.737" /><testcase classname="backend.tests.test_websocket_notifications.TestWebSocketConnection" name="test_websocket_rejects_invalid_token" time="0.513" /><testcase classname="backend.tests.test_websocket_notifications.TestWebSocketConnection" name="test_websocket_receives_push_notification" time="11.233" /><testcase classname="backend.tests.test_websocket_notifications.TestWebSocketBroadcastOnMessage" name="test_online_users_count_from_test_push" time="0.459" /></testsuite></testsuites>