<?xml version="1.0" encoding="utf-8"?><testsuites name="pytest tests"><testsuite name="pytest" errors="0" failures="0" skipped="0" tests="18" time="3.648" timestamp="2026-02-23T00:55:33.629490+00:00" hostname="agent-env-6acc354a-8d6b-47c6-9057-3ab3b5e1676d"><testcase classname="backend.tests.test_academic_contacts.TestAcademicContactsAPI" name="test_teacher_contacts_returns_200" time="0.576" /><testcase classname="backend.tests.test_academic_contacts.TestAcademicContactsAPI" name="test_teacher_contacts_has_categorized_structure" time="0.145" /><testcase classname="backend.tests.test_academic_contacts.TestAcademicContactsAPI" name="test_teacher_contacts_has_four_categories" time="0.131" /><testcase classname="backend.tests.test_academic_contacts.TestAcademicContactsAPI" name="test_teacher_categories_metadata" time="0.112" /><testcase classname="backend.tests.test_academic_contacts.TestAcademicContactsAPI" name="test_teacher_contacts_have_required_fields" time="0.123" /><testcase classname="backend.tests.test_academic_contacts.TestAcademicContactsAPI" name="test_teacher_contacts_category_counts_match" time="0.108" /><testcase classname="backend.tests.test_academic_contacts.TestAcademicContactsAPI" name="test_teacher_flat_contacts_list_exists" time="0.178" /><testcase classname="backend.tests.test_academic_contacts.TestAcademicContactsAPI" name="test_student_contacts_returns_200" time="0.474" /><testcase classname="backend.tests.test_academic_contacts.TestAcademicContactsAPI" name="test_student_contacts_is_flat_list" time="0.124" /><testcase classname="backend.tests.test_academic_contacts.TestAcademicContactsAPI" name="test_student_contacts_have_required_fields" time="0.130" /><testcase classname="backend.tests.test_academic_contacts.TestAcademicContactsAPI" name="test_student_contacts_include_teachers" time="0.128" /><testcase classname="backend.tests.test_academic_contacts.TestAcademicContactsAPI" name="test_admin_contacts_returns_200" time="0.486" /><testcase classname="backend.tests.test_academic_contacts.TestAcademicContactsAPI" name="test_admin_contacts_is_flat_list" time="0.161" /><testcase classname="backend.tests.test_academic_contacts.TestAcademicContactsAPI" name="test_admin_contacts_include_all_roles" time="0.125" /><testcase classname="backend.tests.test_academic_contacts.TestAcademicContactsAPI" name="test_teacher_contacts_role_labels" time="0.155" /><testcase classname="backend.tests.test_academic_contacts.TestAcademicContactsAPI" name="test_contacts_have_unread_count" time="0.125" /><testcase classname="backend.tests.test_academic_contacts.TestAcademicContactsEdgeCases" name="test_unauthenticated_request_fails" time="0.130" /><testcase classname="backend.tests.test_academic_contacts.TestAcademicContactsEdgeCases" name="test_invalid_token_fails" time="0.155" /></testsuite></testsuites>