<?xml version="1.0" encoding="utf-8"?><testsuites name="pytest tests"><testsuite name="pytest" errors="0" failures="0" skipped="0" tests="15" time="2.193" timestamp="2026-05-25T15:15:53.500896+00:00" hostname="agent-env-b51fbed7-b10f-4920-b176-aec5ccedb747"><testcase classname="backend.tests.test_conducta_extendida.TestTemplate" name="test_get_template_returns_mode_template_default_template" time="0.526" /><testcase classname="backend.tests.test_conducta_extendida.TestTemplate" name="test_put_mode_extended" time="0.075" /><testcase classname="backend.tests.test_conducta_extendida.TestTemplate" name="test_put_invalid_mode_400" time="0.139" /><testcase classname="backend.tests.test_conducta_extendida.TestTemplate" name="test_put_secciones_validation_empty" time="0.072" /><testcase classname="backend.tests.test_conducta_extendida.TestTemplate" name="test_put_secciones_validation_no_criterios" time="0.070" /><testcase classname="backend.tests.test_conducta_extendida.TestTemplate" name="test_put_secciones_validation_no_name" time="0.070" /><testcase classname="backend.tests.test_conducta_extendida.TestTemplate" name="test_put_secciones_update_persist_and_normalize" time="0.143" /><testcase classname="backend.tests.test_conducta_extendida.TestScores" name="test_list_scores_returns_students_and_template" time="0.241" /><testcase classname="backend.tests.test_conducta_extendida.TestScores" name="test_list_scores_invalid_section_404" time="0.070" /><testcase classname="backend.tests.test_conducta_extendida.TestScores" name="test_list_scores_unauthorized_no_token" time="0.145" /><testcase classname="backend.tests.test_conducta_extendida.TestScores" name="test_save_scores_persists" time="0.158" /><testcase classname="backend.tests.test_conducta_extendida.TestScores" name="test_save_scores_out_of_range_400" time="0.076" /><testcase classname="backend.tests.test_conducta_extendida.TestScores" name="test_save_scores_unknown_criterio_ignored" time="0.143" /><testcase classname="backend.tests.test_conducta_extendida.TestLibretaIntegration" name="test_libreta_includes_conducta_extendida" time="0.086" /><testcase classname="backend.tests.test_conducta_extendida.TestLibretaIntegration" name="test_libreta_by_period_has_scores_for_bimestre_i" time="0.100" /></testsuite></testsuites>