<?xml version="1.0" encoding="utf-8"?><testsuites name="pytest tests"><testsuite name="pytest" errors="0" failures="0" skipped="0" tests="12" time="3.759" timestamp="2026-02-11T22:36:52.545742+00:00" hostname="agent-env-7785c2d8-3be6-4265-a055-0e115d6a488f"><testcase classname="backend.tests.test_section_types.TestSectionTypesModule" name="test_01_login_success" time="0.306" /><testcase classname="backend.tests.test_section_types.TestSectionTypesModule" name="test_02_get_section_types_returns_catalog" time="0.276" /><testcase classname="backend.tests.test_section_types.TestSectionTypesModule" name="test_03_section_types_have_correct_labels" time="0.277" /><testcase classname="backend.tests.test_section_types.TestSectionTypesModule" name="test_04_section_types_are_ordered" time="0.277" /><testcase classname="backend.tests.test_section_types.TestSectionTypesModule" name="test_05_get_grades_for_section_creation" time="0.278" /><testcase classname="backend.tests.test_section_types.TestSectionTypesModule" name="test_06_create_section_with_section_type_id" time="0.371" /><testcase classname="backend.tests.test_section_types.TestSectionTypesModule" name="test_07_create_section_requires_section_type_id" time="0.297" /><testcase classname="backend.tests.test_section_types.TestSectionTypesModule" name="test_08_duplicate_section_type_in_grade_rejected" time="0.377" /><testcase classname="backend.tests.test_section_types.TestSectionTypesModule" name="test_09_existing_sections_have_section_type_id" time="0.274" /><testcase classname="backend.tests.test_section_types.TestSectionTypesModule" name="test_10_sections_response_includes_required_fields" time="0.312" /><testcase classname="backend.tests.test_section_types.TestSectionTypesModule" name="test_11_create_section_with_invalid_type_id_fails" time="0.332" /><testcase classname="backend.tests.test_section_types.TestSectionTypesModule" name="test_12_create_section_with_invalid_grade_id_fails" time="0.283" /></testsuite></testsuites>