<?xml version="1.0" encoding="utf-8"?><testsuites name="pytest tests"><testsuite name="pytest" errors="0" failures="0" skipped="0" tests="7" time="6.444" timestamp="2026-04-07T00:52:00.745960+00:00" hostname="agent-env-5268eaff-6f04-4a13-9723-93e31202a831"><testcase classname="backend.tests.test_teacher_export_credentials.TestTeacherExportCredentials" name="test_export_credentials_returns_200_for_admin" time="4.504" /><testcase classname="backend.tests.test_teacher_export_credentials.TestTeacherExportCredentials" name="test_export_credentials_returns_403_for_teacher" time="0.430" /><testcase classname="backend.tests.test_teacher_export_credentials.TestTeacherExportCredentials" name="test_export_credentials_returns_401_without_token" time="0.162" /><testcase classname="backend.tests.test_teacher_export_credentials.TestTeacherExportCredentials" name="test_export_credentials_excel_structure" time="0.597" /><testcase classname="backend.tests.test_teacher_export_credentials.TestTeacherExportCredentials" name="test_teachers_sorted_alphabetically_by_last_name" time="0.434" /><testcase classname="backend.tests.test_teacher_export_credentials.TestTeacherExportCredentialsEdgeCases" name="test_export_with_invalid_token" time="0.146" /><testcase classname="backend.tests.test_teacher_export_credentials.TestTeacherExportCredentialsEdgeCases" name="test_export_with_malformed_auth_header" time="0.108" /></testsuite></testsuites>