<?xml version="1.0" encoding="utf-8"?><testsuites name="pytest tests"><testsuite name="pytest" errors="0" failures="0" skipped="0" tests="11" time="6.388" timestamp="2026-03-12T03:28:06.763665+00:00" hostname="agent-env-bf49b0ba-1bf4-4665-9ba6-d17ca89c3120"><testcase classname="backend.tests.test_support_school_unassign.TestSupportSchoolUnassign" name="test_01_login_support_user" time="0.443" /><testcase classname="backend.tests.test_support_school_unassign.TestSupportSchoolUnassign" name="test_02_get_support_schools_returns_list" time="0.437" /><testcase classname="backend.tests.test_support_school_unassign.TestSupportSchoolUnassign" name="test_03_get_all_schools" time="0.419" /><testcase classname="backend.tests.test_support_school_unassign.TestSupportSchoolUnassign" name="test_04_get_support_overview" time="0.422" /><testcase classname="backend.tests.test_support_school_unassign.TestSupportSchoolUnassign" name="test_05_unassign_school" time="0.534" /><testcase classname="backend.tests.test_support_school_unassign.TestSupportSchoolUnassign" name="test_06_unassigned_school_not_in_schools_list" time="0.583" /><testcase classname="backend.tests.test_support_school_unassign.TestSupportSchoolUnassign" name="test_07_unassigned_school_shows_in_all_schools_with_false" time="0.533" /><testcase classname="backend.tests.test_support_school_unassign.TestSupportSchoolUnassign" name="test_08_reassign_previously_unassigned_school" time="0.543" /><testcase classname="backend.tests.test_support_school_unassign.TestSupportSchoolUnassign" name="test_09_after_reassign_school_appears_back" time="1.147" /><testcase classname="backend.tests.test_support_school_unassign.TestSupportSchoolUnassign" name="test_10_overview_count_updates_after_unassign" time="0.694" /><testcase classname="backend.tests.test_support_school_unassign.TestSupportSchoolUnassign" name="test_11_auto_assign_does_not_recreate_unassigned" time="0.565" /></testsuite></testsuites>