<?xml version="1.0" encoding="utf-8"?><testsuites name="pytest tests"><testsuite name="pytest" errors="0" failures="0" skipped="0" tests="6" time="1.432" timestamp="2026-02-26T06:40:26.274710+00:00" hostname="agent-env-bd7fd4f3-a248-430a-a46c-7757cfb5a184"><testcase classname="backend.tests.test_exam_rules_screen.TestExamInfoEndpoint" name="test_exam_info_endpoint_returns_200" time="0.472" /><testcase classname="backend.tests.test_exam_rules_screen.TestExamInfoEndpoint" name="test_exam_info_returns_correct_fields" time="0.123" /><testcase classname="backend.tests.test_exam_rules_screen.TestExamInfoEndpoint" name="test_exam_info_returns_exam_data" time="0.103" /><testcase classname="backend.tests.test_exam_rules_screen.TestExamInfoEndpoint" name="test_exam_info_requires_auth" time="0.116" /><testcase classname="backend.tests.test_exam_rules_screen.TestExamInfoEndpoint" name="test_exam_info_not_found" time="0.114" /><testcase classname="backend.tests.test_exam_rules_screen.TestExamStartEndpoint" name="test_owner_cannot_start_exam" time="0.448" /></testsuite></testsuites>