<?xml version="1.0" encoding="utf-8"?><testsuites name="pytest tests"><testsuite name="pytest" errors="0" failures="0" skipped="1" tests="15" time="3.411" timestamp="2026-03-22T03:36:52.629055+00:00" hostname="agent-env-b251dc91-caa2-4696-bb8c-ee4c907afe87"><testcase classname="backend.tests.test_academia_portal.TestPortalStats" name="test_portal_stats_returns_published_counts" time="0.483" /><testcase classname="backend.tests.test_academia_portal.TestPortalCategories" name="test_portal_categories_returns_active_with_videos" time="0.124" /><testcase classname="backend.tests.test_academia_portal.TestPortalCategories" name="test_portal_categories_excludes_empty_categories" time="0.541" /><testcase classname="backend.tests.test_academia_portal.TestPortalVideos" name="test_portal_videos_returns_published_only" time="0.103" /><testcase classname="backend.tests.test_academia_portal.TestPortalVideos" name="test_portal_videos_enriched_with_category_names" time="0.106" /><testcase classname="backend.tests.test_academia_portal.TestPortalVideos" name="test_portal_videos_search" time="0.230" /><testcase classname="backend.tests.test_academia_portal.TestPortalVideos" name="test_portal_videos_filter_by_category" time="0.222" /><testcase classname="backend.tests.test_academia_portal.TestPortalVideoDetail" name="test_portal_video_detail_returns_published" time="0.238" /><testcase classname="backend.tests.test_academia_portal.TestPortalVideoDetail" name="test_portal_video_detail_404_for_unpublished" time="0.097"><skipped type="pytest.skip" message="No unpublished videos to test">/app/backend/tests/test_academia_portal.py:234: No unpublished videos to test</skipped></testcase><testcase classname="backend.tests.test_academia_portal.TestPortalAuthorization" name="test_portal_requires_authentication" time="0.330" /><testcase classname="backend.tests.test_academia_portal.TestPortalAuthorization" name="test_portal_accessible_by_school_admin" time="0.108" /><testcase classname="backend.tests.test_academia_portal.TestPortalAuthorization" name="test_portal_returns_403_for_non_school_users" time="0.115" /><testcase classname="backend.tests.test_academia_portal.TestNoCreateEditDeleteInPortal" name="test_portal_has_no_post_endpoints" time="0.213" /><testcase classname="backend.tests.test_academia_portal.TestNoCreateEditDeleteInPortal" name="test_portal_has_no_put_endpoints" time="0.204" /><testcase classname="backend.tests.test_academia_portal.TestNoCreateEditDeleteInPortal" name="test_portal_has_no_delete_endpoints" time="0.225" /></testsuite></testsuites>