<?xml version="1.0" encoding="utf-8"?><testsuites name="pytest tests"><testsuite name="pytest" errors="0" failures="0" skipped="0" tests="13" time="2.579" timestamp="2026-02-27T15:17:44.424087+00:00" hostname="agent-env-bc2e99e6-99dd-4c86-b2a4-27cfe7d13c65"><testcase classname="backend.tests.test_parent_student_dashboard.TestParentProfile" name="test_get_parent_profile_with_children" time="0.638" /><testcase classname="backend.tests.test_parent_student_dashboard.TestParentProfile" name="test_parent_profile_requires_auth" time="0.157" /><testcase classname="backend.tests.test_parent_student_dashboard.TestParentDashboard" name="test_dashboard_returns_full_student_data" time="0.118" /><testcase classname="backend.tests.test_parent_student_dashboard.TestParentDashboard" name="test_dashboard_returns_task_progress" time="0.140" /><testcase classname="backend.tests.test_parent_student_dashboard.TestParentDashboard" name="test_dashboard_returns_upcoming_tasks" time="0.146" /><testcase classname="backend.tests.test_parent_student_dashboard.TestParentDashboard" name="test_dashboard_returns_attendance_summary" time="0.119" /><testcase classname="backend.tests.test_parent_student_dashboard.TestParentDashboard" name="test_dashboard_returns_recent_announcements" time="0.145" /><testcase classname="backend.tests.test_parent_student_dashboard.TestParentDashboard" name="test_dashboard_different_children_return_different_data" time="0.253" /><testcase classname="backend.tests.test_parent_student_dashboard.TestParentDashboard" name="test_dashboard_requires_student_id" time="0.106" /><testcase classname="backend.tests.test_parent_student_dashboard.TestParentDashboard" name="test_dashboard_requires_auth" time="0.158" /><testcase classname="backend.tests.test_parent_student_dashboard.TestParentCourses" name="test_courses_returns_list" time="0.115" /><testcase classname="backend.tests.test_parent_student_dashboard.TestParentCourses" name="test_courses_include_teacher_info" time="0.121" /><testcase classname="backend.tests.test_parent_student_dashboard.TestParentDashboardDataConsistency" name="test_courses_count_matches_dashboard" time="0.293" /></testsuite></testsuites>