<?xml version="1.0" encoding="utf-8"?><testsuites name="pytest tests"><testsuite name="pytest" errors="0" failures="0" skipped="0" tests="13" time="4.795" timestamp="2026-04-02T04:39:52.410466+00:00" hostname="agent-env-e7e13fed-51ce-4530-a124-4f9d2a44fe37"><testcase classname="backend.tests.test_health_wellness.TestHealthPermissions" name="test_get_health_permissions_defaults" time="0.571" /><testcase classname="backend.tests.test_health_wellness.TestHealthPermissions" name="test_update_health_permissions_admin" time="0.357" /><testcase classname="backend.tests.test_health_wellness.TestHealthPermissions" name="test_update_health_permissions_teacher" time="0.366" /><testcase classname="backend.tests.test_health_wellness.TestHealthCRUD" name="test_create_topico_with_parent_notified_false" time="0.548" /><testcase classname="backend.tests.test_health_wellness.TestHealthCRUD" name="test_create_psicologia_with_parent_notified_false" time="0.210" /><testcase classname="backend.tests.test_health_wellness.TestHealthCRUD" name="test_list_topico_records" time="0.206" /><testcase classname="backend.tests.test_health_wellness.TestHealthCRUD" name="test_get_topico_record" time="0.235" /><testcase classname="backend.tests.test_health_wellness.TestParentHealthAlerts" name="test_get_parent_alerts" time="0.924" /><testcase classname="backend.tests.test_health_wellness.TestParentHealthAlerts" name="test_acknowledge_alert" time="0.535" /><testcase classname="backend.tests.test_health_wellness.TestParentHealthHistory" name="test_get_parent_topico_history" time="0.429" /><testcase classname="backend.tests.test_health_wellness.TestParentHealthHistory" name="test_get_parent_psicologia_history" time="0.109" /><testcase classname="backend.tests.test_health_wellness.TestParentHealthHistory" name="test_parent_cannot_create_topico" time="0.116" /><testcase classname="backend.tests.test_health_wellness.TestParentHealthHistory" name="test_parent_cannot_access_other_student" time="0.111" /></testsuite></testsuites>