<?xml version="1.0" encoding="utf-8"?><testsuites name="pytest tests"><testsuite name="pytest" errors="0" failures="0" skipped="0" tests="10" time="5.368" timestamp="2026-02-10T17:19:35.548855+00:00" hostname="agent-env-3f9b07c5-0e52-4edf-aa3d-a229ee4561a2"><testcase classname="backend.tests.test_schedule_module.TestLogin" name="test_login_success" time="0.328" /><testcase classname="backend.tests.test_schedule_module.TestLogin" name="test_login_invalid_credentials" time="2.151" /><testcase classname="backend.tests.test_schedule_module.TestPublicSettings" name="test_public_settings_returns_logo" time="0.087" /><testcase classname="backend.tests.test_schedule_module.TestAuthenticatedSettings" name="test_settings_endpoint_returns_logo" time="0.439" /><testcase classname="backend.tests.test_schedule_module.TestGradesAPI" name="test_grades_returns_14_grades" time="0.434" /><testcase classname="backend.tests.test_schedule_module.TestGradesAPI" name="test_grades_have_required_fields" time="0.354" /><testcase classname="backend.tests.test_schedule_module.TestUsersTeachersAPI" name="test_users_returns_teachers" time="0.324" /><testcase classname="backend.tests.test_schedule_module.TestUsersTeachersAPI" name="test_teachers_have_required_fields" time="0.382" /><testcase classname="backend.tests.test_schedule_module.TestAcademicLevelsAPI" name="test_levels_returns_3_levels" time="0.348" /><testcase classname="backend.tests.test_schedule_module.TestSectionsAPI" name="test_sections_returns_data" time="0.383" /></testsuite></testsuites>