<?xml version="1.0" encoding="utf-8"?><testsuites name="pytest tests"><testsuite name="pytest" errors="0" failures="0" skipped="0" tests="22" time="5.889" timestamp="2026-03-02T01:18:08.130358+00:00" hostname="agent-env-efc2fe56-815b-4b93-b2b0-614a2becd5a1"><testcase classname="backend.tests.test_payment_concepts.TestPaymentConceptsGet" name="test_get_concepts_returns_list" time="0.734" /><testcase classname="backend.tests.test_payment_concepts.TestPaymentConceptsGet" name="test_get_concepts_has_default_matricula" time="0.113" /><testcase classname="backend.tests.test_payment_concepts.TestPaymentConceptsGet" name="test_get_concepts_has_default_mensualidad" time="0.145" /><testcase classname="backend.tests.test_payment_concepts.TestPaymentConceptsGet" name="test_get_concepts_default_filters_inactive" time="0.189" /><testcase classname="backend.tests.test_payment_concepts.TestPaymentConceptsGet" name="test_get_concepts_include_inactive" time="0.113" /><testcase classname="backend.tests.test_payment_concepts.TestPaymentConceptsGet" name="test_get_concepts_has_required_fields" time="0.200" /><testcase classname="backend.tests.test_payment_concepts.TestPaymentConceptsCreate" name="test_create_concept_success" time="0.140" /><testcase classname="backend.tests.test_payment_concepts.TestPaymentConceptsCreate" name="test_create_concept_recurrente" time="0.131" /><testcase classname="backend.tests.test_payment_concepts.TestPaymentConceptsCreate" name="test_create_concept_inactive" time="0.143" /><testcase classname="backend.tests.test_payment_concepts.TestPaymentConceptsCreate" name="test_created_concept_appears_in_list" time="0.281" /><testcase classname="backend.tests.test_payment_concepts.TestPaymentConceptsUpdate" name="test_update_concept_name" time="0.248" /><testcase classname="backend.tests.test_payment_concepts.TestPaymentConceptsUpdate" name="test_update_concept_amount" time="0.240" /><testcase classname="backend.tests.test_payment_concepts.TestPaymentConceptsUpdate" name="test_update_concept_type" time="0.238" /><testcase classname="backend.tests.test_payment_concepts.TestPaymentConceptsUpdate" name="test_update_concept_status" time="0.401" /><testcase classname="backend.tests.test_payment_concepts.TestPaymentConceptsUpdate" name="test_update_nonexistent_concept_returns_404" time="0.106" /><testcase classname="backend.tests.test_payment_concepts.TestPaymentConceptsDelete" name="test_delete_non_default_concept" time="0.384" /><testcase classname="backend.tests.test_payment_concepts.TestPaymentConceptsDelete" name="test_delete_default_concept_returns_400" time="0.250" /><testcase classname="backend.tests.test_payment_concepts.TestPaymentConceptsDelete" name="test_delete_nonexistent_concept_returns_404" time="0.115" /><testcase classname="backend.tests.test_payment_concepts.TestPaymentConceptsAuth" name="test_get_concepts_requires_auth" time="0.148" /><testcase classname="backend.tests.test_payment_concepts.TestPaymentConceptsAuth" name="test_create_concept_requires_auth" time="0.112" /><testcase classname="backend.tests.test_payment_concepts.TestPaymentConceptsAuth" name="test_update_concept_requires_auth" time="0.109" /><testcase classname="backend.tests.test_payment_concepts.TestPaymentConceptsAuth" name="test_delete_concept_requires_auth" time="1.265" /></testsuite></testsuites>