<?xml version="1.0" encoding="utf-8"?><testsuites name="pytest tests"><testsuite name="pytest" errors="0" failures="0" skipped="0" tests="12" time="11.614" timestamp="2026-04-02T05:14:27.431454+00:00" hostname="agent-env-e7e13fed-51ce-4530-a124-4f9d2a44fe37"><testcase classname="backend.tests.test_health_conditional_access.TestHealthPermissionsAPI" name="test_owner_can_get_health_permissions" time="1.115" /><testcase classname="backend.tests.test_health_conditional_access.TestHealthPermissionsAPI" name="test_teacher_can_get_health_permissions" time="1.108" /><testcase classname="backend.tests.test_health_conditional_access.TestHealthPermissionsAPI" name="test_parent_can_get_health_permissions" time="1.103" /><testcase classname="backend.tests.test_health_conditional_access.TestHealthPermissionsAPI" name="test_owner_can_put_health_permissions" time="1.216" /><testcase classname="backend.tests.test_health_conditional_access.TestHealthPermissionsAPI" name="test_teacher_cannot_put_health_permissions" time="1.103" /><testcase classname="backend.tests.test_health_conditional_access.TestHealthPermissionsAPI" name="test_parent_cannot_put_health_permissions" time="1.150" /><testcase classname="backend.tests.test_health_conditional_access.TestTeacherHealthAccess" name="test_teacher_can_access_topico_when_enabled" time="0.857" /><testcase classname="backend.tests.test_health_conditional_access.TestTeacherHealthAccess" name="test_teacher_can_access_psicologia_when_enabled" time="0.885" /><testcase classname="backend.tests.test_health_conditional_access.TestTeacherHealthAccess" name="test_teacher_denied_topico_when_disabled" time="0.960" /><testcase classname="backend.tests.test_health_conditional_access.TestTeacherHealthAccess" name="test_teacher_denied_psicologia_when_disabled" time="0.983" /><testcase classname="backend.tests.test_health_conditional_access.TestOwnerAlwaysHasAccess" name="test_owner_can_access_topico_always" time="0.637" /><testcase classname="backend.tests.test_health_conditional_access.TestOwnerAlwaysHasAccess" name="test_owner_can_access_psicologia_always" time="0.435" /></testsuite></testsuites>