<?xml version="1.0" encoding="utf-8"?><testsuites name="pytest tests"><testsuite name="pytest" errors="0" failures="0" skipped="0" tests="10" time="3.423" timestamp="2026-03-24T14:48:27.456831+00:00" hostname="agent-env-fc80bea8-3fb9-4c7d-95c6-c864f670589c"><testcase classname="backend.tests.test_academia_reorder.TestAcademiaReorder" name="test_get_categories_with_sort_order" time="0.546" /><testcase classname="backend.tests.test_academia_reorder.TestAcademiaReorder" name="test_reorder_categories" time="0.570" /><testcase classname="backend.tests.test_academia_reorder.TestAcademiaReorder" name="test_reorder_categories_with_invalid_ids" time="0.128" /><testcase classname="backend.tests.test_academia_reorder.TestAcademiaReorder" name="test_reorder_categories_empty_list" time="0.119" /><testcase classname="backend.tests.test_academia_reorder.TestAcademiaReorder" name="test_get_subcategories_with_sort_order" time="0.130" /><testcase classname="backend.tests.test_academia_reorder.TestAcademiaReorder" name="test_reorder_subcategories" time="0.544" /><testcase classname="backend.tests.test_academia_reorder.TestAcademiaReorder" name="test_reorder_subcategories_with_invalid_ids" time="0.135" /><testcase classname="backend.tests.test_academia_reorder.TestAcademiaReorder" name="test_reorder_subcategories_empty_list" time="0.146" /><testcase classname="backend.tests.test_academia_reorder.TestAcademiaReorder" name="test_reorder_preserves_video_counts" time="0.513" /><testcase classname="backend.tests.test_academia_reorder.TestAcademiaReorder" name="test_reorder_preserves_subcategory_structure" time="0.534" /></testsuite></testsuites>