<?xml version="1.0" encoding="utf-8"?><testsuites name="pytest tests"><testsuite name="pytest" errors="0" failures="0" skipped="0" tests="10" time="3.144" timestamp="2026-02-28T14:21:32.924079+00:00" hostname="agent-env-2efacd7e-a660-485c-8c74-05b14215ad2d"><testcase classname="backend.tests.test_support_pricing.TestGlobalPricingConfig" name="test_get_global_pricing" time="0.513" /><testcase classname="backend.tests.test_support_pricing.TestGlobalPricingConfig" name="test_update_global_pricing" time="0.440" /><testcase classname="backend.tests.test_support_pricing.TestGlobalPricingConfig" name="test_pricing_requires_auth" time="0.120" /><testcase classname="backend.tests.test_support_pricing.TestSchoolsPricingFields" name="test_schools_list_has_pricing_fields" time="0.112" /><testcase classname="backend.tests.test_support_pricing.TestSchoolsPricingFields" name="test_colegio_el_roble_pricing" time="0.144" /><testcase classname="backend.tests.test_support_pricing.TestSchoolPricingEndpoint" name="test_get_school_pricing_returns_full_details" time="0.218" /><testcase classname="backend.tests.test_support_pricing.TestSchoolPricingEndpoint" name="test_school_pricing_calculation_logic" time="0.232" /><testcase classname="backend.tests.test_support_pricing.TestSchoolPricingOverride" name="test_set_school_pricing_override" time="0.563" /><testcase classname="backend.tests.test_support_pricing.TestSchoolPricingOverride" name="test_delete_school_pricing_override" time="0.430" /><testcase classname="backend.tests.test_support_pricing.TestPricingCalculationFlow" name="test_full_pricing_flow" time="0.319" /></testsuite></testsuites>