<?xml version="1.0" encoding="utf-8"?><testsuites name="pytest tests"><testsuite name="pytest" errors="0" failures="0" skipped="0" tests="35" time="12.120" timestamp="2026-02-10T20:39:33.501209+00:00" hostname="agent-env-ea0728fc-1a21-42d6-a59e-efdb49390bb5"><testcase classname="backend.tests.test_news_module.TestNewsModule" name="test_get_news_list" time="0.377" /><testcase classname="backend.tests.test_news_module.TestNewsModule" name="test_get_news_requires_auth" time="0.323" /><testcase classname="backend.tests.test_news_module.TestNewsModule" name="test_get_news_filter_by_status_draft" time="0.362" /><testcase classname="backend.tests.test_news_module.TestNewsModule" name="test_get_news_filter_by_status_published" time="0.281" /><testcase classname="backend.tests.test_news_module.TestNewsModule" name="test_get_news_filter_by_status_archived" time="0.328" /><testcase classname="backend.tests.test_news_module.TestNewsModule" name="test_get_news_pagination" time="0.281" /><testcase classname="backend.tests.test_news_module.TestNewsModule" name="test_get_news_pinned_first" time="0.280" /><testcase classname="backend.tests.test_news_module.TestNewsModule" name="test_create_news_draft" time="0.339" /><testcase classname="backend.tests.test_news_module.TestNewsModule" name="test_create_news_published" time="0.329" /><testcase classname="backend.tests.test_news_module.TestNewsModule" name="test_create_news_with_cover_image" time="0.372" /><testcase classname="backend.tests.test_news_module.TestNewsModule" name="test_create_news_with_gallery" time="0.335" /><testcase classname="backend.tests.test_news_module.TestNewsModule" name="test_create_news_with_visibility" time="0.297" /><testcase classname="backend.tests.test_news_module.TestNewsModule" name="test_create_news_requires_title" time="0.335" /><testcase classname="backend.tests.test_news_module.TestNewsModule" name="test_create_news_requires_content" time="0.282" /><testcase classname="backend.tests.test_news_module.TestNewsModule" name="test_create_news_pinned_published" time="0.331" /><testcase classname="backend.tests.test_news_module.TestNewsModule" name="test_get_single_news" time="0.304" /><testcase classname="backend.tests.test_news_module.TestNewsModule" name="test_get_single_news_not_found" time="0.345" /><testcase classname="backend.tests.test_news_module.TestNewsModule" name="test_update_news_title" time="0.366" /><testcase classname="backend.tests.test_news_module.TestNewsModule" name="test_update_news_content" time="0.339" /><testcase classname="backend.tests.test_news_module.TestNewsModule" name="test_update_news_not_found" time="0.331" /><testcase classname="backend.tests.test_news_module.TestNewsModule" name="test_publish_news" time="0.400" /><testcase classname="backend.tests.test_news_module.TestNewsModule" name="test_publish_already_published" time="0.341" /><testcase classname="backend.tests.test_news_module.TestNewsModule" name="test_publish_news_not_found" time="0.291" /><testcase classname="backend.tests.test_news_module.TestNewsModule" name="test_archive_news" time="0.482" /><testcase classname="backend.tests.test_news_module.TestNewsModule" name="test_archive_already_archived" time="0.358" /><testcase classname="backend.tests.test_news_module.TestNewsModule" name="test_archive_unpins_news" time="0.347" /><testcase classname="backend.tests.test_news_module.TestNewsModule" name="test_pin_news" time="0.352" /><testcase classname="backend.tests.test_news_module.TestNewsModule" name="test_unpin_news" time="0.387" /><testcase classname="backend.tests.test_news_module.TestNewsModule" name="test_pin_draft_fails" time="0.304" /><testcase classname="backend.tests.test_news_module.TestNewsModule" name="test_pin_not_found" time="0.324" /><testcase classname="backend.tests.test_news_module.TestNewsModule" name="test_delete_news" time="0.340" /><testcase classname="backend.tests.test_news_module.TestNewsModule" name="test_delete_news_not_found" time="0.347" /><testcase classname="backend.tests.test_news_module.TestNewsModule" name="test_full_workflow_draft_to_published_to_archived" time="0.400" /><testcase classname="backend.tests.test_news_module.TestNewsModule" name="test_max_pinned_limit" time="0.458" /><testcase classname="backend.tests.test_news_module.TestNewsModule" name="test_news_enrichment" time="0.342" /></testsuite></testsuites>