<?xml version="1.0" encoding="utf-8"?><testsuites name="pytest tests"><testsuite name="pytest" errors="0" failures="0" skipped="0" tests="13" time="4.003" timestamp="2026-02-10T18:28:23.648488+00:00" hostname="agent-env-3f9b07c5-0e52-4edf-aa3d-a229ee4561a2"><testcase classname="backend.tests.test_presence_module.TestPresenceEndpoints" name="test_heartbeat_success" time="0.325" /><testcase classname="backend.tests.test_presence_module.TestPresenceEndpoints" name="test_heartbeat_requires_auth" time="0.302" /><testcase classname="backend.tests.test_presence_module.TestPresenceEndpoints" name="test_get_presence_status" time="0.289" /><testcase classname="backend.tests.test_presence_module.TestPresenceEndpoints" name="test_presence_status_requires_auth" time="0.296" /><testcase classname="backend.tests.test_presence_module.TestPresenceEndpoints" name="test_mark_offline" time="0.337" /><testcase classname="backend.tests.test_presence_module.TestPresenceEndpoints" name="test_mark_offline_requires_auth" time="0.302" /><testcase classname="backend.tests.test_presence_module.TestMessagesWithPresence" name="test_messages_users_includes_presence" time="0.293" /><testcase classname="backend.tests.test_presence_module.TestMessagesWithPresence" name="test_messages_users_online_first" time="0.302" /><testcase classname="backend.tests.test_presence_module.TestMessagesWithPresence" name="test_messages_chats_includes_presence" time="0.301" /><testcase classname="backend.tests.test_presence_module.TestMessagesWithPresence" name="test_chat_detail_includes_presence" time="0.305" /><testcase classname="backend.tests.test_presence_module.TestPresenceIntegration" name="test_heartbeat_updates_presence" time="0.287" /><testcase classname="backend.tests.test_presence_module.TestPresenceIntegration" name="test_presence_reflected_in_messages_users" time="0.296" /><testcase classname="backend.tests.test_presence_module.TestPresenceIntegration" name="test_presence_reflected_in_chats" time="0.296" /></testsuite></testsuites>