<?xml version="1.0" encoding="utf-8"?><testsuites name="pytest tests"><testsuite name="pytest" errors="0" failures="4" skipped="19" tests="25" time="1.530" timestamp="2026-02-18T22:20:41.052486+00:00" hostname="agent-env-b0899cf5-9278-4e2a-a53c-dfe9bed18902"><testcase classname="backend.tests.test_task_submissions.TestSetup" name="test_01_create_school_and_admin" time="0.778" /><testcase classname="backend.tests.test_task_submissions.TestSetup" name="test_02_create_student_user" time="0.191"><failure message="AssertionError: Create student failed: {&quot;detail&quot;:[{&quot;type&quot;:&quot;missing&quot;,&quot;loc&quot;:[&quot;body&quot;,&quot;username&quot;],&quot;msg&quot;:&quot;Field required&quot;,&quot;input&quot;:{&quot;name&quot;:&quot;Test&quot;,&quot;last_name&quot;:&quot;Student&quot;,&quot;email&quot;:&quot;student_a90dbf0b@test.pe&quot;,&quot;password&quot;:&quot;test123456&quot;,&quot;role&quot;:&quot;student&quot;},&quot;url&quot;:&quot;https://errors.pydantic.dev/2.12/v/missing&quot;}]}&#10;assert 422 in [200, 201]&#10; +  where 422 = &lt;Response [422]&gt;.status_code">backend/tests/test_task_submissions.py:98: in test_02_create_student_user
    assert response.status_code in [200, 201], f"Create student failed: {response.text}"
E   AssertionError: Create student failed: {"detail":[{"type":"missing","loc":["body","username"],"msg":"Field required","input":{"name":"Test","last_name":"Student","email":"student_a90dbf0b@test.pe","password":"test123456","role":"student"},"url":"https://errors.pydantic.dev/2.12/v/missing"}]}
E   assert 422 in [200, 201]
E    +  where 422 = &lt;Response [422]&gt;.status_code</failure></testcase><testcase classname="backend.tests.test_task_submissions.TestSetup" name="test_03_create_teacher_user" time="0.141"><failure message="AssertionError: Create teacher failed: {&quot;detail&quot;:[{&quot;type&quot;:&quot;missing&quot;,&quot;loc&quot;:[&quot;body&quot;,&quot;username&quot;],&quot;msg&quot;:&quot;Field required&quot;,&quot;input&quot;:{&quot;name&quot;:&quot;Test&quot;,&quot;last_name&quot;:&quot;Teacher&quot;,&quot;email&quot;:&quot;teacher_30804ea4@test.pe&quot;,&quot;password&quot;:&quot;test123456&quot;,&quot;role&quot;:&quot;teacher&quot;},&quot;url&quot;:&quot;https://errors.pydantic.dev/2.12/v/missing&quot;}]}&#10;assert 422 in [200, 201]&#10; +  where 422 = &lt;Response [422]&gt;.status_code">backend/tests/test_task_submissions.py:129: in test_03_create_teacher_user
    assert response.status_code in [200, 201], f"Create teacher failed: {response.text}"
E   AssertionError: Create teacher failed: {"detail":[{"type":"missing","loc":["body","username"],"msg":"Field required","input":{"name":"Test","last_name":"Teacher","email":"teacher_30804ea4@test.pe","password":"test123456","role":"teacher"},"url":"https://errors.pydantic.dev/2.12/v/missing"}]}
E   assert 422 in [200, 201]
E    +  where 422 = &lt;Response [422]&gt;.status_code</failure></testcase><testcase classname="backend.tests.test_task_submissions.TestSetup" name="test_04_create_subject" time="0.160"><failure message="AssertionError: Create subject failed: {&quot;detail&quot;:[{&quot;type&quot;:&quot;missing&quot;,&quot;loc&quot;:[&quot;body&quot;,&quot;code&quot;],&quot;msg&quot;:&quot;Field required&quot;,&quot;input&quot;:{&quot;name&quot;:&quot;Test Subject for Tasks&quot;,&quot;description&quot;:&quot;Subject for testing task submissions&quot;,&quot;color&quot;:&quot;#3B82F6&quot;},&quot;url&quot;:&quot;https://errors.pydantic.dev/2.12/v/missing&quot;},{&quot;type&quot;:&quot;missing&quot;,&quot;loc&quot;:[&quot;body&quot;,&quot;level_id&quot;],&quot;msg&quot;:&quot;Field required&quot;,&quot;input&quot;:{&quot;name&quot;:&quot;Test Subject for Tasks&quot;,&quot;description&quot;:&quot;Subject for testing task submissions&quot;,&quot;color&quot;:&quot;#3B82F6&quot;},&quot;url&quot;:&quot;https://errors.pydantic.dev/2.12/v/missing&quot;}]}&#10;assert 422 in [200, 201]&#10; +  where 422 = &lt;Response [422]&gt;.status_code">backend/tests/test_task_submissions.py:155: in test_04_create_subject
    assert response.status_code in [200, 201], f"Create subject failed: {response.text}"
E   AssertionError: Create subject failed: {"detail":[{"type":"missing","loc":["body","code"],"msg":"Field required","input":{"name":"Test Subject for Tasks","description":"Subject for testing task submissions","color":"#3B82F6"},"url":"https://errors.pydantic.dev/2.12/v/missing"},{"type":"missing","loc":["body","level_id"],"msg":"Field required","input":{"name":"Test Subject for Tasks","description":"Subject for testing task submissions","color":"#3B82F6"},"url":"https://errors.pydantic.dev/2.12/v/missing"}]}
E   assert 422 in [200, 201]
E    +  where 422 = &lt;Response [422]&gt;.status_code</failure></testcase><testcase classname="backend.tests.test_task_submissions.TestSetup" name="test_05_create_task_with_post_type" time="0.144"><failure message="AssertionError: Create task failed: {&quot;detail&quot;:[{&quot;type&quot;:&quot;missing&quot;,&quot;loc&quot;:[&quot;body&quot;,&quot;subject_id&quot;],&quot;msg&quot;:&quot;Field required&quot;,&quot;input&quot;:{&quot;title&quot;:&quot;Test Task with post_type&quot;,&quot;content&quot;:&quot;This is a test task created with post_type field&quot;,&quot;post_type&quot;:&quot;task&quot;,&quot;metadata&quot;:{&quot;due_date&quot;:&quot;2026-02-25T22:20:42.423875+00:00&quot;,&quot;points&quot;:20,&quot;allow_late_submissions&quot;:true}},&quot;url&quot;:&quot;https://errors.pydantic.dev/2.12/v/missing&quot;}]}&#10;assert 422 in [200, 201]&#10; +  where 422 = &lt;Response [422]&gt;.status_code">backend/tests/test_task_submissions.py:179: in test_05_create_task_with_post_type
    assert response.status_code in [200, 201], f"Create task failed: {response.text}"
E   AssertionError: Create task failed: {"detail":[{"type":"missing","loc":["body","subject_id"],"msg":"Field required","input":{"title":"Test Task with post_type","content":"This is a test task created with post_type field","post_type":"task","metadata":{"due_date":"2026-02-25T22:20:42.423875+00:00","points":20,"allow_late_submissions":true}},"url":"https://errors.pydantic.dev/2.12/v/missing"}]}
E   assert 422 in [200, 201]
E    +  where 422 = &lt;Response [422]&gt;.status_code</failure></testcase><testcase classname="backend.tests.test_task_submissions.TestSubmitTask" name="test_01_submit_requires_auth" time="0.000"><skipped type="pytest.skip" message="No task_id available">/app/backend/tests/test_task_submissions.py:192: No task_id available</skipped></testcase><testcase classname="backend.tests.test_task_submissions.TestSubmitTask" name="test_02_submit_task_not_found" time="0.000"><skipped type="pytest.skip" message="No student_token available">/app/backend/tests/test_task_submissions.py:203: No student_token available</skipped></testcase><testcase classname="backend.tests.test_task_submissions.TestSubmitTask" name="test_03_submit_requires_content" time="0.000"><skipped type="pytest.skip" message="Missing student_token or task_id">/app/backend/tests/test_task_submissions.py:215: Missing student_token or task_id</skipped></testcase><testcase classname="backend.tests.test_task_submissions.TestSubmitTask" name="test_04_submit_task_success" time="0.000"><skipped type="pytest.skip" message="Missing student_token or task_id">/app/backend/tests/test_task_submissions.py:227: Missing student_token or task_id</skipped></testcase><testcase classname="backend.tests.test_task_submissions.TestSubmitTask" name="test_05_cannot_submit_twice" time="0.000"><skipped type="pytest.skip" message="Missing student_token or task_id">/app/backend/tests/test_task_submissions.py:245: Missing student_token or task_id</skipped></testcase><testcase classname="backend.tests.test_task_submissions.TestGetSubmissions" name="test_01_get_submissions_requires_auth" time="0.000"><skipped type="pytest.skip" message="No task_id available">/app/backend/tests/test_task_submissions.py:263: No task_id available</skipped></testcase><testcase classname="backend.tests.test_task_submissions.TestGetSubmissions" name="test_02_student_cannot_view_submissions" time="0.000"><skipped type="pytest.skip" message="Missing student_token or task_id">/app/backend/tests/test_task_submissions.py:273: Missing student_token or task_id</skipped></testcase><testcase classname="backend.tests.test_task_submissions.TestGetSubmissions" name="test_03_teacher_can_view_submissions" time="0.000"><skipped type="pytest.skip" message="Missing teacher_token or task_id">/app/backend/tests/test_task_submissions.py:284: Missing teacher_token or task_id</skipped></testcase><testcase classname="backend.tests.test_task_submissions.TestGetSubmissions" name="test_04_admin_can_view_submissions" time="0.000"><skipped type="pytest.skip" message="Missing admin_token or task_id">/app/backend/tests/test_task_submissions.py:313: Missing admin_token or task_id</skipped></testcase><testcase classname="backend.tests.test_task_submissions.TestGetSubmissions" name="test_05_submissions_include_student_details" time="0.000"><skipped type="pytest.skip" message="Missing admin_token or task_id">/app/backend/tests/test_task_submissions.py:327: Missing admin_token or task_id</skipped></testcase><testcase classname="backend.tests.test_task_submissions.TestGradeSubmission" name="test_01_grade_requires_auth" time="0.000"><skipped type="pytest.skip" message="Missing task_id or submission_id">/app/backend/tests/test_task_submissions.py:350: Missing task_id or submission_id</skipped></testcase><testcase classname="backend.tests.test_task_submissions.TestGradeSubmission" name="test_02_student_cannot_grade" time="0.001"><skipped type="pytest.skip" message="Missing required test data">/app/backend/tests/test_task_submissions.py:361: Missing required test data</skipped></testcase><testcase classname="backend.tests.test_task_submissions.TestGradeSubmission" name="test_03_grade_validates_max" time="0.000"><skipped type="pytest.skip" message="Missing required test data">/app/backend/tests/test_task_submissions.py:373: Missing required test data</skipped></testcase><testcase classname="backend.tests.test_task_submissions.TestGradeSubmission" name="test_04_grade_validates_negative" time="0.000"><skipped type="pytest.skip" message="Missing required test data">/app/backend/tests/test_task_submissions.py:385: Missing required test data</skipped></testcase><testcase classname="backend.tests.test_task_submissions.TestGradeSubmission" name="test_05_teacher_can_grade" time="0.000"><skipped type="pytest.skip" message="Missing required test data">/app/backend/tests/test_task_submissions.py:397: Missing required test data</skipped></testcase><testcase classname="backend.tests.test_task_submissions.TestGradeSubmission" name="test_06_verify_grade_persisted" time="0.000"><skipped type="pytest.skip" message="Missing required test data">/app/backend/tests/test_task_submissions.py:414: Missing required test data</skipped></testcase><testcase classname="backend.tests.test_task_submissions.TestGetPostsWithSubmissionsCount" name="test_01_get_tasks_includes_submissions_count" time="0.000"><skipped type="pytest.skip" message="Missing required test data">/app/backend/tests/test_task_submissions.py:445: Missing required test data</skipped></testcase><testcase classname="backend.tests.test_task_submissions.TestGetPostsWithSubmissionsCount" name="test_02_get_all_posts_includes_submissions_count_for_tasks" time="0.000"><skipped type="pytest.skip" message="Missing required test data">/app/backend/tests/test_task_submissions.py:473: Missing required test data</skipped></testcase><testcase classname="backend.tests.test_task_submissions.TestTaskWithTypeField" name="test_01_verify_or_query_works" time="0.000"><skipped type="pytest.skip" message="Missing required test data">/app/backend/tests/test_task_submissions.py:495: Missing required test data</skipped></testcase><testcase classname="backend.tests.test_task_submissions.TestCleanup" name="test_cleanup" time="0.000" /></testsuite></testsuites>