<?xml version="1.0" encoding="utf-8"?><testsuites name="pytest tests"><testsuite name="pytest" errors="0" failures="0" skipped="0" tests="22" time="4.319" timestamp="2026-03-10T21:47:26.525525+00:00" hostname="agent-env-407f3ead-a5ea-4842-a663-4b242b480b02"><testcase classname="backend.tests.test_broadcast_module.TestBroadcastModule" name="test_broadcast_permission_requires_auth" time="0.256" /><testcase classname="backend.tests.test_broadcast_module.TestBroadcastModule" name="test_broadcast_permission_owner_can_send" time="0.487" /><testcase classname="backend.tests.test_broadcast_module.TestBroadcastModule" name="test_recipients_count_requires_auth" time="0.116" /><testcase classname="backend.tests.test_broadcast_module.TestBroadcastModule" name="test_recipients_count_returns_counts" time="0.140" /><testcase classname="backend.tests.test_broadcast_module.TestBroadcastModule" name="test_recipients_count_with_roles_filter" time="0.117" /><testcase classname="backend.tests.test_broadcast_module.TestBroadcastModule" name="test_send_broadcast_requires_auth" time="0.123" /><testcase classname="backend.tests.test_broadcast_module.TestBroadcastModule" name="test_send_broadcast_requires_subject" time="0.146" /><testcase classname="backend.tests.test_broadcast_module.TestBroadcastModule" name="test_send_broadcast_requires_body" time="0.108" /><testcase classname="backend.tests.test_broadcast_module.TestBroadcastModule" name="test_send_broadcast_requires_roles" time="0.175" /><testcase classname="backend.tests.test_broadcast_module.TestBroadcastModule" name="test_send_broadcast_success" time="0.136" /><testcase classname="backend.tests.test_broadcast_module.TestBroadcastModule" name="test_sent_broadcasts_requires_auth" time="0.107" /><testcase classname="backend.tests.test_broadcast_module.TestBroadcastModule" name="test_sent_broadcasts_returns_list" time="0.170" /><testcase classname="backend.tests.test_broadcast_module.TestBroadcastModule" name="test_broadcast_stats_requires_auth" time="0.117" /><testcase classname="backend.tests.test_broadcast_module.TestBroadcastModule" name="test_broadcast_stats_returns_counts" time="0.254" /><testcase classname="backend.tests.test_broadcast_module.TestBroadcastModule" name="test_broadcast_stats_invalid_id" time="0.111" /><testcase classname="backend.tests.test_broadcast_module.TestBroadcastModule" name="test_unread_broadcasts_requires_auth" time="0.108" /><testcase classname="backend.tests.test_broadcast_module.TestBroadcastModule" name="test_unread_broadcasts_returns_list" time="0.109" /><testcase classname="backend.tests.test_broadcast_module.TestBroadcastModule" name="test_mark_read_requires_auth" time="0.119" /><testcase classname="backend.tests.test_broadcast_module.TestBroadcastModule" name="test_mark_read_success" time="0.116" /><testcase classname="backend.tests.test_broadcast_module.TestBroadcastModule" name="test_inbox_requires_auth" time="0.159" /><testcase classname="backend.tests.test_broadcast_module.TestBroadcastModule" name="test_inbox_returns_broadcasts" time="0.123" /><testcase classname="backend.tests.test_broadcast_module.TestSettingsBroadcastPermission" name="test_settings_roles_update_broadcast_permission" time="0.929" /></testsuite></testsuites>