<?xml version="1.0" encoding="utf-8"?><testsuites name="pytest tests"><testsuite name="pytest" errors="0" failures="0" skipped="0" tests="20" time="10.732" timestamp="2026-02-13T20:31:55.801291+00:00" hostname="agent-env-83faf694-c94b-46a5-81fa-308ce3bc18f8"><testcase classname="backend.tests.test_admin_phase4.TestAdminPhase4" name="test_get_settings" time="0.571" /><testcase classname="backend.tests.test_admin_phase4.TestAdminPhase4" name="test_update_settings" time="0.515" /><testcase classname="backend.tests.test_admin_phase4.TestAdminPhase4" name="test_update_branding_colors" time="0.423" /><testcase classname="backend.tests.test_admin_phase4.TestAdminPhase4" name="test_get_announcements_empty" time="0.438" /><testcase classname="backend.tests.test_admin_phase4.TestAdminPhase4" name="test_create_announcement_draft" time="0.591" /><testcase classname="backend.tests.test_admin_phase4.TestAdminPhase4" name="test_create_announcement_published" time="0.504" /><testcase classname="backend.tests.test_admin_phase4.TestAdminPhase4" name="test_create_announcement_with_attachments" time="0.432" /><testcase classname="backend.tests.test_admin_phase4.TestAdminPhase4" name="test_get_announcements_with_filter" time="0.540" /><testcase classname="backend.tests.test_admin_phase4.TestAdminPhase4" name="test_update_announcement" time="0.760" /><testcase classname="backend.tests.test_admin_phase4.TestAdminPhase4" name="test_delete_announcement" time="0.560" /><testcase classname="backend.tests.test_admin_phase4.TestAdminPhase4" name="test_delete_nonexistent_announcement" time="0.570" /><testcase classname="backend.tests.test_admin_phase4.TestAdminPhase4" name="test_get_messaging_threads" time="0.465" /><testcase classname="backend.tests.test_admin_phase4.TestAdminPhase4" name="test_get_admin_users" time="0.492" /><testcase classname="backend.tests.test_admin_phase4.TestAdminPhase4" name="test_get_upload_signature" time="0.498" /><testcase classname="backend.tests.test_admin_phase4.TestAdminPhase4" name="test_get_dashboard_school" time="0.649" /><testcase classname="backend.tests.test_admin_phase4.TestAnnouncementValidation" name="test_create_announcement_missing_title" time="0.479" /><testcase classname="backend.tests.test_admin_phase4.TestAnnouncementValidation" name="test_create_announcement_missing_content" time="0.521" /><testcase classname="backend.tests.test_admin_phase4.TestAnnouncementValidation" name="test_create_announcement_invalid_audience" time="0.409" /><testcase classname="backend.tests.test_admin_phase4.TestAnnouncementValidation" name="test_create_announcement_invalid_status" time="0.508" /><testcase classname="backend.tests.test_admin_phase4.TestCleanup" name="test_cleanup_test_announcements" time="0.723" /></testsuite></testsuites>