<?xml version="1.0" encoding="utf-8"?><testsuites name="pytest tests"><testsuite name="pytest" errors="0" failures="0" skipped="0" tests="13" time="4.704" timestamp="2026-03-31T04:19:22.745766+00:00" hostname="agent-env-7b6e60e0-17b8-485a-93da-a4b689fc271d"><testcase classname="backend.tests.test_demo_management" name="test_01_demo_status_no_demo" time="1.500" /><testcase classname="backend.tests.test_demo_management" name="test_02_clone_demo_school" time="0.124" /><testcase classname="backend.tests.test_demo_management" name="test_03_demo_status_after_clone" time="0.056" /><testcase classname="backend.tests.test_demo_management" name="test_04_create_demo_access" time="0.279" /><testcase classname="backend.tests.test_demo_management" name="test_05_list_demo_accesses" time="0.051" /><testcase classname="backend.tests.test_demo_management" name="test_06_demo_user_login_valid" time="0.368" /><testcase classname="backend.tests.test_demo_management" name="test_07_revoke_demo_access" time="0.120" /><testcase classname="backend.tests.test_demo_management" name="test_08_revoked_user_cannot_login" time="0.115" /><testcase classname="backend.tests.test_demo_management" name="test_09_reclone_demo_school" time="0.157" /><testcase classname="backend.tests.test_demo_management" name="test_10_delete_demo_clone" time="0.129" /><testcase classname="backend.tests.test_demo_management" name="test_11_clone_fails_when_demo_exists" time="0.254" /><testcase classname="backend.tests.test_demo_management" name="test_12_create_access_fails_without_demo" time="1.117" /><testcase classname="backend.tests.test_demo_management" name="test_13_expired_demo_user_gets_403" time="0.345" /></testsuite></testsuites>