<?xml version="1.0" encoding="utf-8"?><testsuites name="pytest tests"><testsuite name="pytest" errors="0" failures="0" skipped="0" tests="24" time="5.910" timestamp="2026-04-06T05:00:55.046309+00:00" hostname="agent-env-a6653c86-5e8b-4322-b5ba-e89420a489a0"><testcase classname="backend.tests.test_psychology_module.TestPsychologyModule" name="test_list_psychologists_admin" time="0.545" /><testcase classname="backend.tests.test_psychology_module.TestPsychologyModule" name="test_count_psychologists_admin" time="0.108" /><testcase classname="backend.tests.test_psychology_module.TestPsychologyModule" name="test_create_psychologist_admin" time="0.339" /><testcase classname="backend.tests.test_psychology_module.TestPsychologyModule" name="test_get_psychologist_by_id_admin" time="0.100" /><testcase classname="backend.tests.test_psychology_module.TestPsychologyModule" name="test_update_psychologist_admin" time="0.114" /><testcase classname="backend.tests.test_psychology_module.TestPsychologyModule" name="test_delete_psychologist_admin" time="0.120" /><testcase classname="backend.tests.test_psychology_module.TestPsychologyModule" name="test_get_my_profile_psychologist" time="2.222" /><testcase classname="backend.tests.test_psychology_module.TestPsychologyModule" name="test_update_my_profile_psychologist" time="0.098" /><testcase classname="backend.tests.test_psychology_module.TestPsychologyModule" name="test_list_psychology_students" time="0.119" /><testcase classname="backend.tests.test_psychology_module.TestPsychologyModule" name="test_list_psychology_students_with_search" time="0.137" /><testcase classname="backend.tests.test_psychology_module.TestPsychologyModule" name="test_list_psychology_students_pagination" time="0.124" /><testcase classname="backend.tests.test_psychology_module.TestPsychologyModule" name="test_create_psychological_record" time="0.302" /><testcase classname="backend.tests.test_psychology_module.TestPsychologyModule" name="test_get_psychological_record" time="0.099" /><testcase classname="backend.tests.test_psychology_module.TestPsychologyModule" name="test_update_psychological_record" time="0.124" /><testcase classname="backend.tests.test_psychology_module.TestPsychologyModule" name="test_create_session" time="0.132" /><testcase classname="backend.tests.test_psychology_module.TestPsychologyModule" name="test_list_sessions" time="0.106" /><testcase classname="backend.tests.test_psychology_module.TestPsychologyModule" name="test_list_sessions_by_student" time="0.106" /><testcase classname="backend.tests.test_psychology_module.TestPsychologyModule" name="test_get_session_by_id" time="0.118" /><testcase classname="backend.tests.test_psychology_module.TestPsychologyModule" name="test_update_session" time="0.144" /><testcase classname="backend.tests.test_psychology_module.TestPsychologyModule" name="test_delete_session" time="0.114" /><testcase classname="backend.tests.test_psychology_module.TestPsychologyModule" name="test_dashboard_stats" time="0.186" /><testcase classname="backend.tests.test_psychology_module.TestPsychologyModule" name="test_psychologist_cannot_access_admin_endpoints" time="0.117" /><testcase classname="backend.tests.test_psychology_module.TestPsychologyModule" name="test_admin_cannot_access_psychologist_self_profile" time="0.107" /><testcase classname="backend.tests.test_psychology_module.TestPsychologyModule" name="test_unauthenticated_access_denied" time="0.100" /></testsuite></testsuites>