<?xml version="1.0" encoding="utf-8"?><testsuites name="pytest tests"><testsuite name="pytest" errors="0" failures="0" skipped="2" tests="13" time="9.377" timestamp="2026-02-20T12:47:06.356899+00:00" hostname="agent-env-1840fdfb-4260-4fd6-888d-53642a0fd7d1"><testcase classname="backend.tests.test_schedule_api.TestScheduleSettings" name="test_get_schedule_settings" time="0.580" /><testcase classname="backend.tests.test_schedule_api.TestScheduleSettings" name="test_save_schedule_settings" time="0.686" /><testcase classname="backend.tests.test_schedule_api.TestSchedulesCRUD" name="test_get_schedules_empty" time="0.457" /><testcase classname="backend.tests.test_schedule_api.TestSchedulesCRUD" name="test_get_schedules_filtered" time="0.785" /><testcase classname="backend.tests.test_schedule_api.TestSchedulesCRUD" name="test_create_schedule" time="0.903" /><testcase classname="backend.tests.test_schedule_api.TestSchedulesCRUD" name="test_update_schedule" time="1.018" /><testcase classname="backend.tests.test_schedule_api.TestSchedulesCRUD" name="test_delete_schedule" time="1.050" /><testcase classname="backend.tests.test_schedule_api.TestScheduleConflicts" name="test_teacher_conflict_detection" time="0.720"><skipped type="pytest.skip" message="Need at least 2 sections for conflict test">/app/backend/tests/test_schedule_api.py:357: Need at least 2 sections for conflict test</skipped></testcase><testcase classname="backend.tests.test_schedule_api.TestScheduleConflicts" name="test_room_conflict_detection" time="0.666"><skipped type="pytest.skip" message="Need at least 2 sections for room conflict test">/app/backend/tests/test_schedule_api.py:425: Need at least 2 sections for room conflict test</skipped></testcase><testcase classname="backend.tests.test_schedule_api.TestScheduleConflicts" name="test_section_conflict_detection" time="1.032" /><testcase classname="backend.tests.test_schedule_api.TestSupportingAPIs" name="test_grades_api" time="0.498" /><testcase classname="backend.tests.test_schedule_api.TestSupportingAPIs" name="test_sections_api" time="0.454" /><testcase classname="backend.tests.test_schedule_api.TestSupportingAPIs" name="test_teachers_api" time="0.449" /></testsuite></testsuites>