<?xml version="1.0" encoding="utf-8"?><testsuites name="pytest tests"><testsuite name="pytest" errors="0" failures="0" skipped="0" tests="10" time="11.917" timestamp="2026-03-27T03:51:57.794076+00:00" hostname="agent-env-ad10689a-c7b0-411e-af11-4855fc5244ca"><testcase classname="backend.tests.test_login_background.TestLoginBackgroundFeature" name="test_01_public_school_info_includes_login_background_url_field" time="1.149" /><testcase classname="backend.tests.test_login_background.TestLoginBackgroundFeature" name="test_02_get_login_background_initial_state" time="0.437" /><testcase classname="backend.tests.test_login_background.TestLoginBackgroundFeature" name="test_03_upload_login_background_image" time="1.348" /><testcase classname="backend.tests.test_login_background.TestLoginBackgroundFeature" name="test_04_verify_upload_via_get" time="1.725" /><testcase classname="backend.tests.test_login_background.TestLoginBackgroundFeature" name="test_05_verify_upload_in_public_school_info" time="1.555" /><testcase classname="backend.tests.test_login_background.TestLoginBackgroundFeature" name="test_06_delete_login_background" time="1.406" /><testcase classname="backend.tests.test_login_background.TestLoginBackgroundFeature" name="test_07_verify_delete_via_get" time="1.772" /><testcase classname="backend.tests.test_login_background.TestLoginBackgroundFeature" name="test_08_verify_delete_in_public_school_info" time="1.444" /><testcase classname="backend.tests.test_login_background.TestLoginBackgroundFeature" name="test_09_upload_invalid_file_type" time="0.490" /><testcase classname="backend.tests.test_login_background.TestLoginBackgroundFeature" name="test_10_upload_requires_authentication" time="0.518" /></testsuite></testsuites>