<?xml version="1.0" encoding="utf-8"?><testsuites name="pytest tests"><testsuite name="pytest" errors="0" failures="3" skipped="0" tests="20" time="11.013" timestamp="2026-02-13T20:30:04.949369+00:00" hostname="agent-env-83faf694-c94b-46a5-81fa-308ce3bc18f8"><testcase classname="backend.tests.test_admin_phase4.TestAdminPhase4" name="test_get_settings" time="0.819" /><testcase classname="backend.tests.test_admin_phase4.TestAdminPhase4" name="test_update_settings" time="0.613" /><testcase classname="backend.tests.test_admin_phase4.TestAdminPhase4" name="test_update_branding_colors" time="0.673"><failure message="AssertionError: assert None == '#7c3aed'&#10; +  where None = &lt;built-in method get of dict object at 0xff108286dd40&gt;('primary_color')&#10; +    where &lt;built-in method get of dict object at 0xff108286dd40&gt; = {'created_at': '2026-02-10T03:58:23.131135+00:00', 'currency': 'PEN', 'logo_url': 'https://res.cloudinary.com/dhn5pzinf/image/upload/v1770696458/edunet/logos/dxkux6dv5z3evatf2xgq.jpg', 'school_id': '9f8a01fa-94fc-4e29-bc17-d311244d0716', ...}.get">backend/tests/test_admin_phase4.py:90: in test_update_branding_colors
    assert settings.get("primary_color") == "#7c3aed"
E   AssertionError: assert None == '#7c3aed'
E    +  where None = &lt;built-in method get of dict object at 0xff108286dd40&gt;('primary_color')
E    +    where &lt;built-in method get of dict object at 0xff108286dd40&gt; = {'created_at': '2026-02-10T03:58:23.131135+00:00', 'currency': 'PEN', 'logo_url': 'https://res.cloudinary.com/dhn5pzinf/image/upload/v1770696458/edunet/logos/dxkux6dv5z3evatf2xgq.jpg', 'school_id': '9f8a01fa-94fc-4e29-bc17-d311244d0716', ...}.get</failure></testcase><testcase classname="backend.tests.test_admin_phase4.TestAdminPhase4" name="test_get_announcements_empty" time="0.528" /><testcase classname="backend.tests.test_admin_phase4.TestAdminPhase4" name="test_create_announcement_draft" time="0.499" /><testcase classname="backend.tests.test_admin_phase4.TestAdminPhase4" name="test_create_announcement_published" time="0.471" /><testcase classname="backend.tests.test_admin_phase4.TestAdminPhase4" name="test_create_announcement_with_attachments" time="0.488" /><testcase classname="backend.tests.test_admin_phase4.TestAdminPhase4" name="test_get_announcements_with_filter" time="0.571" /><testcase classname="backend.tests.test_admin_phase4.TestAdminPhase4" name="test_update_announcement" time="0.597" /><testcase classname="backend.tests.test_admin_phase4.TestAdminPhase4" name="test_delete_announcement" time="0.614" /><testcase classname="backend.tests.test_admin_phase4.TestAdminPhase4" name="test_delete_nonexistent_announcement" time="0.446" /><testcase classname="backend.tests.test_admin_phase4.TestAdminPhase4" name="test_get_messaging_threads" time="0.464" /><testcase classname="backend.tests.test_admin_phase4.TestAdminPhase4" name="test_get_admin_users" time="0.515"><failure message="AssertionError: Expected 200, got 404: {&quot;detail&quot;:&quot;Not Found&quot;}&#10;assert 404 == 200&#10; +  where 404 = &lt;Response [404]&gt;.status_code">backend/tests/test_admin_phase4.py:258: in test_get_admin_users
    assert response.status_code == 200, f"Expected 200, got {response.status_code}: {response.text}"
E   AssertionError: Expected 200, got 404: {"detail":"Not Found"}
E   assert 404 == 200
E    +  where 404 = &lt;Response [404]&gt;.status_code</failure></testcase><testcase classname="backend.tests.test_admin_phase4.TestAdminPhase4" name="test_get_upload_signature" time="0.542"><failure message="AssertionError: Expected 200, got 404: {&quot;detail&quot;:&quot;Not Found&quot;}&#10;assert 404 == 200&#10; +  where 404 = &lt;Response [404]&gt;.status_code">backend/tests/test_admin_phase4.py:280: in test_get_upload_signature
    assert response.status_code == 200, f"Expected 200, got {response.status_code}: {response.text}"
E   AssertionError: Expected 200, got 404: {"detail":"Not Found"}
E   assert 404 == 200
E    +  where 404 = &lt;Response [404]&gt;.status_code</failure></testcase><testcase classname="backend.tests.test_admin_phase4.TestAdminPhase4" name="test_get_dashboard_school" time="0.442" /><testcase classname="backend.tests.test_admin_phase4.TestAnnouncementValidation" name="test_create_announcement_missing_title" time="0.444" /><testcase classname="backend.tests.test_admin_phase4.TestAnnouncementValidation" name="test_create_announcement_missing_content" time="0.440" /><testcase classname="backend.tests.test_admin_phase4.TestAnnouncementValidation" name="test_create_announcement_invalid_audience" time="0.444" /><testcase classname="backend.tests.test_admin_phase4.TestAnnouncementValidation" name="test_create_announcement_invalid_status" time="0.519" /><testcase classname="backend.tests.test_admin_phase4.TestCleanup" name="test_cleanup_test_announcements" time="0.739" /></testsuite></testsuites>