<?xml version="1.0" encoding="utf-8"?><testsuites name="pytest tests"><testsuite name="pytest" errors="0" failures="0" skipped="0" tests="13" time="3.946" timestamp="2026-02-11T22:59:48.249985+00:00" hostname="agent-env-7785c2d8-3be6-4265-a055-0e115d6a488f"><testcase classname="backend.tests.test_section_types_admin.TestSectionTypesAdminModule" name="test_01_login_success" time="0.328" /><testcase classname="backend.tests.test_section_types_admin.TestSectionTypesAdminModule" name="test_02_get_section_types_baseline" time="0.280" /><testcase classname="backend.tests.test_section_types_admin.TestSectionTypesAdminModule" name="test_03_create_section_type_for_testing" time="0.284" /><testcase classname="backend.tests.test_section_types_admin.TestSectionTypesAdminModule" name="test_04_update_section_type_label" time="0.318" /><testcase classname="backend.tests.test_section_types_admin.TestSectionTypesAdminModule" name="test_05_update_section_type_activo_status" time="0.305" /><testcase classname="backend.tests.test_section_types_admin.TestSectionTypesAdminModule" name="test_06_update_nonexistent_type_returns_404" time="0.273" /><testcase classname="backend.tests.test_section_types_admin.TestSectionTypesAdminModule" name="test_07_reorder_section_types" time="0.313" /><testcase classname="backend.tests.test_section_types_admin.TestSectionTypesAdminModule" name="test_08_reorder_with_partial_ids" time="0.305" /><testcase classname="backend.tests.test_section_types_admin.TestSectionTypesAdminModule" name="test_09_delete_section_type_soft_deletes" time="0.339" /><testcase classname="backend.tests.test_section_types_admin.TestSectionTypesAdminModule" name="test_10_delete_nonexistent_type_returns_404" time="0.270" /><testcase classname="backend.tests.test_section_types_admin.TestSectionTypesAdminModule" name="test_11_cannot_deactivate_type_in_use" time="0.285" /><testcase classname="backend.tests.test_section_types_admin.TestSectionTypesAdminModule" name="test_12_cannot_delete_type_in_use" time="0.285" /><testcase classname="backend.tests.test_section_types_admin.TestSectionTypesAdminModule" name="test_13_update_label_and_activo_together" time="0.293" /></testsuite></testsuites>