<?xml version="1.0" encoding="utf-8"?><testsuites name="pytest tests"><testsuite name="pytest" errors="0" failures="0" skipped="0" tests="11" time="4.666" timestamp="2026-02-20T15:37:31.348372+00:00" hostname="agent-env-57771103-74f2-439b-b34c-2c05f0634c4c"><testcase classname="backend.tests.test_student_schedule.TestStudentScheduleEndpoint" name="test_student_login_returns_correct_role" time="0.620" /><testcase classname="backend.tests.test_student_schedule.TestStudentScheduleEndpoint" name="test_student_schedule_returns_200" time="0.408" /><testcase classname="backend.tests.test_student_schedule.TestStudentScheduleEndpoint" name="test_student_schedule_returns_schedules_array" time="0.429" /><testcase classname="backend.tests.test_student_schedule.TestStudentScheduleEndpoint" name="test_student_schedule_returns_breaks_array" time="0.412" /><testcase classname="backend.tests.test_student_schedule.TestStudentScheduleEndpoint" name="test_student_schedule_returns_settings" time="0.449" /><testcase classname="backend.tests.test_student_schedule.TestStudentScheduleEndpoint" name="test_student_schedule_returns_grade_name" time="0.440" /><testcase classname="backend.tests.test_student_schedule.TestStudentScheduleEndpoint" name="test_student_schedule_returns_section_name" time="0.464" /><testcase classname="backend.tests.test_student_schedule.TestStudentScheduleEndpoint" name="test_schedule_contains_teacher_info" time="0.451" /><testcase classname="backend.tests.test_student_schedule.TestStudentScheduleEndpoint" name="test_admin_cannot_access_student_schedule" time="0.397" /><testcase classname="backend.tests.test_student_schedule.TestStudentScheduleEndpoint" name="test_unauthenticated_cannot_access_student_schedule" time="0.104" /><testcase classname="backend.tests.test_student_schedule.TestStudentScheduleEndpoint" name="test_schedule_structure_complete" time="0.426" /></testsuite></testsuites>