<?xml version="1.0" encoding="utf-8"?><testsuites name="pytest tests"><testsuite name="pytest" errors="0" failures="0" skipped="0" tests="15" time="3.125" timestamp="2026-02-26T07:26:27.928864+00:00" hostname="agent-env-bd7fd4f3-a248-430a-a46c-7757cfb5a184"><testcase classname="backend.tests.test_accounting_premium.TestAccountingPremiumFeatures" name="test_debtors_endpoint_returns_200" time="0.617" /><testcase classname="backend.tests.test_accounting_premium.TestAccountingPremiumFeatures" name="test_debtors_response_structure" time="0.144" /><testcase classname="backend.tests.test_accounting_premium.TestAccountingPremiumFeatures" name="test_debtors_summary_has_correct_values" time="0.236" /><testcase classname="backend.tests.test_accounting_premium.TestAccountingPremiumFeatures" name="test_debtors_list_item_structure" time="0.139" /><testcase classname="backend.tests.test_accounting_premium.TestAccountingPremiumFeatures" name="test_debtors_endpoint_requires_auth" time="0.108" /><testcase classname="backend.tests.test_accounting_premium.TestAccountingPremiumFeatures" name="test_student_history_endpoint_returns_200" time="0.312" /><testcase classname="backend.tests.test_accounting_premium.TestAccountingPremiumFeatures" name="test_student_history_response_structure" time="0.336" /><testcase classname="backend.tests.test_accounting_premium.TestAccountingPremiumFeatures" name="test_student_history_mensualidades_have_pension_month" time="0.278" /><testcase classname="backend.tests.test_accounting_premium.TestAccountingPremiumFeatures" name="test_student_history_returns_404_invalid_student" time="0.131" /><testcase classname="backend.tests.test_accounting_premium.TestAccountingPremiumFeatures" name="test_student_history_requires_auth" time="0.110" /><testcase classname="backend.tests.test_accounting_premium.TestAccountingPremiumFeatures" name="test_payments_list_includes_pension_month_label" time="0.116" /><testcase classname="backend.tests.test_accounting_premium.TestAccountingPremiumFeatures" name="test_accounting_summary_returns_200" time="0.114" /><testcase classname="backend.tests.test_accounting_premium.TestAccountingPremiumFeatures" name="test_accounting_summary_has_required_fields" time="0.128" /><testcase classname="backend.tests.test_accounting_premium.TestAccountingPremiumFeatures" name="test_demo_data_has_students_with_payments" time="0.137" /><testcase classname="backend.tests.test_accounting_premium.TestAccountingPremiumFeatures" name="test_demo_data_has_morosos_and_al_dia" time="0.152" /></testsuite></testsuites>