<?xml version="1.0" encoding="utf-8"?><testsuites name="pytest tests"><testsuite name="pytest" errors="0" failures="0" skipped="0" tests="18" time="5.710" timestamp="2026-02-10T18:02:32.169807+00:00" hostname="agent-env-3f9b07c5-0e52-4edf-aa3d-a229ee4561a2"><testcase classname="tests.test_messages_module.TestMessagesModule" name="test_get_message_users_returns_grouped_users" time="0.354" /><testcase classname="tests.test_messages_module.TestMessagesModule" name="test_get_message_users_excludes_current_user" time="0.277" /><testcase classname="tests.test_messages_module.TestMessagesModule" name="test_get_chat_list" time="0.282" /><testcase classname="tests.test_messages_module.TestMessagesModule" name="test_send_chat_message" time="0.331" /><testcase classname="tests.test_messages_module.TestMessagesModule" name="test_send_chat_message_invalid_receiver" time="0.283" /><testcase classname="tests.test_messages_module.TestMessagesModule" name="test_get_chat_history" time="0.286" /><testcase classname="tests.test_messages_module.TestMessagesModule" name="test_get_chat_history_invalid_user" time="0.280" /><testcase classname="tests.test_messages_module.TestMessagesModule" name="test_get_inbox" time="0.284" /><testcase classname="tests.test_messages_module.TestMessagesModule" name="test_get_inbox_filter_received" time="0.281" /><testcase classname="tests.test_messages_module.TestMessagesModule" name="test_get_inbox_filter_sent" time="0.280" /><testcase classname="tests.test_messages_module.TestMessagesModule" name="test_send_mail_message" time="0.284" /><testcase classname="tests.test_messages_module.TestMessagesModule" name="test_send_mail_message_requires_subject" time="0.331" /><testcase classname="tests.test_messages_module.TestMessagesModule" name="test_mark_message_read" time="0.330" /><testcase classname="tests.test_messages_module.TestMessagesModule" name="test_get_unread_count" time="0.274" /><testcase classname="tests.test_messages_module.TestMessagesModule" name="test_delete_message" time="0.349" /><testcase classname="tests.test_messages_module.TestMessagesModule" name="test_delete_message_not_owner" time="0.279" /><testcase classname="tests.test_messages_module.TestMessagesIntegration" name="test_complete_chat_flow" time="0.391" /><testcase classname="tests.test_messages_module.TestMessagesIntegration" name="test_complete_mail_flow" time="0.380" /></testsuite></testsuites>