<?xml version="1.0" encoding="utf-8"?><testsuites name="pytest tests"><testsuite name="pytest" errors="0" failures="2" skipped="0" tests="19" time="6.829" timestamp="2026-02-13T19:02:39.804390+00:00" hostname="agent-env-83faf694-c94b-46a5-81fa-308ce3bc18f8"><testcase classname="backend.tests.test_admin_academic_management.TestAdminAuthentication" name="test_admin_login_success" time="0.422" /><testcase classname="backend.tests.test_admin_academic_management.TestAdminGradesManagement" name="test_get_grades_summary" time="0.583" /><testcase classname="backend.tests.test_admin_academic_management.TestAdminGradesManagement" name="test_get_admin_grades_list" time="0.140" /><testcase classname="backend.tests.test_admin_academic_management.TestAdminGradesManagement" name="test_get_admin_grades_with_filter" time="0.244" /><testcase classname="backend.tests.test_admin_academic_management.TestAdminAttendanceManagement" name="test_get_attendance_summary" time="0.563" /><testcase classname="backend.tests.test_admin_academic_management.TestAdminAttendanceManagement" name="test_get_attendance_summary_with_date_range" time="0.141" /><testcase classname="backend.tests.test_admin_academic_management.TestAdminAttendanceManagement" name="test_get_admin_attendance_list" time="0.305" /><testcase classname="backend.tests.test_admin_academic_management.TestAdminAttendanceManagement" name="test_get_admin_attendance_with_filters" time="0.194" /><testcase classname="backend.tests.test_admin_academic_management.TestAdminTasksManagement" name="test_get_tasks_summary" time="0.534" /><testcase classname="backend.tests.test_admin_academic_management.TestAdminTasksManagement" name="test_get_admin_tasks_list" time="0.162" /><testcase classname="backend.tests.test_admin_academic_management.TestAdminTasksManagement" name="test_get_admin_tasks_with_status_filter" time="0.608" /><testcase classname="backend.tests.test_admin_academic_management.TestAdminExamsManagement" name="test_get_exams_summary" time="0.515" /><testcase classname="backend.tests.test_admin_academic_management.TestAdminExamsManagement" name="test_get_admin_exams_list" time="0.179" /><testcase classname="backend.tests.test_admin_academic_management.TestAdminExamsManagement" name="test_get_admin_exams_with_status_filter" time="0.925" /><testcase classname="backend.tests.test_admin_academic_management.TestAdminAcademicDataDependencies" name="test_get_academic_levels" time="0.510" /><testcase classname="backend.tests.test_admin_academic_management.TestAdminAcademicDataDependencies" name="test_get_academic_grades" time="0.117" /><testcase classname="backend.tests.test_admin_academic_management.TestAdminAcademicDataDependencies" name="test_get_academic_sections" time="0.236" /><testcase classname="backend.tests.test_admin_academic_management.TestAdminAcademicDataDependencies" name="test_get_subjects" time="0.193"><failure message="AssertionError: Failed: {&quot;detail&quot;:&quot;Not Found&quot;}&#10;assert 404 == 200&#10; +  where 404 = &lt;Response [404]&gt;.status_code">backend/tests/test_admin_academic_management.py:347: in test_get_subjects
    assert response.status_code == 200, f"Failed: {response.text}"
E   AssertionError: Failed: {"detail":"Not Found"}
E   assert 404 == 200
E    +  where 404 = &lt;Response [404]&gt;.status_code</failure></testcase><testcase classname="backend.tests.test_admin_academic_management.TestAdminAcademicDataDependencies" name="test_get_admin_teachers" time="0.128"><failure message="AssertionError: Failed: {&quot;detail&quot;:&quot;Not Found&quot;}&#10;assert 404 == 200&#10; +  where 404 = &lt;Response [404]&gt;.status_code">backend/tests/test_admin_academic_management.py:355: in test_get_admin_teachers
    assert response.status_code == 200, f"Failed: {response.text}"
E   AssertionError: Failed: {"detail":"Not Found"}
E   assert 404 == 200
E    +  where 404 = &lt;Response [404]&gt;.status_code</failure></testcase></testsuite></testsuites>