<?xml version="1.0" encoding="utf-8"?><testsuites name="pytest tests"><testsuite name="pytest" errors="0" failures="0" skipped="0" tests="13" time="13.306" timestamp="2026-02-13T19:35:59.189001+00:00" hostname="agent-env-83faf694-c94b-46a5-81fa-308ce3bc18f8"><testcase classname="backend.tests.test_clone_periods.TestClonePeriods" name="test_get_academic_years" time="0.739" /><testcase classname="backend.tests.test_clone_periods.TestClonePeriods" name="test_get_periods_for_year_2026" time="0.651" /><testcase classname="backend.tests.test_clone_periods.TestClonePeriods" name="test_clone_periods_to_empty_year" time="2.102" /><testcase classname="backend.tests.test_clone_periods.TestClonePeriods" name="test_clone_periods_to_year_with_existing_periods_fails" time="0.684" /><testcase classname="backend.tests.test_clone_periods.TestClonePeriods" name="test_clone_from_year_without_periods_fails" time="1.202" /><testcase classname="backend.tests.test_clone_periods.TestClonePeriods" name="test_clone_with_invalid_source_year_fails" time="0.637" /><testcase classname="backend.tests.test_clone_periods.TestClonePeriods" name="test_clone_with_invalid_target_year_fails" time="0.658" /><testcase classname="backend.tests.test_clone_periods.TestPeriodsCRUD" name="test_create_period" time="0.981" /><testcase classname="backend.tests.test_clone_periods.TestPeriodsCRUD" name="test_update_period" time="1.117" /><testcase classname="backend.tests.test_clone_periods.TestPeriodsCRUD" name="test_toggle_period_active" time="1.307" /><testcase classname="backend.tests.test_clone_periods.TestPeriodsCRUD" name="test_delete_period" time="1.574" /><testcase classname="backend.tests.test_clone_periods.TestCreateYearWithClone" name="test_create_year_without_clone" time="0.904" /><testcase classname="backend.tests.test_clone_periods.TestCreateYearWithClone" name="test_years_with_periods_available_for_cloning" time="0.694" /></testsuite></testsuites>