<?xml version="1.0" encoding="utf-8"?><testsuites name="pytest tests"><testsuite name="pytest" errors="0" failures="0" skipped="0" tests="22" time="6.005" timestamp="2026-03-22T00:10:52.832665+00:00" hostname="agent-env-b251dc91-caa2-4696-bb8c-ee4c907afe87"><testcase classname="backend.tests.test_academia.TestAcademiaBackend" name="test_get_stats" time="0.640" /><testcase classname="backend.tests.test_academia.TestAcademiaBackend" name="test_get_categories" time="0.149" /><testcase classname="backend.tests.test_academia.TestAcademiaBackend" name="test_create_category" time="0.107" /><testcase classname="backend.tests.test_academia.TestAcademiaBackend" name="test_create_duplicate_category_fails" time="0.237" /><testcase classname="backend.tests.test_academia.TestAcademiaBackend" name="test_update_category" time="0.288" /><testcase classname="backend.tests.test_academia.TestAcademiaBackend" name="test_delete_category_without_videos" time="0.270" /><testcase classname="backend.tests.test_academia.TestAcademiaBackend" name="test_create_subcategory" time="0.237" /><testcase classname="backend.tests.test_academia.TestAcademiaBackend" name="test_update_subcategory" time="0.324" /><testcase classname="backend.tests.test_academia.TestAcademiaBackend" name="test_delete_subcategory_without_videos" time="0.420" /><testcase classname="backend.tests.test_academia.TestAcademiaBackend" name="test_youtube_extract_valid_url" time="0.210" /><testcase classname="backend.tests.test_academia.TestAcademiaBackend" name="test_youtube_extract_short_url" time="0.149" /><testcase classname="backend.tests.test_academia.TestAcademiaBackend" name="test_youtube_extract_invalid_url" time="0.110" /><testcase classname="backend.tests.test_academia.TestAcademiaBackend" name="test_create_video" time="0.263" /><testcase classname="backend.tests.test_academia.TestAcademiaBackend" name="test_create_video_invalid_youtube_url" time="0.227" /><testcase classname="backend.tests.test_academia.TestAcademiaBackend" name="test_get_videos" time="0.106" /><testcase classname="backend.tests.test_academia.TestAcademiaBackend" name="test_get_videos_with_category_filter" time="0.237" /><testcase classname="backend.tests.test_academia.TestAcademiaBackend" name="test_get_videos_with_search" time="0.157" /><testcase classname="backend.tests.test_academia.TestAcademiaBackend" name="test_update_video" time="0.241" /><testcase classname="backend.tests.test_academia.TestAcademiaBackend" name="test_toggle_publish" time="0.247" /><testcase classname="backend.tests.test_academia.TestAcademiaBackend" name="test_delete_video" time="0.362" /><testcase classname="backend.tests.test_academia.TestAcademiaBackend" name="test_delete_category_with_videos_fails" time="0.269" /><testcase classname="backend.tests.test_academia.TestAcademiaBackend" name="test_cleanup_test_data" time="0.667" /></testsuite></testsuites>