<?xml version="1.0" encoding="utf-8"?><testsuites name="pytest tests"><testsuite name="pytest" errors="0" failures="0" skipped="0" tests="22" time="2.744" timestamp="2026-03-09T14:46:34.545464+00:00" hostname="agent-env-52421cd5-052f-40b6-8460-c1ffb2dc9688"><testcase classname="backend.tests.test_live_classes.TestAuthRequired" name="test_list_classes_requires_auth" time="0.197" /><testcase classname="backend.tests.test_live_classes.TestAuthRequired" name="test_create_class_requires_auth" time="0.061" /><testcase classname="backend.tests.test_live_classes.TestTeacherListClasses" name="test_teacher_jorge_can_list_classes" time="0.362" /><testcase classname="backend.tests.test_live_classes.TestTeacherListClasses" name="test_teacher_julia_can_list_classes" time="0.356" /><testcase classname="backend.tests.test_live_classes.TestStudentListClasses" name="test_student_carlos_can_list_classes" time="0.347" /><testcase classname="backend.tests.test_live_classes.TestCreateLiveClass" name="test_student_cannot_create_class" time="0.069" /><testcase classname="backend.tests.test_live_classes.TestCreateLiveClass" name="test_teacher_create_class_invalid_times" time="0.135" /><testcase classname="backend.tests.test_live_classes.TestCreateLiveClass" name="test_teacher_create_class_success" time="0.060" /><testcase classname="backend.tests.test_live_classes.TestCreateLiveClass" name="test_teacher_create_class_wrong_section" time="0.133" /><testcase classname="backend.tests.test_live_classes.TestUpdateLiveClass" name="test_teacher_update_own_class" time="0.067" /><testcase classname="backend.tests.test_live_classes.TestUpdateLiveClass" name="test_other_teacher_cannot_update" time="0.061" /><testcase classname="backend.tests.test_live_classes.TestUpdateLiveClass" name="test_student_cannot_update_class" time="0.070" /><testcase classname="backend.tests.test_live_classes.TestJoinLiveClass" name="test_teacher_cannot_join_class" time="0.060" /><testcase classname="backend.tests.test_live_classes.TestJoinLiveClass" name="test_student_join_class_not_available" time="0.062" /><testcase classname="backend.tests.test_live_classes.TestGetAttendance" name="test_get_attendance_list" time="0.068" /><testcase classname="backend.tests.test_live_classes.TestDeleteLiveClass" name="test_student_cannot_delete_class" time="0.060" /><testcase classname="backend.tests.test_live_classes.TestDeleteLiveClass" name="test_other_teacher_cannot_delete" time="0.060" /><testcase classname="backend.tests.test_live_classes.TestDeleteLiveClass" name="test_teacher_delete_own_class" time="0.065" /><testcase classname="backend.tests.test_live_classes.TestDeleteLiveClass" name="test_verify_class_deleted" time="0.095" /><testcase classname="backend.tests.test_live_classes.TestClassStatusComputation" name="test_classes_have_computed_status" time="0.063" /><testcase classname="backend.tests.test_live_classes.TestClassStatusComputation" name="test_classes_have_enriched_fields" time="0.069" /><testcase classname="backend.tests.test_live_classes.TestMeetingLinkSanitization" name="test_link_without_protocol_gets_https" time="0.144" /></testsuite></testsuites>