<?xml version="1.0" encoding="utf-8"?><testsuites name="pytest tests"><testsuite name="pytest" errors="0" failures="0" skipped="0" tests="15" time="9.364" timestamp="2026-02-21T19:49:05.975812+00:00" hostname="agent-env-51ab5536-3ad8-45a7-b12d-2f4eb9e633f9"><testcase classname="backend.tests.test_rbac_system.TestRBACAuthentication" name="test_owner_login_success" time="0.369" /><testcase classname="backend.tests.test_rbac_system.TestRBACAuthentication" name="test_admin_login_success" time="0.341" /><testcase classname="backend.tests.test_rbac_system.TestRBACSettingsAccess" name="test_owner_can_access_settings" time="0.472" /><testcase classname="backend.tests.test_rbac_system.TestRBACSettingsAccess" name="test_admin_cannot_access_settings" time="0.498" /><testcase classname="backend.tests.test_rbac_system.TestRBACSettingsAccess" name="test_admin_cannot_update_settings" time="0.480" /><testcase classname="backend.tests.test_rbac_system.TestRBACSettingsAccess" name="test_admin_cannot_update_role_settings" time="0.493" /><testcase classname="backend.tests.test_rbac_system.TestRBACAccountingAccess" name="test_owner_can_access_accounting" time="0.481" /><testcase classname="backend.tests.test_rbac_system.TestRBACAccountingAccess" name="test_owner_can_toggle_admin_accounting_flag" time="0.717" /><testcase classname="backend.tests.test_rbac_system.TestRBACAccountingAccess" name="test_admin_cannot_access_accounting_when_flag_false" time="0.884" /><testcase classname="backend.tests.test_rbac_system.TestRBACAccountingAccess" name="test_admin_can_access_accounting_when_flag_true" time="1.133" /><testcase classname="backend.tests.test_rbac_system.TestRBACPermissionsEndpoint" name="test_owner_permissions_endpoint" time="0.454" /><testcase classname="backend.tests.test_rbac_system.TestRBACPermissionsEndpoint" name="test_admin_permissions_endpoint" time="0.925" /><testcase classname="backend.tests.test_rbac_system.TestRBACPermissionsEndpoint" name="test_admin_permissions_with_accounting_enabled" time="1.067" /><testcase classname="backend.tests.test_rbac_system.TestRBACMeEndpoint" name="test_owner_me_includes_permissions" time="0.489" /><testcase classname="backend.tests.test_rbac_system.TestRBACMeEndpoint" name="test_admin_me_includes_permissions" time="0.462" /></testsuite></testsuites>