<?xml version="1.0" encoding="utf-8"?><testsuites name="pytest tests"><testsuite name="pytest" errors="0" failures="0" skipped="0" tests="18" time="3.536" timestamp="2026-03-11T04:10:14.351131+00:00" hostname="agent-env-51fa20b9-6114-41c6-ac68-e8cc41cfe0f3"><testcase classname="backend.tests.test_grades_module.TestGradeConfig" name="test_get_eval_config" time="0.489" /><testcase classname="backend.tests.test_grades_module.TestGradeConfig" name="test_get_config_requires_auth" time="0.133" /><testcase classname="backend.tests.test_grades_module.TestGradeRegister" name="test_get_grade_register" time="0.117" /><testcase classname="backend.tests.test_grades_module.TestGradeRegister" name="test_get_register_requires_auth" time="0.117" /><testcase classname="backend.tests.test_grades_module.TestGradeSave" name="test_save_grades" time="0.336" /><testcase classname="backend.tests.test_grades_module.TestGradeSave" name="test_autosave_grades" time="0.218" /><testcase classname="backend.tests.test_grades_module.TestGradeSave" name="test_save_grades_validation" time="0.321" /><testcase classname="backend.tests.test_grades_module.TestGradeSave" name="test_save_requires_auth" time="0.110" /><testcase classname="backend.tests.test_grades_module.TestGradeLocking" name="test_lock_period" time="0.237" /><testcase classname="backend.tests.test_grades_module.TestGradeLocking" name="test_unlock_period_admin" time="0.223" /><testcase classname="backend.tests.test_grades_module.TestGradeLocking" name="test_lock_requires_auth" time="0.113" /><testcase classname="backend.tests.test_grades_module.TestGradeLocking" name="test_unlock_requires_auth" time="0.149" /><testcase classname="backend.tests.test_grades_module.TestConsolidated" name="test_get_consolidated" time="0.113" /><testcase classname="backend.tests.test_grades_module.TestConsolidated" name="test_consolidated_requires_auth" time="0.105" /><testcase classname="backend.tests.test_grades_module.TestConsolidated" name="test_consolidated_invalid_section" time="0.100" /><testcase classname="backend.tests.test_grades_module.TestConsolidatedExport" name="test_export_excel" time="0.124" /><testcase classname="backend.tests.test_grades_module.TestConsolidatedExport" name="test_export_requires_auth" time="0.105" /><testcase classname="backend.tests.test_grades_module.TestFinalGradeCalculation" name="test_final_grade_calculated_on_save" time="0.335" /></testsuite></testsuites>