<?xml version="1.0" encoding="utf-8"?><testsuites name="pytest tests"><testsuite name="pytest" errors="0" failures="0" skipped="0" tests="9" time="5.798" timestamp="2026-04-03T18:29:18.582312+00:00" hostname="agent-env-cb458b91-68a6-4ea1-bb8a-dbee799899e8"><testcase classname="backend.tests.test_bulk_safe_delete.TestBulkSafeDelete" name="test_login_success" time="0.378" /><testcase classname="backend.tests.test_bulk_safe_delete.TestBulkSafeDelete" name="test_bulk_delete_analysis_mode" time="0.754" /><testcase classname="backend.tests.test_bulk_safe_delete.TestBulkSafeDelete" name="test_bulk_delete_finds_estudiante_role" time="0.714" /><testcase classname="backend.tests.test_bulk_safe_delete.TestBulkSafeDelete" name="test_bulk_delete_finds_students_with_null_turno" time="0.727" /><testcase classname="backend.tests.test_bulk_safe_delete.TestBulkSafeDelete" name="test_bulk_delete_confirm_deletes_students" time="0.808" /><testcase classname="backend.tests.test_bulk_safe_delete.TestBulkSafeDelete" name="test_bulk_delete_descriptive_error_wrong_turno" time="0.764" /><testcase classname="backend.tests.test_bulk_safe_delete.TestBulkSafeDelete" name="test_bulk_delete_no_students_error" time="0.402" /><testcase classname="backend.tests.test_bulk_safe_delete.TestBulkSafeDelete" name="test_bulk_delete_blocked_students_with_activity" time="0.751" /><testcase classname="backend.tests.test_bulk_safe_delete.TestFrontendStudentCount" name="test_get_users_returns_both_student_roles" time="0.439" /></testsuite></testsuites>