<?xml version="1.0" encoding="utf-8"?><testsuites name="pytest tests"><testsuite name="pytest" errors="0" failures="0" skipped="0" tests="10" time="4.112" timestamp="2026-02-17T16:59:04.076921+00:00" hostname="agent-env-62c3f573-46fb-4608-b621-bf3f6a7e72b8"><testcase classname="backend.tests.test_google_drive_upload.TestGoogleDriveUploadEndpoints" name="test_upload_to_drive_endpoint_requires_auth" time="0.286" /><testcase classname="backend.tests.test_google_drive_upload.TestGoogleDriveUploadEndpoints" name="test_upload_to_drive_endpoint_exists" time="0.907" /><testcase classname="backend.tests.test_google_drive_upload.TestGoogleDriveUploadEndpoints" name="test_materials_upload_endpoint_requires_auth" time="0.232" /><testcase classname="backend.tests.test_google_drive_upload.TestGoogleDriveUploadEndpoints" name="test_materials_upload_endpoint_exists" time="0.121" /><testcase classname="backend.tests.test_google_drive_upload.TestGoogleDriveUploadEndpoints" name="test_upload_to_drive_requires_file_and_subject_id" time="0.368" /><testcase classname="backend.tests.test_google_drive_upload.TestGoogleDriveUploadEndpoints" name="test_materials_upload_requires_title" time="0.135" /><testcase classname="backend.tests.test_google_drive_upload.TestGoogleDriveUploadEndpoints" name="test_upload_to_drive_validates_file_extension" time="0.146" /><testcase classname="backend.tests.test_google_drive_upload.TestGoogleDriveUploadEndpoints" name="test_endpoint_response_structure_difference" time="0.411" /><testcase classname="backend.tests.test_google_drive_upload.TestDatabaseRecordCreation" name="test_materials_upload_creates_course_post_record" time="0.974" /><testcase classname="backend.tests.test_google_drive_upload.TestGoogleDriveStatus" name="test_drive_status_endpoint_exists" time="0.481" /></testsuite></testsuites>