<?xml version="1.0" encoding="utf-8"?><testsuites name="pytest tests"><testsuite name="pytest" errors="0" failures="0" skipped="1" tests="16" time="6.008" timestamp="2026-04-07T23:51:23.696509+00:00" hostname="agent-env-6b981a60-0dd0-4b8d-a866-00bd2574240e"><testcase classname="backend.tests.test_coordinacion_phase2_blockers.TestBlockerIsolation" name="test_blocker_1_parent_only_sees_child_incidencias" time="0.963" /><testcase classname="backend.tests.test_coordinacion_phase2_blockers.TestBlockerIsolation" name="test_blocker_2_parent_cannot_access_other_student_incidencia" time="0.315"><skipped type="pytest.skip" message="No incidencias found for other students to test isolation">/app/backend/tests/test_coordinacion_phase2_blockers.py:138: No incidencias found for other students to test isolation</skipped></testcase><testcase classname="backend.tests.test_coordinacion_phase2_blockers.TestBlockerIsolation" name="test_blocker_3_confidential_incidencias_hidden_from_parent" time="0.329" /><testcase classname="backend.tests.test_coordinacion_phase2_blockers.TestBlockerIsolation" name="test_blocker_4_internal_incidencias_hidden_from_parent" time="0.340" /><testcase classname="backend.tests.test_coordinacion_phase2_blockers.TestBlockerIsolation" name="test_blocker_5_multi_school_isolation" time="0.251" /><testcase classname="backend.tests.test_coordinacion_phase2_blockers.TestBlockerIsolation" name="test_blocker_6a_jwt_invalid_token_rejected" time="0.396" /><testcase classname="backend.tests.test_coordinacion_phase2_blockers.TestBlockerIsolation" name="test_blocker_6b_jwt_wrong_parent_rejected" time="0.499" /><testcase classname="backend.tests.test_coordinacion_phase2_blockers.TestFichaEndpoint" name="test_ficha_returns_unified_timeline" time="0.438" /><testcase classname="backend.tests.test_coordinacion_phase2_blockers.TestFichaEndpoint" name="test_ficha_pagination" time="0.127" /><testcase classname="backend.tests.test_coordinacion_phase2_blockers.TestAgendaEndpoint" name="test_agenda_returns_events_with_source" time="0.453" /><testcase classname="backend.tests.test_coordinacion_phase2_blockers.TestAgendaEndpoint" name="test_agenda_conflict_check" time="0.121" /><testcase classname="backend.tests.test_coordinacion_phase2_blockers.TestParentEndpoints" name="test_parent_students_endpoint" time="0.468" /><testcase classname="backend.tests.test_coordinacion_phase2_blockers.TestParentEndpoints" name="test_parent_reuniones_endpoint" time="0.107" /><testcase classname="backend.tests.test_coordinacion_phase2_blockers.TestParentEndpoints" name="test_parent_intranet_confirm" time="0.221" /><testcase classname="backend.tests.test_coordinacion_phase2_blockers.TestStudentEndpoints" name="test_student_compromisos_endpoint_requires_student_role" time="0.472" /><testcase classname="backend.tests.test_coordinacion_phase2_blockers.TestCleanup" name="test_cleanup_test_data" time="0.436" /></testsuite></testsuites>