<?xml version="1.0" encoding="utf-8"?><testsuites name="pytest tests"><testsuite name="pytest" errors="0" failures="0" skipped="0" tests="3" time="2.086" timestamp="2026-06-14T16:19:40.200149+00:00" hostname="agent-env-8f1ea020-3dcd-4e64-bc53-e2fd03b75b9d"><testcase classname="backend.tests.test_exam_evidence_modes" name="test_create_and_update_persists_evidence_mode" time="0.654" /><testcase classname="backend.tests.test_exam_evidence_modes" name="test_submit_gate_end_mode" time="0.566" /><testcase classname="backend.tests.test_exam_evidence_modes" name="test_submit_gate_per_question_mode" time="0.676" /></testsuite></testsuites>