<?xml version="1.0" encoding="utf-8"?><testsuites name="pytest tests"><testsuite name="pytest" errors="0" failures="0" skipped="0" tests="9" time="2.508" timestamp="2026-04-07T19:48:12.684250+00:00" hostname="agent-env-5268eaff-6f04-4a13-9723-93e31202a831"><testcase classname="backend.tests.test_attendance_justification.TestJustificationReasons" name="test_get_justification_reasons_returns_6_reasons" time="0.166" /><testcase classname="backend.tests.test_attendance_justification.TestJustifyAttendance" name="test_justify_attendance_success" time="0.835" /><testcase classname="backend.tests.test_attendance_justification.TestJustifyAttendance" name="test_justify_attendance_without_note" time="0.109" /><testcase classname="backend.tests.test_attendance_justification.TestJustifyAttendance" name="test_justify_attendance_invalid_reason_returns_400" time="0.113" /><testcase classname="backend.tests.test_attendance_justification.TestJustifyAttendance" name="test_justify_attendance_note_exceeds_500_chars_returns_400" time="0.111" /><testcase classname="backend.tests.test_attendance_justification.TestJustifyAttendance" name="test_justify_attendance_without_auth_returns_401" time="0.133" /><testcase classname="backend.tests.test_attendance_justification.TestJustifyAttendance" name="test_teacher_can_justify_attendance" time="0.440" /><testcase classname="backend.tests.test_attendance_justification.TestJustificationFieldsInStudentList" name="test_students_endpoint_returns_justification_fields" time="0.273" /><testcase classname="backend.tests.test_attendance_justification.TestTeacherPortalJustificationFields" name="test_teacher_attendance_returns_justification_fields" time="0.275" /></testsuite></testsuites>