<?xml version="1.0" encoding="utf-8"?><testsuites name="pytest tests"><testsuite name="pytest" errors="0" failures="0" skipped="0" tests="18" time="3.282" timestamp="2026-03-21T19:58:01.985134+00:00" hostname="agent-env-b251dc91-caa2-4696-bb8c-ee4c907afe87"><testcase classname="backend.tests.test_discount_system.TestDiscountSystem" name="test_01_get_discount_types_returns_seed_types" time="0.499" /><testcase classname="backend.tests.test_discount_system.TestDiscountSystem" name="test_02_create_discount_type_manual" time="0.113" /><testcase classname="backend.tests.test_discount_system.TestDiscountSystem" name="test_03_create_discount_type_fixed_amount" time="0.128" /><testcase classname="backend.tests.test_discount_system.TestDiscountSystem" name="test_04_update_discount_type" time="0.113" /><testcase classname="backend.tests.test_discount_system.TestDiscountSystem" name="test_05_create_duplicate_name_fails" time="0.106" /><testcase classname="backend.tests.test_discount_system.TestDiscountSystem" name="test_06_percentage_over_100_fails" time="0.097" /><testcase classname="backend.tests.test_discount_system.TestDiscountSystem" name="test_07_sync_sibling_discounts" time="0.112" /><testcase classname="backend.tests.test_discount_system.TestDiscountSystem" name="test_08_find_student_with_siblings" time="0.143" /><testcase classname="backend.tests.test_discount_system.TestDiscountSystem" name="test_09_get_student_siblings" time="0.132" /><testcase classname="backend.tests.test_discount_system.TestDiscountSystem" name="test_10_get_student_discounts" time="0.109" /><testcase classname="backend.tests.test_discount_system.TestDiscountSystem" name="test_11_get_student_pension" time="0.106" /><testcase classname="backend.tests.test_discount_system.TestDiscountSystem" name="test_12_assign_manual_discount_to_student" time="0.115" /><testcase classname="backend.tests.test_discount_system.TestDiscountSystem" name="test_13_cannot_assign_automatic_discount_manually" time="0.267" /><testcase classname="backend.tests.test_discount_system.TestDiscountSystem" name="test_14_remove_manual_discount" time="0.102" /><testcase classname="backend.tests.test_discount_system.TestDiscountSystem" name="test_15_cannot_remove_automatic_discount" time="0.266" /><testcase classname="backend.tests.test_discount_system.TestDiscountSystem" name="test_16_delete_discount_type_with_assignments_fails" time="0.252" /><testcase classname="backend.tests.test_discount_system.TestDiscountSystem" name="test_17_delete_unassigned_discount_type" time="0.210" /><testcase classname="backend.tests.test_discount_system.TestDiscountSystem" name="test_99_cleanup_test_data" time="0.329" /></testsuite></testsuites>