<?xml version="1.0" encoding="utf-8"?><testsuites name="pytest tests"><testsuite name="pytest" errors="0" failures="0" skipped="1" tests="9" time="1.960" timestamp="2026-05-13T04:02:04.850693+00:00" hostname="agent-env-7b58da92-f019-4bc9-bf65-8c47d1de6fc8"><testcase classname="backend.tests.test_curricular_areas_sprint_c.TestListScopeFields" name="test_list_includes_scope_fields" time="0.889" /><testcase classname="backend.tests.test_curricular_areas_sprint_c.TestListScopeFields" name="test_minedu_areas_are_global" time="0.060" /><testcase classname="backend.tests.test_curricular_areas_sprint_c.TestCreateScopedArea" name="test_create_with_scope_returns_label" time="0.157" /><testcase classname="backend.tests.test_curricular_areas_sprint_c.TestUpdateScope" name="test_update_scope_three_cases" time="0.267" /><testcase classname="backend.tests.test_curricular_areas_sprint_c.TestCreateGlobalArea" name="test_empty_scope_is_global" time="0.099" /><testcase classname="backend.tests.test_curricular_areas_sprint_c.TestCreateGlobalArea" name="test_no_scope_field_is_global" time="0.047" /><testcase classname="backend.tests.test_curricular_areas_sprint_c.TestRegressionShortcuts" name="test_shortcuts_shape_preserved" time="0.000" /><testcase classname="backend.tests.test_curricular_areas_sprint_c.TestRegressionAreaSubjects" name="test_grade_breakdown_intact" time="0.105" /><testcase classname="backend.tests.test_curricular_areas_sprint_c.TestRegressionLibreta" name="test_consolidated_lives" time="0.258"><skipped type="pytest.skip" message="sections endpoint unavailable: 404">/app/backend/tests/test_curricular_areas_sprint_c.py:216: sections endpoint unavailable: 404</skipped></testcase></testsuite></testsuites>