<?xml version="1.0" encoding="utf-8"?><testsuites name="pytest tests"><testsuite name="pytest" errors="0" failures="0" skipped="1" tests="13" time="2.034" timestamp="2026-05-13T03:18:33.498051+00:00" hostname="agent-env-7b58da92-f019-4bc9-bf65-8c47d1de6fc8"><testcase classname="backend.tests.test_curricular_areas_sprint_b.TestGradeShortcuts" name="test_response_shape" time="0.660" /><testcase classname="backend.tests.test_curricular_areas_sprint_b.TestGradeShortcuts" name="test_all_shortcut_present" time="0.001" /><testcase classname="backend.tests.test_curricular_areas_sprint_b.TestGradeShortcuts" name="test_level_shortcuts" time="0.000" /><testcase classname="backend.tests.test_curricular_areas_sprint_b.TestGradeShortcuts" name="test_grades_have_fields" time="0.000" /><testcase classname="backend.tests.test_curricular_areas_sprint_b.TestGradeShortcuts" name="test_secondary_subshortcuts" time="0.000" /><testcase classname="backend.tests.test_curricular_areas_sprint_b.TestAreaSubjectsBreakdown" name="test_subjects_with_breakdown" time="0.134" /><testcase classname="backend.tests.test_curricular_areas_sprint_b.TestAreaSubjectsBreakdown" name="test_page_size_200_no_422" time="0.079" /><testcase classname="backend.tests.test_curricular_areas_sprint_b.TestAreaSubjectsBreakdown" name="test_page_size_over_200_returns_422" time="0.073" /><testcase classname="backend.tests.test_curricular_areas_sprint_b.TestAvailableSubjectsGradeFilter" name="test_no_filter" time="0.052" /><testcase classname="backend.tests.test_curricular_areas_sprint_b.TestAvailableSubjectsGradeFilter" name="test_with_grade_ids_filter" time="0.138" /><testcase classname="backend.tests.test_curricular_areas_sprint_b.TestLinkUnlinkScoped" name="test_round_trip_unlink_then_link" time="0.351" /><testcase classname="backend.tests.test_curricular_areas_sprint_b.TestLinkUnlinkScoped" name="test_unlink_by_subject_ids_legacy" time="0.355" /><testcase classname="backend.tests.test_curricular_areas_sprint_b.TestConsolidatedRegression" name="test_consolidated_endpoint_lives" time="0.099"><skipped type="pytest.skip" message="sections endpoint not available: 404">/app/backend/tests/test_curricular_areas_sprint_b.py:283: sections endpoint not available: 404</skipped></testcase></testsuite></testsuites>