<?xml version="1.0" encoding="utf-8"?><testsuites name="pytest tests"><testsuite name="pytest" errors="0" failures="0" skipped="2" tests="14" time="4.745" timestamp="2026-05-18T20:45:48.090513+00:00" hostname="agent-env-23a18649-5da5-4375-95b4-223292df2f9d"><testcase classname="backend.tests.test_teacher_manual_grades_and_conduct_padres.TestHealth" name="test_health" time="0.189" /><testcase classname="backend.tests.test_teacher_manual_grades_and_conduct_padres.TestTeacherGradesManual" name="test_save_manual_grade_upsert" time="1.394" /><testcase classname="backend.tests.test_teacher_manual_grades_and_conduct_padres.TestTeacherGradesManual" name="test_get_manual_grade_returns_source_manual" time="0.117" /><testcase classname="backend.tests.test_teacher_manual_grades_and_conduct_padres.TestTeacherGradesManual" name="test_idempotent_upsert" time="0.432" /><testcase classname="backend.tests.test_teacher_manual_grades_and_conduct_padres.TestTeacherGradesManual" name="test_null_grade_unsets_manual" time="0.287" /><testcase classname="backend.tests.test_teacher_manual_grades_and_conduct_padres.TestTeacherGradesManual" name="test_invalid_period_400" time="0.123" /><testcase classname="backend.tests.test_teacher_manual_grades_and_conduct_padres.TestTeacherGradesManual" name="test_invalid_grade_range_400" time="0.131" /><testcase classname="backend.tests.test_teacher_manual_grades_and_conduct_padres.TestTeacherGradesManual" name="test_no_assignment_403" time="0.494" /><testcase classname="backend.tests.test_teacher_manual_grades_and_conduct_padres.TestConsolidadoPrefersManual" name="test_consolidado_uses_manual_value" time="0.156"><skipped type="pytest.skip" message="No students live in sonia's section 18dd37fa-79d6-4b38-b5a2-46deeb1b00fe; cannot E2E test consolidado">/app/backend/tests/test_teacher_manual_grades_and_conduct_padres.py:224: No students live in sonia's section 18dd37fa-79d6-4b38-b5a2-46deeb1b00fe; cannot E2E test consolidado</skipped></testcase><testcase classname="backend.tests.test_teacher_manual_grades_and_conduct_padres.TestSettingsShowPadresGrade" name="test_default_get_settings_returns_field" time="0.161" /><testcase classname="backend.tests.test_teacher_manual_grades_and_conduct_padres.TestSettingsShowPadresGrade" name="test_put_settings_roles_persists_show_padres_grade" time="0.403" /><testcase classname="backend.tests.test_teacher_manual_grades_and_conduct_padres.TestConductPadresLetra" name="test_put_conduct_with_padres_letra_A" time="0.107"><skipped type="pytest.skip" message="Period closed (snapshot exists); cannot upsert conduct">/app/backend/tests/test_teacher_manual_grades_and_conduct_padres.py:316: Period closed (snapshot exists); cannot upsert conduct</skipped></testcase><testcase classname="backend.tests.test_teacher_manual_grades_and_conduct_padres.TestConductPadresLetra" name="test_put_conduct_inconsistent_padres_returns_400_with_prefix" time="0.149" /><testcase classname="backend.tests.test_teacher_manual_grades_and_conduct_padres.TestLibretaShowPadresGrade" name="test_libreta_includes_metadata_show_padres_grade" time="0.520" /></testsuite></testsuites>