<?xml version="1.0" encoding="utf-8"?><testsuites name="pytest tests"><testsuite name="pytest" errors="0" failures="0" skipped="0" tests="9" time="4.715" timestamp="2026-05-13T20:07:42.220066+00:00" hostname="agent-env-4e636298-baf8-46ab-95fd-8e7a0e3840b1"><testcase classname="backend.tests.test_tutoring_admin_phase_b.TestTutoringOverview" name="test_overview_returns_rows_and_summary" time="0.972" /><testcase classname="backend.tests.test_tutoring_admin_phase_b.TestTutoringOverview" name="test_overview_with_period_id" time="0.400" /><testcase classname="backend.tests.test_tutoring_admin_phase_b.TestPermissions" name="test_no_auth_returns_401_or_403" time="0.161" /><testcase classname="backend.tests.test_tutoring_admin_phase_b.TestPermissions" name="test_transfer_no_auth" time="0.138" /><testcase classname="backend.tests.test_tutoring_admin_phase_b.TestAssignAndTransfer" name="test_single_assign_then_change_then_remove" time="1.615" /><testcase classname="backend.tests.test_tutoring_admin_phase_b.TestAssignAndTransfer" name="test_bulk_transfer_and_restore" time="0.691" /><testcase classname="backend.tests.test_tutoring_admin_phase_b.TestAssignAndTransfer" name="test_transfer_invalid_section" time="0.151" /><testcase classname="backend.tests.test_tutoring_admin_phase_b.TestAssignAndTransfer" name="test_transfer_empty_section_ids" time="0.150" /><testcase classname="backend.tests.test_tutoring_admin_phase_b.TestTeacherTutorings" name="test_teacher_tutorings" time="0.353" /></testsuite></testsuites>