<?xml version="1.0" encoding="utf-8"?><testsuites name="pytest tests"><testsuite name="pytest" errors="0" failures="0" skipped="1" tests="10" time="3.378" timestamp="2026-05-13T20:24:34.259285+00:00" hostname="agent-env-4e636298-baf8-46ab-95fd-8e7a0e3840b1"><testcase classname="backend.tests.test_tutoring_admin_phase_c.TestMisTutoriasSections" name="test_admin_sees_all_sections" time="0.680" /><testcase classname="backend.tests.test_tutoring_admin_phase_c.TestMisTutoriasSections" name="test_no_auth_returns_401_or_403" time="0.123" /><testcase classname="backend.tests.test_tutoring_admin_phase_c.TestMisTutoriasBulk" name="test_bulk_returns_students_and_period" time="0.705" /><testcase classname="backend.tests.test_tutoring_admin_phase_c.TestMisTutoriasBulk" name="test_bulk_missing_params_returns_4xx" time="0.117" /><testcase classname="backend.tests.test_tutoring_admin_phase_c.TestMisTutoriasConsolidated" name="test_admin_can_access_consolidated" time="0.264" /><testcase classname="backend.tests.test_tutoring_admin_phase_c.TestMisTutoriasConsolidated" name="test_consolidated_no_auth" time="0.161" /><testcase classname="backend.tests.test_tutoring_admin_phase_c.TestClosedPeriodLock" name="test_put_tutor_comment_on_closed_returns_423" time="0.545" /><testcase classname="backend.tests.test_tutoring_admin_phase_c.TestClosedPeriodLock" name="test_put_conduct_on_closed_returns_423" time="0.383" /><testcase classname="backend.tests.test_tutoring_admin_phase_c.TestTutoringOverviewCard" name="test_overview_summary_for_dashboard_card" time="0.150" /><testcase classname="backend.tests.test_tutoring_admin_phase_c.TestTutorBadgeData" name="test_tutor_assignments_exist_for_robles" time="0.176"><skipped type="pytest.skip" message="Robles teacher not present">/app/backend/tests/test_tutoring_admin_phase_c.py:265: Robles teacher not present</skipped></testcase></testsuite></testsuites>