<?xml version="1.0" encoding="utf-8"?><testsuites name="pytest tests"><testsuite name="pytest" errors="0" failures="0" skipped="0" tests="6" time="3.546" timestamp="2026-06-24T18:48:01.413037+00:00" hostname="agent-env-94b750b6-548d-418b-b856-3b578efad766"><testcase classname="backend.tests.test_welcome_letters" name="test_welcome_info" time="0.591" /><testcase classname="backend.tests.test_welcome_letters" name="test_welcome_sync_download" time="0.459" /><testcase classname="backend.tests.test_welcome_letters" name="test_welcome_job_flow_and_download" time="2.110" /><testcase classname="backend.tests.test_welcome_letters" name="test_welcome_job_download_nonexistent_returns_404" time="0.124" /><testcase classname="backend.tests.test_welcome_letters" name="test_welcome_job_status_nonexistent_returns_404" time="0.112" /><testcase classname="backend.tests.test_welcome_letters" name="test_welcome_unauthenticated_blocked" time="0.094" /></testsuite></testsuites>