<?xml version="1.0" encoding="utf-8"?><testsuites name="pytest tests"><testsuite name="pytest" errors="0" failures="0" skipped="0" tests="6" time="3.339" timestamp="2026-06-24T18:29:19.696068+00:00" hostname="agent-env-94b750b6-548d-418b-b856-3b578efad766"><testcase classname="tests.test_welcome_letters" name="test_welcome_info" time="0.522" /><testcase classname="tests.test_welcome_letters" name="test_welcome_sync_download" time="0.379" /><testcase classname="tests.test_welcome_letters" name="test_welcome_job_flow_and_download" time="2.073" /><testcase classname="tests.test_welcome_letters" name="test_welcome_job_download_nonexistent_returns_404" time="0.102" /><testcase classname="tests.test_welcome_letters" name="test_welcome_job_status_nonexistent_returns_404" time="0.104" /><testcase classname="tests.test_welcome_letters" name="test_welcome_unauthenticated_blocked" time="0.106" /></testsuite></testsuites>